#
# A fatal error has been detected by the Java Runtime Environment:
#
#  EXCEPTION_ACCESS_VIOLATION (0xc0000005) at pc=0x00007ff851f27ffc, pid=8684, tid=24492
#
# JRE version: OpenJDK Runtime Environment (15.0.1+9) (build 15.0.1+9-18)
# Java VM: OpenJDK 64-Bit Server VM (15.0.1+9-18, mixed mode, tiered, compressed oops, g1 gc, windows-amd64)
# Problematic frame:
# V  [jvm.dll+0x6a7ffc]
#
# No core dump will be written. Minidumps are not enabled by default on client versions of Windows
#
# If you would like to submit a bug report, please visit:
#   https://bugreport.java.com/bugreport/crash.jsp
#

---------------  S U M M A R Y ------------

Command Line: -XX:+ShowCodeDetailsInExceptionMessages -agentlib:jdwp=transport=dt_socket,suspend=y,address=localhost:56677 -Dcom.sun.management.jmxremote -Dcom.sun.management.jmxremote.port=56671 -Dcom.sun.management.jmxremote.authenticate=false -Dcom.sun.management.jmxremote.ssl=false -Djava.rmi.server.hostname=localhost -Dspring.jmx.enabled=true -Dspring.application.admin.enabled=true -XX:TieredStopAtLevel=1 -Dspring.boot.project.name=SignUpAutomation -javaagent:C:\Users\ADMIN\Downloads\sts-4.9.0.RELEASE\configuration\org.eclipse.osgi\262\0\.cp\lib\javaagent-shaded.jar -Dfile.encoding=UTF-8 isSignup.TryAgain --spring.output.ansi.enabled=always

Host: Intel(R) Core(TM) i5-4300U CPU @ 1.90GHz, 4 cores, 7G,  Windows 10 , 64 bit Build 19041 (10.0.19041.1806)
Time: Mon Jul 25 13:01:47 2022 India Standard Time elapsed time: 2341.712674 seconds (0d 0h 39m 1s)

---------------  T H R E A D  ---------------

Current thread (0x000001f195e6ea30):  GCTaskThread "GC Thread#0" [stack: 0x0000009757400000,0x0000009757500000] [id=24492]

Stack: [0x0000009757400000,0x0000009757500000],  sp=0x00000097574fd6a0,  free space=1013k
Native frames: (J=compiled Java code, j=interpreted, Vv=VM code, C=native code)
V  [jvm.dll+0x6a7ffc]
V  [jvm.dll+0x30015f]
V  [jvm.dll+0x30229b]
V  [jvm.dll+0x3028ee]
V  [jvm.dll+0x2fff9f]
V  [jvm.dll+0x2ff24a]
V  [jvm.dll+0x619c80]
V  [jvm.dll+0x61a4e4]
V  [jvm.dll+0x5df027]
V  [jvm.dll+0x29443b]
V  [jvm.dll+0x293d00]
V  [jvm.dll+0x742617]
V  [jvm.dll+0x742a6e]
V  [jvm.dll+0x2e20ec]
V  [jvm.dll+0x2e1f58]
V  [jvm.dll+0x2aad64]
V  [jvm.dll+0x2accfd]
V  [jvm.dll+0x7adba0]
V  [jvm.dll+0x73d65a]
V  [jvm.dll+0x629c56]
C  [ucrtbase.dll+0x21bb2]
C  [KERNEL32.DLL+0x17034]
C  [ntdll.dll+0x52651]

JavaThread 0x000001f198059670 (nid = 16588) was being processed
Java frames: (J=compiled Java code, j=interpreted, Vv=VM code)
j  isSignup.TryAgain.main([Ljava/lang/String;)V+135
v  ~StubRoutines::call_stub

siginfo: EXCEPTION_ACCESS_VIOLATION (0xc0000005), reading address 0xffffffffffffffff


Register to memory mapping:

RIP=0x00007ff851f27ffc jvm.dll
RAX=0x6401010101010101 is an unknown value
RBX=0x0 is NULL
RCX=0x00000097574fd6c0 points into unknown readable memory: 0x6401010101010101 | 01 01 01 01 01 01 01 64
RDX=0x000000000000b2f1 is an unknown value
RSP=0x00000097574fd6a0 points into unknown readable memory: 0x0000000000000000 | 00 00 00 00 00 00 00 00
RBP=0x00000097574fd800 points into unknown readable memory: 0xffffffffffffffff | ff ff ff ff ff ff ff ff
RSI=0x0000000000000001 is an unknown value
RDI=0x00000097574fde10 points into unknown readable memory: 0x00007ff85214cb70 | 70 cb 14 52 f8 7f 00 00
R8 =0x0 is NULL
R9 =0x000001f1b3538f20 is pointing into metadata
R10=0x00007ff851880000 jvm.dll
R11={method} {0x000001f1b3539d30} 'main' '([Ljava/lang/String;)V' in 'isSignup/TryAgain'
R12=0x00007ff851880000 jvm.dll
R13=0x000001f198067488 points into unknown readable memory: 0x000000b300000000 | 00 00 00 00 b3 00 00 00
R14=0x00000097574fd730 points into unknown readable memory: 0x6401010101010101 | 01 01 01 01 01 01 01 64
R15=0x0000000000000139 is an unknown value


Registers:
RAX=0x6401010101010101, RBX=0x0000000000000000, RCX=0x00000097574fd6c0, RDX=0x000000000000b2f1
RSP=0x00000097574fd6a0, RBP=0x00000097574fd800, RSI=0x0000000000000001, RDI=0x00000097574fde10
R8 =0x0000000000000000, R9 =0x000001f1b3538f20, R10=0x00007ff851880000, R11=0x000001f1b3539d28
R12=0x00007ff851880000, R13=0x000001f198067488, R14=0x00000097574fd730, R15=0x0000000000000139
RIP=0x00007ff851f27ffc, EFLAGS=0x0000000000010246

Top of Stack: (sp=0x00000097574fd6a0)
0x00000097574fd6a0:   0000000000000000 0000000000000000
0x00000097574fd6b0:   00000097574fde10 0000000000000000
0x00000097574fd6c0:   6401010101010101 00007ff851a8e8fe
0x00000097574fd6d0:   0000000000000001 0000000000000000
0x00000097574fd6e0:   000001f1b1764740 0000000000000000
0x00000097574fd6f0:   000001f1b3539b80 00007ff851b8015f
0x00000097574fd700:   0000000000000000 0000000000000001
0x00000097574fd710:   0000000000000000 0000000000000000
0x00000097574fd720:   0000000000000000 0000000000000000
0x00000097574fd730:   6401010101010101 0000000000000063
0x00000097574fd740:   0000000000000000 00000097574fd788
0x00000097574fd750:   0000000000000000 000001f1b176a2c8
0x00000097574fd760:   0000000300000002 0000000000000003
0x00000097574fd770:   000000030000000e 000001f1b1764740
0x00000097574fd780:   0000000000000000 0000000000000000
0x00000097574fd790:   0000000000000000 0000000000000000 

Instructions: (pc=0x00007ff851f27ffc)
0x00007ff851f27efc:   47 1c 03 00 00 00 44 89 47 0c 44 89 47 08 44 3b
0x00007ff851f27f0c:   c3 7c 17 c7 47 1c ff ff ff ff 48 8b 5c 24 30 48
0x00007ff851f27f1c:   8b 74 24 38 48 83 c4 20 5f c3 0f be 4c 30 07 e8
0x00007ff851f27f2c:   e0 fb ff ff 48 83 c6 06 89 47 18 83 e8 0c 74 50
0x00007ff851f27f3c:   83 f8 01 75 34 49 63 c0 48 3b c3 7d 18 0f 1f 80
0x00007ff851f27f4c:   00 00 00 00 80 3c 30 5b 75 0b 41 ff c0 48 ff c0
0x00007ff851f27f5c:   48 3b c3 7c ef 49 63 c8 41 8b c0 2b 47 0c 48 03
0x00007ff851f27f6c:   ce 89 47 14 80 39 4c 74 1d 41 8d 58 01 89 5f 0c
0x00007ff851f27f7c:   48 8b 5c 24 30 48 8b 74 24 38 48 83 c4 20 5f c3
0x00007ff851f27f8c:   49 63 c8 48 03 ce 8b c3 ba 3b 00 00 00 41 2b c0
0x00007ff851f27f9c:   4c 63 c0 e8 bc 19 13 00 48 85 c0 74 06 8b d8 2b
0x00007ff851f27fac:   de ff c3 48 8b 74 24 38 89 5f 0c 48 8b 5c 24 30
0x00007ff851f27fbc:   48 83 c4 20 5f c3 cc cc cc cc cc cc cc cc cc cc
0x00007ff851f27fcc:   cc cc cc cc 41 56 48 83 ec 50 83 79 08 63 4c 8b
0x00007ff851f27fdc:   f1 0f 85 d3 00 00 00 48 8b 01 48 8d 4c 24 20 48
0x00007ff851f27fec:   89 44 24 20 48 89 5c 24 60 33 db 48 89 74 24 68
0x00007ff851f27ffc:   0f b7 40 04 89 44 24 30 48 8b 05 1d 02 42 00 48
0x00007ff851f2800c:   89 44 24 40 c7 44 24 3c 01 00 00 00 c7 44 24 2c
0x00007ff851f2801c:   01 00 00 00 c7 44 24 28 01 00 00 00 89 5c 24 34
0x00007ff851f2802c:   48 89 5c 24 48 e8 7a fe ff ff 48 8d 4c 24 20 e8
0x00007ff851f2803c:   b0 00 00 00 8b 44 24 38 48 8b 4c 24 40 41 89 46
0x00007ff851f2804c:   08 e8 fe e8 04 00 48 8b 74 24 48 48 85 f6 74 45
0x00007ff851f2805c:   39 1e 7e 41 48 89 7c 24 70 8b fb 66 0f 1f 84 00
0x00007ff851f2806c:   00 00 00 00 48 8b 4e 18 48 8b 0c 39 e8 d3 e8 04
0x00007ff851f2807c:   00 ff c3 48 8d 7f 08 3b 1e 7c e9 41 8b 46 08 48
0x00007ff851f2808c:   8b 7c 24 70 48 8b 5c 24 60 48 8b 74 24 68 48 83
0x00007ff851f2809c:   c4 50 41 5e c3 41 8b 46 08 48 8b 5c 24 60 48 8b
0x00007ff851f280ac:   74 24 68 48 83 c4 50 41 5e c3 8b 41 08 48 83 c4
0x00007ff851f280bc:   50 41 5e c3 48 8d 42 ff 48 83 f8 fd 77 14 48 3b
0x00007ff851f280cc:   51 10 74 19 48 89 51 10 48 d1 ea 83 e2 0f 89 51
0x00007ff851f280dc:   08 c3 48 89 51 10 c7 41 08 63 00 00 00 c3 cc cc
0x00007ff851f280ec:   cc cc cc cc 40 53 48 83 ec 20 8b 41 1c 48 8b d9 


Stack slot to memory mapping:
stack at sp + 0 slots: 0x0 is NULL
stack at sp + 1 slots: 0x0 is NULL
stack at sp + 2 slots: 0x00000097574fde10 points into unknown readable memory: 0x00007ff85214cb70 | 70 cb 14 52 f8 7f 00 00
stack at sp + 3 slots: 0x0 is NULL
stack at sp + 4 slots: 0x6401010101010101 is an unknown value
stack at sp + 5 slots: 0x00007ff851a8e8fe jvm.dll
stack at sp + 6 slots: 0x0000000000000001 is an unknown value
stack at sp + 7 slots: 0x0 is NULL


---------------  P R O C E S S  ---------------

Threads class SMR info:
_java_thread_list=0x000001f1b3fff570, length=29, elements={
0x000001f198059670, 0x000001f1b18c03a0, 0x000001f1b20f1010, 0x000001f1b18cafc0,
0x000001f1b18cd030, 0x000001f1b18ce900, 0x000001f1b20dcce0, 0x000001f1b20deac0,
0x000001f1b2281e40, 0x000001f1b22fe370, 0x000001f1b231d8c0, 0x000001f1b231ddb0,
0x000001f1b22814a0, 0x000001f1b2280fd0, 0x000001f1b2283180, 0x000001f1b22844c0,
0x000001f1b2283b20, 0x000001f1b2281970, 0x000001f1b2283ff0, 0x000001f1b2283650,
0x000001f1b3fdf9e0, 0x000001f1b3fe1b90, 0x000001f1b3fdeb70, 0x000001f1b3fde1d0,
0x000001f1b3fe2060, 0x000001f1b3fe2ed0, 0x000001f1b3fe33a0, 0x000001f1b3fdd830,
0x000001f1b3fe2a00
}

Java Threads: ( => current thread )
  0x000001f198059670 JavaThread "main" [_thread_blocked, id=16588, stack(0x0000009757300000,0x0000009757400000)]
  0x000001f1b18c03a0 JavaThread "Reference Handler" daemon [_thread_blocked, id=20364, stack(0x0000009757a00000,0x0000009757b00000)]
  0x000001f1b20f1010 JavaThread "Finalizer" daemon [_thread_blocked, id=4080, stack(0x0000009757b00000,0x0000009757c00000)]
  0x000001f1b18cafc0 JavaThread "Signal Dispatcher" daemon [_thread_blocked, id=5480, stack(0x0000009757c00000,0x0000009757d00000)]
  0x000001f1b18cd030 JavaThread "Attach Listener" daemon [_thread_blocked, id=24112, stack(0x0000009757d00000,0x0000009757e00000)]
  0x000001f1b18ce900 JavaThread "Service Thread" daemon [_thread_blocked, id=19908, stack(0x0000009757e00000,0x0000009757f00000)]
  0x000001f1b20dcce0 JavaThread "C1 CompilerThread0" daemon [_thread_blocked, id=24584, stack(0x0000009757f00000,0x0000009758000000)]
  0x000001f1b20deac0 JavaThread "Sweeper thread" daemon [_thread_blocked, id=24184, stack(0x0000009758000000,0x0000009758100000)]
  0x000001f1b2281e40 JavaThread "Common-Cleaner" daemon [_thread_blocked, id=23392, stack(0x0000009758100000,0x0000009758200000)]
  0x000001f1b22fe370 JavaThread "JDWP Transport Listener: dt_socket" daemon [_thread_blocked, id=12472, stack(0x0000009758300000,0x0000009758400000)]
  0x000001f1b231d8c0 JavaThread "JDWP Event Helper Thread" daemon [_thread_blocked, id=9028, stack(0x0000009758400000,0x0000009758500000)]
  0x000001f1b231ddb0 JavaThread "JDWP Command Reader" daemon [_thread_in_native, id=3748, stack(0x0000009758500000,0x0000009758600000)]
  0x000001f1b22814a0 JavaThread "Notification Thread" daemon [_thread_blocked, id=1612, stack(0x0000009758700000,0x0000009758800000)]
  0x000001f1b2280fd0 JavaThread "RMI TCP Accept-0" daemon [_thread_in_native, id=17144, stack(0x0000009758800000,0x0000009758900000)]
  0x000001f1b2283180 JavaThread "RMI TCP Accept-56671" daemon [_thread_in_native, id=26096, stack(0x0000009758900000,0x0000009758a00000)]
  0x000001f1b22844c0 JavaThread "RMI TCP Accept-0" daemon [_thread_in_native, id=7568, stack(0x0000009758a00000,0x0000009758b00000)]
  0x000001f1b2283b20 JavaThread "RMI Scheduler(0)" daemon [_thread_blocked, id=22768, stack(0x0000009758d00000,0x0000009758e00000)]
  0x000001f1b2281970 JavaThread "RMI TCP Connection(2)-127.0.0.1" daemon [_thread_blocked, id=17376, stack(0x0000009758e00000,0x0000009758f00000)]
  0x000001f1b2283ff0 JavaThread "JMX server connection timeout 23" daemon [_thread_blocked, id=10132, stack(0x0000009758f00000,0x0000009759000000)]
  0x000001f1b2283650 JavaThread "ForkJoinPool.commonPool-worker-3" daemon [_thread_blocked, id=26020, stack(0x0000009759000000,0x0000009759100000)]
  0x000001f1b3fdf9e0 JavaThread "AsyncHttpClient-1-1" daemon [_thread_blocked, id=17548, stack(0x0000009759100000,0x0000009759200000)]
  0x000001f1b3fe1b90 JavaThread "Exec Default Executor" daemon [_thread_in_native, id=1344, stack(0x0000009759200000,0x0000009759300000)]
  0x000001f1b3fdeb70 JavaThread "Driver Service Executor" daemon [_thread_blocked, id=25068, stack(0x0000009759300000,0x0000009759400000)]
  0x000001f1b3fde1d0 JavaThread "Driver Service Executor" daemon [_thread_blocked, id=25280, stack(0x0000009759400000,0x0000009759500000)]
  0x000001f1b3fe2060 JavaThread "Exec Stream Pumper" daemon [_thread_in_native, id=20236, stack(0x0000009759700000,0x0000009759800000)]
  0x000001f1b3fe2ed0 JavaThread "Exec Stream Pumper" daemon [_thread_in_native, id=24540, stack(0x0000009759800000,0x0000009759900000)]
  0x000001f1b3fe33a0 JavaThread "AsyncHttpClient-1-2" daemon [_thread_in_native, id=4128, stack(0x0000009759a00000,0x0000009759b00000)]
  0x000001f1b3fdd830 JavaThread "AsyncHttpClient-1-3" daemon [_thread_in_native, id=20012, stack(0x0000009759b00000,0x0000009759c00000)]
  0x000001f1b3fe2a00 JavaThread "AsyncHttpClient-1-4" daemon [_thread_in_native, id=24404, stack(0x0000009759c00000,0x0000009759d00000)]

Other Threads:
  0x000001f1b18a7f80 VMThread "VM Thread" [stack: 0x0000009757900000,0x0000009757a00000] [id=25076]
  0x000001f1b2f58020 WatcherThread [stack: 0x0000009758b00000,0x0000009758c00000] [id=19016]
=>0x000001f195e6ea30 GCTaskThread "GC Thread#0" [stack: 0x0000009757400000,0x0000009757500000] [id=24492]
  0x000001f1b2cc9300 GCTaskThread "GC Thread#1" [stack: 0x0000009758600000,0x0000009758700000] [id=15180]
  0x000001f1980a6bd0 ConcurrentGCThread "G1 Main Marker" [stack: 0x0000009757500000,0x0000009757600000] [id=13796]
  0x000001f1980a76d0 ConcurrentGCThread "G1 Conc#0" [stack: 0x0000009757600000,0x0000009757700000] [id=10760]
  0x000001f198110650 ConcurrentGCThread "G1 Refine#0" [stack: 0x0000009757700000,0x0000009757800000] [id=20772]
  0x000001f198110ea0 ConcurrentGCThread "G1 Young RemSet Sampling" [stack: 0x0000009757800000,0x0000009757900000] [id=7748]

Threads with active compile tasks:

VM state: at safepoint (normal execution)

VM Mutex/Monitor currently owned by a thread:  ([mutex/lock_event])
[0x000001f198056100] Threads_lock - owner thread: 0x000001f1b18a7f80
[0x000001f198055a40] Heap_lock - owner thread: 0x000001f1b2281970

Heap address: 0x0000000084e00000, size: 1970 MB, Compressed Oops mode: 32-bit
CDS disabled.
Compressed class space mapped at: 0x0000000100000000-0x0000000140000000, size: 1073741824
Narrow klass base: 0x0000000000000000, Narrow klass shift: 3, Narrow klass range: 0x140000000

GC Precious Log:
 CPUs: 4 total, 4 available
 Memory: 7878M
 Large Page Support: Disabled
 NUMA Support: Disabled
 Compressed Oops: Enabled (32-bit)
 Heap Region Size: 1M
 Heap Min Capacity: 8M
 Heap Initial Capacity: 124M
 Heap Max Capacity: 1970M
 Pre-touch: Disabled
 Parallel Workers: 4
 Concurrent Workers: 1
 Concurrent Refinement Workers: 4
 Periodic GC: Disabled

Heap:
 garbage-first heap   total 54272K, used 44223K [0x0000000084e00000, 0x0000000100000000)
  region size 1024K, 25 young (25600K), 1 survivors (1024K)
 Metaspace       used 31370K, capacity 31706K, committed 31872K, reserved 1077248K
  class space    used 3596K, capacity 3696K, committed 3712K, reserved 1048576K

Heap Regions: E=young(eden), S=young(survivor), O=old, HS=humongous(starts), HC=humongous(continues), CS=collection set, F=free, OA=open archive, CA=closed archive, TAMS=top-at-mark-start (previous, next)
|   0|0x0000000084e00000, 0x0000000084f00000, 0x0000000084f00000|100%| O|  |TAMS 0x0000000084f00000, 0x0000000084e00000| Untracked 
|   1|0x0000000084f00000, 0x0000000085000000, 0x0000000085000000|100%| O|  |TAMS 0x0000000085000000, 0x0000000084f00000| Untracked 
|   2|0x0000000085000000, 0x0000000085100000, 0x0000000085100000|100%| O|  |TAMS 0x0000000085100000, 0x0000000085000000| Untracked 
|   3|0x0000000085100000, 0x0000000085200000, 0x0000000085200000|100%| O|  |TAMS 0x0000000085200000, 0x0000000085100000| Untracked 
|   4|0x0000000085200000, 0x0000000085300000, 0x0000000085300000|100%| O|  |TAMS 0x0000000085300000, 0x0000000085200000| Untracked 
|   5|0x0000000085300000, 0x000000008539c200, 0x0000000085400000| 60%| O|  |TAMS 0x000000008539c200, 0x0000000085300000| Untracked 
|   6|0x0000000085400000, 0x0000000085500000, 0x0000000085500000|100%| O|  |TAMS 0x0000000085400000, 0x0000000085400000| Untracked 
|   7|0x0000000085500000, 0x0000000085600000, 0x0000000085600000|100%| O|  |TAMS 0x0000000085500000, 0x0000000085500000| Untracked 
|   8|0x0000000085600000, 0x0000000085700000, 0x0000000085700000|100%| O|  |TAMS 0x0000000085600000, 0x0000000085600000| Untracked 
|   9|0x0000000085700000, 0x0000000085800000, 0x0000000085800000|100%| O|  |TAMS 0x0000000085700000, 0x0000000085700000| Untracked 
|  10|0x0000000085800000, 0x0000000085900000, 0x0000000085900000|100%| O|  |TAMS 0x0000000085800000, 0x0000000085800000| Untracked 
|  11|0x0000000085900000, 0x0000000085a00000, 0x0000000085a00000|100%| O|  |TAMS 0x0000000085900000, 0x0000000085900000| Untracked 
|  12|0x0000000085a00000, 0x0000000085b00000, 0x0000000085b00000|100%|HS|  |TAMS 0x0000000085a00000, 0x0000000085a00000| Complete 
|  13|0x0000000085b00000, 0x0000000085c00000, 0x0000000085c00000|100%|HC|  |TAMS 0x0000000085b00000, 0x0000000085b00000| Complete 
|  14|0x0000000085c00000, 0x0000000085d00000, 0x0000000085d00000|100%|HC|  |TAMS 0x0000000085c00000, 0x0000000085c00000| Complete 
|  15|0x0000000085d00000, 0x0000000085e00000, 0x0000000085e00000|100%|HC|  |TAMS 0x0000000085d00000, 0x0000000085d00000| Complete 
|  16|0x0000000085e00000, 0x0000000085f00000, 0x0000000085f00000|100%|HC|  |TAMS 0x0000000085e00000, 0x0000000085e00000| Complete 
|  17|0x0000000085f00000, 0x0000000086000000, 0x0000000086000000|100%| O|  |TAMS 0x0000000085f00000, 0x0000000085f00000| Untracked 
|  18|0x0000000086000000, 0x000000008609d400, 0x0000000086100000| 61%| O|  |TAMS 0x0000000086000000, 0x0000000086000000| Untracked 
|  19|0x0000000086100000, 0x0000000086100000, 0x0000000086200000|  0%| F|  |TAMS 0x0000000086100000, 0x0000000086100000| Untracked 
|  20|0x0000000086200000, 0x0000000086200000, 0x0000000086300000|  0%| F|  |TAMS 0x0000000086200000, 0x0000000086200000| Untracked 
|  21|0x0000000086300000, 0x0000000086300000, 0x0000000086400000|  0%| F|  |TAMS 0x0000000086300000, 0x0000000086300000| Untracked 
|  22|0x0000000086400000, 0x0000000086400000, 0x0000000086500000|  0%| F|  |TAMS 0x0000000086400000, 0x0000000086400000| Untracked 
|  23|0x0000000086500000, 0x0000000086500000, 0x0000000086600000|  0%| F|  |TAMS 0x0000000086500000, 0x0000000086500000| Untracked 
|  24|0x0000000086600000, 0x0000000086600000, 0x0000000086700000|  0%| F|  |TAMS 0x0000000086600000, 0x0000000086600000| Untracked 
|  25|0x0000000086700000, 0x0000000086700000, 0x0000000086800000|  0%| F|  |TAMS 0x0000000086700000, 0x0000000086700000| Untracked 
|  26|0x0000000086800000, 0x0000000086800000, 0x0000000086900000|  0%| F|  |TAMS 0x0000000086800000, 0x0000000086800000| Untracked 
|  27|0x0000000086900000, 0x00000000869f40b0, 0x0000000086a00000| 95%| S|  |TAMS 0x0000000086900000, 0x0000000086900000| Complete 
|  28|0x0000000086a00000, 0x0000000086b00000, 0x0000000086b00000|100%| E|CS|TAMS 0x0000000086a00000, 0x0000000086a00000| Complete 
|  29|0x0000000086b00000, 0x0000000086bf6900, 0x0000000086c00000| 96%| E|CS|TAMS 0x0000000086b00000, 0x0000000086b00000| Complete 
|  30|0x0000000086c00000, 0x0000000086d00000, 0x0000000086d00000|100%| E|CS|TAMS 0x0000000086c00000, 0x0000000086c00000| Complete 
|  31|0x0000000086d00000, 0x0000000086e00000, 0x0000000086e00000|100%| E|CS|TAMS 0x0000000086d00000, 0x0000000086d00000| Complete 
|  32|0x0000000086e00000, 0x0000000086f00000, 0x0000000086f00000|100%| E|CS|TAMS 0x0000000086e00000, 0x0000000086e00000| Complete 
|  33|0x0000000086f00000, 0x0000000087000000, 0x0000000087000000|100%| E|CS|TAMS 0x0000000086f00000, 0x0000000086f00000| Complete 
|  34|0x0000000087000000, 0x0000000087100000, 0x0000000087100000|100%| E|CS|TAMS 0x0000000087000000, 0x0000000087000000| Complete 
|  35|0x0000000087100000, 0x0000000087200000, 0x0000000087200000|100%| E|CS|TAMS 0x0000000087100000, 0x0000000087100000| Complete 
|  36|0x0000000087200000, 0x0000000087300000, 0x0000000087300000|100%| E|CS|TAMS 0x0000000087200000, 0x0000000087200000| Complete 
|  37|0x0000000087300000, 0x0000000087400000, 0x0000000087400000|100%| E|CS|TAMS 0x0000000087300000, 0x0000000087300000| Complete 
|  38|0x0000000087400000, 0x0000000087500000, 0x0000000087500000|100%| E|CS|TAMS 0x0000000087400000, 0x0000000087400000| Complete 
|  39|0x0000000087500000, 0x0000000087600000, 0x0000000087600000|100%| E|CS|TAMS 0x0000000087500000, 0x0000000087500000| Complete 
|  40|0x0000000087600000, 0x0000000087700000, 0x0000000087700000|100%| E|CS|TAMS 0x0000000087600000, 0x0000000087600000| Complete 
|  41|0x0000000087700000, 0x0000000087800000, 0x0000000087800000|100%| E|CS|TAMS 0x0000000087700000, 0x0000000087700000| Complete 
|  42|0x0000000087800000, 0x0000000087900000, 0x0000000087900000|100%| E|CS|TAMS 0x0000000087800000, 0x0000000087800000| Complete 
|  43|0x0000000087900000, 0x0000000087a00000, 0x0000000087a00000|100%| E|CS|TAMS 0x0000000087900000, 0x0000000087900000| Complete 
|  44|0x0000000087a00000, 0x0000000087b00000, 0x0000000087b00000|100%| E|CS|TAMS 0x0000000087a00000, 0x0000000087a00000| Complete 
|  45|0x0000000087b00000, 0x0000000087c00000, 0x0000000087c00000|100%| E|CS|TAMS 0x0000000087b00000, 0x0000000087b00000| Complete 
|  76|0x0000000089a00000, 0x0000000089b00000, 0x0000000089b00000|100%| E|CS|TAMS 0x0000000089a00000, 0x0000000089a00000| Complete 
|  77|0x0000000089b00000, 0x0000000089c00000, 0x0000000089c00000|100%| E|CS|TAMS 0x0000000089b00000, 0x0000000089b00000| Complete 
|  78|0x0000000089c00000, 0x0000000089d00000, 0x0000000089d00000|100%| E|CS|TAMS 0x0000000089c00000, 0x0000000089c00000| Complete 
|  79|0x0000000089d00000, 0x0000000089e00000, 0x0000000089e00000|100%| E|CS|TAMS 0x0000000089d00000, 0x0000000089d00000| Complete 
|  80|0x0000000089e00000, 0x0000000089f00000, 0x0000000089f00000|100%| E|CS|TAMS 0x0000000089e00000, 0x0000000089e00000| Complete 
|  81|0x0000000089f00000, 0x000000008a000000, 0x000000008a000000|100%| E|CS|TAMS 0x0000000089f00000, 0x0000000089f00000| Complete 
| 123|0x000000008c900000, 0x000000008ca00000, 0x000000008ca00000|100%| E|CS|TAMS 0x000000008c900000, 0x000000008c900000| Complete 

Card table byte_map: [0x000001f1aae40000,0x000001f1ab220000] _byte_map_base: 0x000001f1aaa19000

Marking Bits (Prev, Next): (CMBitMap*) 0x000001f1980954c0, (CMBitMap*) 0x000001f198095480
 Prev Bits: [0x000001f1ad4d0000, 0x000001f1af398000)
 Next Bits: [0x000001f1ab600000, 0x000001f1ad4c8000)

Polling page: 0x000001f195f90000

Metaspace:

Usage:
  Non-class:     27.35 MB capacity,    27.12 MB (>99%) used,   197.20 KB ( <1%) free+waste,    39.12 KB ( <1%) overhead. 
      Class:      3.61 MB capacity,     3.51 MB ( 97%) used,    84.76 KB (  2%) free+waste,    14.50 KB ( <1%) overhead. 
       Both:     30.96 MB capacity,    30.64 MB ( 99%) used,   281.96 KB ( <1%) free+waste,    53.62 KB ( <1%) overhead. 

Virtual space:
  Non-class space:       28.00 MB reserved,      27.50 MB ( 98%) committed 
      Class space:        1.00 GB reserved,       3.62 MB ( <1%) committed 
             Both:        1.03 GB reserved,      31.12 MB (  3%) committed 

Chunk freelists:
   Non-Class:  22.00 KB
       Class:  16.00 KB
        Both:  38.00 KB

MaxMetaspaceSize: 17179869184.00 GB
CompressedClassSpaceSize: 1.00 GB

CodeHeap 'non-profiled nmethods': size=238912Kb used=5275Kb max_used=5275Kb free=233636Kb
 bounds [0x000001f19c110000, 0x000001f19c640000, 0x000001f1aaa60000]
CodeHeap 'non-nmethods': size=6848Kb used=1347Kb max_used=1347Kb free=5500Kb
 bounds [0x000001f19ba60000, 0x000001f19bcd0000, 0x000001f19c110000]
 total_blobs=3632 nmethods=3090 adapters=469
 compilation: enabled
              stopped_count=0, restarted_count=0
 full_count=0

Compilation events (20 events):
Event: 274.256 Thread 0x000001f1b20dcce0 3081   !   1       io.netty.util.HashedWheelTimer$HashedWheelTimeout::expire (76 bytes)
Event: 274.258 Thread 0x000001f1b20dcce0 nmethod 3081 0x000001f19c631510 code [0x000001f19c6317a0, 0x000001f19c631ed8]
Event: 274.258 Thread 0x000001f1b20dcce0 3082       1       io.netty.util.concurrent.ImmediateExecutor::execute (15 bytes)
Event: 274.258 Thread 0x000001f1b20dcce0 nmethod 3082 0x000001f19c632410 code [0x000001f19c6325c0, 0x000001f19c6327b8]
Event: 274.258 Thread 0x000001f1b20dcce0 3083   !   1       io.netty.util.HashedWheelTimer$HashedWheelTimeout::run (63 bytes)
Event: 274.259 Thread 0x000001f1b20dcce0 nmethod 3083 0x000001f19c632910 code [0x000001f19c632b80, 0x000001f19c6331e8]
Event: 280.854 Thread 0x000001f1b20dcce0 3084       1       java.util.concurrent.ConcurrentHashMap$KeySetView::iterator (34 bytes)
Event: 280.854 Thread 0x000001f1b20dcce0 nmethod 3084 0x000001f19c633690 code [0x000001f19c633840, 0x000001f19c633a78]
Event: 280.854 Thread 0x000001f1b20dcce0 3085       1       java.util.concurrent.ConcurrentHashMap$KeyIterator::<init> (12 bytes)
Event: 280.855 Thread 0x000001f1b20dcce0 nmethod 3085 0x000001f19c633c10 code [0x000001f19c633dc0, 0x000001f19c633f58]
Event: 283.220 Thread 0x000001f1b20dcce0 3086       1       org.asynchttpclient.netty.channel.DefaultChannelPool::scheduleNewIdleChannelDetector (19 bytes)
Event: 283.220 Thread 0x000001f1b20dcce0 nmethod 3086 0x000001f19c634010 code [0x000001f19c6341c0, 0x000001f19c6342e8]
Event: 284.253 Thread 0x000001f1b20dcce0 3087       1       org.asynchttpclient.netty.channel.DefaultChannelPool$IdleChannelDetector::run (289 bytes)
Event: 284.255 Thread 0x000001f1b20dcce0 nmethod 3087 0x000001f19c634410 code [0x000001f19c6347a0, 0x000001f19c6357c8]
Event: 284.255 Thread 0x000001f1b20dcce0 3088       1       org.asynchttpclient.netty.channel.DefaultChannelPool::access$900 (6 bytes)
Event: 284.255 Thread 0x000001f1b20dcce0 nmethod 3088 0x000001f19c636490 code [0x000001f19c636640, 0x000001f19c636748]
Event: 901.529 Thread 0x000001f1b20dcce0 3089       1       java.util.concurrent.atomic.AtomicInteger::get (5 bytes)
Event: 901.530 Thread 0x000001f1b20dcce0 nmethod 3089 0x000001f19c636890 code [0x000001f19c636a20, 0x000001f19c636ad8]
Event: 961.546 Thread 0x000001f1b20dcce0 3090       1       jdk.internal.reflect.ClassFileAssembler::incStack (11 bytes)
Event: 961.546 Thread 0x000001f1b20dcce0 nmethod 3090 0x000001f19c636b90 code [0x000001f19c636d20, 0x000001f19c636df8]

GC Heap History (20 events):
Event: 0.688 GC heap after
{Heap after GC invocations=1 (full 0):
 garbage-first heap   total 126976K, used 5047K [0x0000000084e00000, 0x0000000100000000)
  region size 1024K, 2 young (2048K), 2 survivors (2048K)
 Metaspace       used 6336K, capacity 6379K, committed 6528K, reserved 1056768K
  class space    used 529K, capacity 553K, committed 640K, reserved 1048576K
}
Event: 1.289 GC heap before
{Heap before GC invocations=1 (full 0):
 garbage-first heap   total 126976K, used 18359K [0x0000000084e00000, 0x0000000100000000)
  region size 1024K, 15 young (15360K), 2 survivors (2048K)
 Metaspace       used 13978K, capacity 14190K, committed 14336K, reserved 1062912K
  class space    used 1376K, capacity 1444K, committed 1536K, reserved 1048576K
}
Event: 1.299 GC heap after
{Heap after GC invocations=2 (full 0):
 garbage-first heap   total 126976K, used 6437K [0x0000000084e00000, 0x0000000100000000)
  region size 1024K, 2 young (2048K), 2 survivors (2048K)
 Metaspace       used 13978K, capacity 14190K, committed 14336K, reserved 1062912K
  class space    used 1376K, capacity 1444K, committed 1536K, reserved 1048576K
}
Event: 1.683 GC heap before
{Heap before GC invocations=2 (full 0):
 garbage-first heap   total 126976K, used 27941K [0x0000000084e00000, 0x0000000100000000)
  region size 1024K, 23 young (23552K), 2 survivors (2048K)
 Metaspace       used 17864K, capacity 18167K, committed 18432K, reserved 1064960K
  class space    used 1832K, capacity 1938K, committed 2048K, reserved 1048576K
}
Event: 1.694 GC heap after
{Heap after GC invocations=3 (full 0):
 garbage-first heap   total 126976K, used 8816K [0x0000000084e00000, 0x0000000100000000)
  region size 1024K, 3 young (3072K), 3 survivors (3072K)
 Metaspace       used 17864K, capacity 18167K, committed 18432K, reserved 1064960K
  class space    used 1832K, capacity 1938K, committed 2048K, reserved 1048576K
}
Event: 2.176 GC heap before
{Heap before GC invocations=3 (full 0):
 garbage-first heap   total 126976K, used 47728K [0x0000000084e00000, 0x0000000100000000)
  region size 1024K, 42 young (43008K), 3 survivors (3072K)
 Metaspace       used 20854K, capacity 21088K, committed 21248K, reserved 1069056K
  class space    used 2198K, capacity 2293K, committed 2304K, reserved 1048576K
}
Event: 2.190 GC heap after
{Heap after GC invocations=4 (full 0):
 garbage-first heap   total 126976K, used 11645K [0x0000000084e00000, 0x0000000100000000)
  region size 1024K, 6 young (6144K), 6 survivors (6144K)
 Metaspace       used 20854K, capacity 21088K, committed 21248K, reserved 1069056K
  class space    used 2198K, capacity 2293K, committed 2304K, reserved 1048576K
}
Event: 2.462 GC heap before
{Heap before GC invocations=5 (full 0):
 garbage-first heap   total 45056K, used 32125K [0x0000000084e00000, 0x0000000100000000)
  region size 1024K, 26 young (26624K), 6 survivors (6144K)
 Metaspace       used 24019K, capacity 24288K, committed 24448K, reserved 1071104K
  class space    used 2588K, capacity 2677K, committed 2688K, reserved 1048576K
}
Event: 2.479 GC heap after
{Heap after GC invocations=6 (full 0):
 garbage-first heap   total 54272K, used 12770K [0x0000000084e00000, 0x0000000100000000)
  region size 1024K, 2 young (2048K), 2 survivors (2048K)
 Metaspace       used 24019K, capacity 24288K, committed 24448K, reserved 1071104K
  class space    used 2588K, capacity 2677K, committed 2688K, reserved 1048576K
}
Event: 3.327 GC heap before
{Heap before GC invocations=6 (full 0):
 garbage-first heap   total 54272K, used 37346K [0x0000000084e00000, 0x0000000100000000)
  region size 1024K, 26 young (26624K), 2 survivors (2048K)
 Metaspace       used 26862K, capacity 27190K, committed 27520K, reserved 1073152K
  class space    used 3008K, capacity 3111K, committed 3200K, reserved 1048576K
}
Event: 3.331 GC heap after
{Heap after GC invocations=7 (full 0):
 garbage-first heap   total 54272K, used 12840K [0x0000000084e00000, 0x0000000100000000)
  region size 1024K, 2 young (2048K), 2 survivors (2048K)
 Metaspace       used 26862K, capacity 27190K, committed 27520K, reserved 1073152K
  class space    used 3008K, capacity 3111K, committed 3200K, reserved 1048576K
}
Event: 4.797 GC heap before
{Heap before GC invocations=7 (full 0):
 garbage-first heap   total 54272K, used 42536K [0x0000000084e00000, 0x0000000100000000)
  region size 1024K, 27 young (27648K), 2 survivors (2048K)
 Metaspace       used 29598K, capacity 29951K, committed 30208K, reserved 1075200K
  class space    used 3379K, capacity 3498K, committed 3584K, reserved 1048576K
}
Event: 4.803 GC heap after
{Heap after GC invocations=8 (full 0):
 garbage-first heap   total 54272K, used 18763K [0x0000000084e00000, 0x0000000100000000)
  region size 1024K, 3 young (3072K), 3 survivors (3072K)
 Metaspace       used 29598K, capacity 29951K, committed 30208K, reserved 1075200K
  class space    used 3379K, capacity 3498K, committed 3584K, reserved 1048576K
}
Event: 101.062 GC heap before
{Heap before GC invocations=8 (full 0):
 garbage-first heap   total 54272K, used 39243K [0x0000000084e00000, 0x0000000100000000)
  region size 1024K, 24 young (24576K), 3 survivors (3072K)
 Metaspace       used 31343K, capacity 31703K, committed 31872K, reserved 1077248K
  class space    used 3595K, capacity 3695K, committed 3712K, reserved 1048576K
}
Event: 101.071 GC heap after
{Heap after GC invocations=9 (full 0):
 garbage-first heap   total 54272K, used 19614K [0x0000000084e00000, 0x0000000100000000)
  region size 1024K, 3 young (3072K), 3 survivors (3072K)
 Metaspace       used 31343K, capacity 31703K, committed 31872K, reserved 1077248K
  class space    used 3595K, capacity 3695K, committed 3712K, reserved 1048576K
}
Event: 786.299 GC heap before
{Heap before GC invocations=9 (full 0):
 garbage-first heap   total 54272K, used 41118K [0x0000000084e00000, 0x0000000100000000)
  region size 1024K, 24 young (24576K), 3 survivors (3072K)
 Metaspace       used 31355K, capacity 31703K, committed 31872K, reserved 1077248K
  class space    used 3595K, capacity 3695K, committed 3712K, reserved 1048576K
}
Event: 786.308 GC heap after
{Heap after GC invocations=10 (full 0):
 garbage-first heap   total 54272K, used 19685K [0x0000000084e00000, 0x0000000100000000)
  region size 1024K, 1 young (1024K), 1 survivors (1024K)
 Metaspace       used 31355K, capacity 31703K, committed 31872K, reserved 1077248K
  class space    used 3595K, capacity 3695K, committed 3712K, reserved 1048576K
}
Event: 1549.642 GC heap before
{Heap before GC invocations=10 (full 0):
 garbage-first heap   total 54272K, used 43237K [0x0000000084e00000, 0x0000000100000000)
  region size 1024K, 24 young (24576K), 1 survivors (1024K)
 Metaspace       used 31357K, capacity 31706K, committed 31872K, reserved 1077248K
  class space    used 3595K, capacity 3696K, committed 3712K, reserved 1048576K
}
Event: 1549.646 GC heap after
{Heap after GC invocations=11 (full 0):
 garbage-first heap   total 54272K, used 19647K [0x0000000084e00000, 0x0000000100000000)
  region size 1024K, 1 young (1024K), 1 survivors (1024K)
 Metaspace       used 31357K, capacity 31706K, committed 31872K, reserved 1077248K
  class space    used 3595K, capacity 3696K, committed 3712K, reserved 1048576K
}
Event: 2341.680 GC heap before
{Heap before GC invocations=11 (full 0):
 garbage-first heap   total 54272K, used 44223K [0x0000000084e00000, 0x0000000100000000)
  region size 1024K, 25 young (25600K), 1 survivors (1024K)
 Metaspace       used 31370K, capacity 31706K, committed 31872K, reserved 1077248K
  class space    used 3596K, capacity 3696K, committed 3712K, reserved 1048576K
}

Deoptimization events (20 events):
Event: 2341.129 Thread 0x000001f1b2281970 DEOPT PACKING pc=0x000001f19c606f2c sp=0x0000009758efe3d0
Event: 2341.129 Thread 0x000001f1b2281970 DEOPT UNPACKING pc=0x000001f19baae23f sp=0x0000009758efd8b0 mode 1
Event: 2341.129 Thread 0x000001f1b2281970 DEOPT PACKING pc=0x000001f19c597afc sp=0x0000009758efe460
Event: 2341.129 Thread 0x000001f1b2281970 DEOPT UNPACKING pc=0x000001f19baae23f sp=0x0000009758efd900 mode 1
Event: 2341.129 Thread 0x000001f1b2281970 DEOPT PACKING pc=0x000001f19c60af7c sp=0x0000009758efe4b0
Event: 2341.129 Thread 0x000001f1b2281970 DEOPT UNPACKING pc=0x000001f19baae23f sp=0x0000009758efda48 mode 1
Event: 2341.680 Thread 0x000001f1b2281970 DEOPT PACKING pc=0x000001f19c621b5c sp=0x0000009758efde40
Event: 2341.680 Thread 0x000001f1b2281970 DEOPT UNPACKING pc=0x000001f19baae23f sp=0x0000009758efd340 mode 1
Event: 2341.680 Thread 0x000001f1b2281970 DEOPT PACKING pc=0x000001f19c6205c4 sp=0x0000009758efdef0
Event: 2341.680 Thread 0x000001f1b2281970 DEOPT UNPACKING pc=0x000001f19baae23f sp=0x0000009758efd4a0 mode 1
Event: 2341.680 Thread 0x000001f1b2281970 DEOPT PACKING pc=0x000001f19c61fbdc sp=0x0000009758efe060
Event: 2341.680 Thread 0x000001f1b2281970 DEOPT UNPACKING pc=0x000001f19baae23f sp=0x0000009758efd590 mode 1
Event: 2341.680 Thread 0x000001f1b2281970 DEOPT PACKING pc=0x000001f19c5fceec sp=0x0000009758efe140
Event: 2341.680 Thread 0x000001f1b2281970 DEOPT UNPACKING pc=0x000001f19baae23f sp=0x0000009758efd610 mode 1
Event: 2341.680 Thread 0x000001f1b2281970 DEOPT PACKING pc=0x000001f19c5f9e94 sp=0x0000009758efe1c0
Event: 2341.680 Thread 0x000001f1b2281970 DEOPT UNPACKING pc=0x000001f19baae23f sp=0x0000009758efd6b8 mode 1
Event: 2341.680 Thread 0x000001f1b2281970 DEOPT PACKING pc=0x000001f19c61e9bc sp=0x0000009758efe2f0
Event: 2341.680 Thread 0x000001f1b2281970 DEOPT UNPACKING pc=0x000001f19baae23f sp=0x0000009758efd808 mode 1
Event: 2341.680 Thread 0x000001f1b2281970 DEOPT PACKING pc=0x000001f19c606f2c sp=0x0000009758efe3d0
Event: 2341.680 Thread 0x000001f1b2281970 DEOPT UNPACKING pc=0x000001f19baae23f sp=0x0000009758efd8b0 mode 1

Classes unloaded (0 events):
No events

Classes redefined (2 events):
Event: 2105.793 Thread 0x000001f1b18a7f80 redefined class name=isSignup.TryAgain, count=1
Event: 2276.804 Thread 0x000001f1b18a7f80 redefined class name=isSignup.TryAgain, count=2

Internal exceptions (20 events):
Event: 3.214 Thread 0x000001f198059670 Exception <a 'java/lang/NoSuchMethodError'{0x00000000871a4cc8}: 'long java.lang.invoke.DirectMethodHandle$Holder.invokeVirtual(java.lang.Object, java.lang.Object)'> (0x00000000871a4cc8) 
thrown [./open/src/hotspot/share/interpreter/linkResolver.cpp, line 782]
Event: 3.264 Thread 0x000001f198059670 Exception <a 'java/lang/NoSuchMethodError'{0x0000000086e4a930}: 'void java.lang.invoke.DirectMethodHandle$Holder.invokeSpecial(java.lang.Object, java.lang.Object, java.lang.Object, java.lang.Object, java.lang.Object)'> (0x0000000086e4a930) 
thrown [./open/src/hotspot/share/interpreter/linkResolver.cpp, line 782]
Event: 3.265 Thread 0x000001f198059670 Exception <a 'java/lang/NoSuchMethodError'{0x0000000086e51d38}: 'void java.lang.invoke.DirectMethodHandle$Holder.invokeStatic(java.lang.Object, java.lang.Object, int)'> (0x0000000086e51d38) 
thrown [./open/src/hotspot/share/interpreter/linkResolver.cpp, line 782]
Event: 3.294 Thread 0x000001f198059670 Exception <a 'java/lang/NoSuchMethodError'{0x0000000086dd9b10}: 'java.lang.Object java.lang.invoke.DirectMethodHandle$Holder.newInvokeSpecial(java.lang.Object, java.lang.Object, java.lang.Object, java.lang.Object, java.lang.Object)'> (0x0000000086dd9b10) 
thrown [./open/src/hotspot/share/interpreter/linkResolver.cpp, line 782]
Event: 3.349 Thread 0x000001f198059670 Exception <a 'java/lang/NoSuchMethodError'{0x0000000089f42d68}: 'void java.lang.invoke.DirectMethodHandle$Holder.invokeStatic(java.lang.Object, java.lang.Object, java.lang.Object, java.lang.Object)'> (0x0000000089f42d68) 
thrown [./open/src/hotspot/share/interpreter/linkResolver.cpp, line 782]
Event: 3.402 Thread 0x000001f198059670 Exception <a 'java/lang/NoSuchMethodError'{0x0000000089adb2b0}: 'void java.lang.invoke.DirectMethodHandle$Holder.invokeSpecial(java.lang.Object, java.lang.Object, java.lang.Object, java.lang.Object, java.lang.Object, java.lang.Object)'> (0x0000000089adb2b0) 
thrown [./open/src/hotspot/share/interpreter/linkResolver.cpp, line 782]
Event: 3.550 Thread 0x000001f1b2281970 Exception <a 'java/lang/reflect/InvocationTargetException'{0x0000000087151798}> (0x0000000087151798) 
thrown [./open/src/hotspot/share/runtime/reflection.cpp, line 1157]
Event: 4.052 Thread 0x000001f1b2281970 Exception <a 'java/lang/reflect/InvocationTargetException'{0x0000000087155a60}> (0x0000000087155a60) 
thrown [./open/src/hotspot/share/runtime/reflection.cpp, line 1157]
Event: 4.557 Thread 0x000001f1b2281970 Exception <a 'java/lang/reflect/InvocationTargetException'{0x0000000087159aa8}> (0x0000000087159aa8) 
thrown [./open/src/hotspot/share/runtime/reflection.cpp, line 1157]
Event: 4.848 Thread 0x000001f198059670 Exception <a 'java/lang/NoSuchMethodError'{0x0000000089eae218}: 'java.lang.Object java.lang.invoke.DirectMethodHandle$Holder.invokeSpecialIFC(java.lang.Object, java.lang.Object, java.lang.Object)'> (0x0000000089eae218) 
thrown [./open/src/hotspot/share/interpreter/linkResolver.cpp, line 782]
Event: 4.880 Thread 0x000001f198059670 Exception <a 'java/lang/ClassNotFoundException'{0x0000000089dd4830}: sun/util/logging/resources/spi/loggingProvider> (0x0000000089dd4830) 
thrown [./open/src/hotspot/share/classfile/systemDictionary.cpp, line 295]
Event: 5.061 Thread 0x000001f1b2281970 Exception <a 'java/lang/reflect/InvocationTargetException'{0x00000000875d7ba8}> (0x00000000875d7ba8) 
thrown [./open/src/hotspot/share/runtime/reflection.cpp, line 1157]
Event: 5.562 Thread 0x000001f1b2281970 Exception <a 'java/lang/reflect/InvocationTargetException'{0x00000000875e1068}> (0x00000000875e1068) 
thrown [./open/src/hotspot/share/runtime/reflection.cpp, line 1157]
Event: 6.097 Thread 0x000001f1b2281970 Exception <a 'java/lang/reflect/InvocationTargetException'{0x00000000875e50b0}> (0x00000000875e50b0) 
thrown [./open/src/hotspot/share/runtime/reflection.cpp, line 1157]
Event: 6.649 Thread 0x000001f1b2281970 Exception <a 'java/lang/reflect/InvocationTargetException'{0x00000000875f0358}> (0x00000000875f0358) 
thrown [./open/src/hotspot/share/runtime/reflection.cpp, line 1157]
Event: 7.151 Thread 0x000001f1b2281970 Exception <a 'java/lang/reflect/InvocationTargetException'{0x000000008745a528}> (0x000000008745a528) 
thrown [./open/src/hotspot/share/runtime/reflection.cpp, line 1157]
Event: 7.655 Thread 0x000001f1b2281970 Exception <a 'java/lang/reflect/InvocationTargetException'{0x000000008745e570}> (0x000000008745e570) 
thrown [./open/src/hotspot/share/runtime/reflection.cpp, line 1157]
Event: 8.166 Thread 0x000001f1b2281970 Exception <a 'java/lang/reflect/InvocationTargetException'{0x0000000087303ca8}> (0x0000000087303ca8) 
thrown [./open/src/hotspot/share/runtime/reflection.cpp, line 1157]
Event: 8.720 Thread 0x000001f1b2281970 Exception <a 'java/lang/reflect/InvocationTargetException'{0x0000000087307f30}> (0x0000000087307f30) 
thrown [./open/src/hotspot/share/runtime/reflection.cpp, line 1157]
Event: 9.225 Thread 0x000001f1b2281970 Exception <a 'java/lang/reflect/InvocationTargetException'{0x000000008732cd20}> (0x000000008732cd20) 
thrown [./open/src/hotspot/share/runtime/reflection.cpp, line 1157]

Events (20 events):
Event: 2105.998 Executing VM operation: GetFrameCount done
Event: 2138.570 Executing VM operation: ChangeBreakpoints
Event: 2138.571 Executing VM operation: ChangeBreakpoints done
Event: 2276.799 Executing VM operation: RedefineClasses
Event: 2276.815 Executing VM operation: RedefineClasses done
Event: 2276.833 Executing VM operation: ChangeBreakpoints
Event: 2276.835 Executing VM operation: ChangeBreakpoints done
Event: 2276.836 Executing VM operation: ChangeBreakpoints
Event: 2276.837 Executing VM operation: ChangeBreakpoints done
Event: 2276.861 Executing VM operation: ChangeBreakpoints
Event: 2276.864 Executing VM operation: ChangeBreakpoints done
Event: 2276.867 Executing VM operation: GetFrameCount
Event: 2276.867 Executing VM operation: GetFrameCount done
Event: 2276.867 Executing VM operation: GetStackTrace
Event: 2276.869 Executing VM operation: GetStackTrace done
Event: 2277.401 Executing VM operation: GetFrameCount
Event: 2277.401 Executing VM operation: GetFrameCount done
Event: 2319.726 Executing VM operation: ChangeBreakpoints
Event: 2319.727 Executing VM operation: ChangeBreakpoints done
Event: 2341.680 Executing VM operation: G1CollectForAllocation


Dynamic libraries:
0x00007ff6a4ed0000 - 0x00007ff6a4edd000 	C:\Users\ADMIN\Downloads\sts-4.9.0.RELEASE\plugins\org.eclipse.justj.openjdk.hotspot.jre.full.win32.x86_64_15.0.1.v20201027-0507\jre\bin\javaw.exe
0x00007ff8a1330000 - 0x00007ff8a1528000 	C:\WINDOWS\SYSTEM32\ntdll.dll
0x00007ff8a0d10000 - 0x00007ff8a0dcd000 	C:\WINDOWS\System32\KERNEL32.DLL
0x00007ff89ea50000 - 0x00007ff89ed1e000 	C:\WINDOWS\System32\KERNELBASE.dll
0x00007ff89f1b0000 - 0x00007ff89f2b0000 	C:\WINDOWS\System32\ucrtbase.dll
0x00007ff892090000 - 0x00007ff8920a8000 	C:\Users\ADMIN\Downloads\sts-4.9.0.RELEASE\plugins\org.eclipse.justj.openjdk.hotspot.jre.full.win32.x86_64_15.0.1.v20201027-0507\jre\bin\jli.dll
0x00007ff8a08e0000 - 0x00007ff8a0a80000 	C:\WINDOWS\System32\USER32.dll
0x00007ff89ef10000 - 0x00007ff89ef32000 	C:\WINDOWS\System32\win32u.dll
0x00007ff8a0e80000 - 0x00007ff8a0eaa000 	C:\WINDOWS\System32\GDI32.dll
0x00007ff89ed70000 - 0x00007ff89ee7b000 	C:\WINDOWS\System32\gdi32full.dll
0x00007ff89f110000 - 0x00007ff89f1ad000 	C:\WINDOWS\System32\msvcp_win.dll
0x00007ff88cdc0000 - 0x00007ff88cdd9000 	C:\Users\ADMIN\Downloads\sts-4.9.0.RELEASE\plugins\org.eclipse.justj.openjdk.hotspot.jre.full.win32.x86_64_15.0.1.v20201027-0507\jre\bin\VCRUNTIME140.dll
0x00007ff88dca0000 - 0x00007ff88df3a000 	C:\WINDOWS\WinSxS\amd64_microsoft.windows.common-controls_6595b64144ccf1df_6.0.19041.1110_none_60b5254171f9507e\COMCTL32.dll
0x00007ff89ff40000 - 0x00007ff89ffde000 	C:\WINDOWS\System32\msvcrt.dll
0x00007ff8a0b60000 - 0x00007ff8a0b90000 	C:\WINDOWS\System32\IMM32.DLL
0x00007ff898c70000 - 0x00007ff898c7c000 	C:\Users\ADMIN\Downloads\sts-4.9.0.RELEASE\plugins\org.eclipse.justj.openjdk.hotspot.jre.full.win32.x86_64_15.0.1.v20201027-0507\jre\bin\vcruntime140_1.dll
0x00007ff889b30000 - 0x00007ff889bc1000 	C:\Users\ADMIN\Downloads\sts-4.9.0.RELEASE\plugins\org.eclipse.justj.openjdk.hotspot.jre.full.win32.x86_64_15.0.1.v20201027-0507\jre\bin\msvcp140.dll
0x00007ff851880000 - 0x00007ff8523de000 	C:\Users\ADMIN\Downloads\sts-4.9.0.RELEASE\plugins\org.eclipse.justj.openjdk.hotspot.jre.full.win32.x86_64_15.0.1.v20201027-0507\jre\bin\server\jvm.dll
0x00007ff89fd80000 - 0x00007ff89fe2e000 	C:\WINDOWS\System32\ADVAPI32.dll
0x00007ff89ffe0000 - 0x00007ff8a007c000 	C:\WINDOWS\System32\sechost.dll
0x00007ff8a07b0000 - 0x00007ff8a08d5000 	C:\WINDOWS\System32\RPCRT4.dll
0x00007ff8a0700000 - 0x00007ff8a0708000 	C:\WINDOWS\System32\PSAPI.DLL
0x00007ff83fb70000 - 0x00007ff83fb79000 	C:\WINDOWS\SYSTEM32\WSOCK32.dll
0x00007ff8a0730000 - 0x00007ff8a079b000 	C:\WINDOWS\System32\WS2_32.dll
0x00007ff88d3c0000 - 0x00007ff88d3e7000 	C:\WINDOWS\SYSTEM32\WINMM.dll
0x00007ff896060000 - 0x00007ff89606a000 	C:\WINDOWS\SYSTEM32\VERSION.dll
0x00007ff89c950000 - 0x00007ff89c962000 	C:\WINDOWS\SYSTEM32\kernel.appcore.dll
0x00007ff896df0000 - 0x00007ff896dfa000 	C:\Users\ADMIN\Downloads\sts-4.9.0.RELEASE\plugins\org.eclipse.justj.openjdk.hotspot.jre.full.win32.x86_64_15.0.1.v20201027-0507\jre\bin\jimage.dll
0x00007ff897b90000 - 0x00007ff897d74000 	C:\WINDOWS\SYSTEM32\DBGHELP.DLL
0x00007ff897b60000 - 0x00007ff897b8c000 	C:\WINDOWS\SYSTEM32\dbgcore.DLL
0x00007ff89ee80000 - 0x00007ff89ef02000 	C:\WINDOWS\System32\bcryptPrimitives.dll
0x00007ff88ade0000 - 0x00007ff88ae19000 	C:\Users\ADMIN\Downloads\sts-4.9.0.RELEASE\plugins\org.eclipse.justj.openjdk.hotspot.jre.full.win32.x86_64_15.0.1.v20201027-0507\jre\bin\jdwp.dll
0x00007ff892ec0000 - 0x00007ff892ece000 	C:\Users\ADMIN\Downloads\sts-4.9.0.RELEASE\plugins\org.eclipse.justj.openjdk.hotspot.jre.full.win32.x86_64_15.0.1.v20201027-0507\jre\bin\instrument.dll
0x00007ff8920b0000 - 0x00007ff8920d5000 	C:\Users\ADMIN\Downloads\sts-4.9.0.RELEASE\plugins\org.eclipse.justj.openjdk.hotspot.jre.full.win32.x86_64_15.0.1.v20201027-0507\jre\bin\java.dll
0x00007ff892070000 - 0x00007ff892088000 	C:\Users\ADMIN\Downloads\sts-4.9.0.RELEASE\plugins\org.eclipse.justj.openjdk.hotspot.jre.full.win32.x86_64_15.0.1.v20201027-0507\jre\bin\zip.dll
0x00007ff89f560000 - 0x00007ff89fca4000 	C:\WINDOWS\System32\SHELL32.dll
0x00007ff89cb50000 - 0x00007ff89d2e4000 	C:\WINDOWS\SYSTEM32\windows.storage.dll
0x00007ff8a0eb0000 - 0x00007ff8a1204000 	C:\WINDOWS\System32\combase.dll
0x00007ff89e3e0000 - 0x00007ff89e410000 	C:\WINDOWS\SYSTEM32\Wldp.dll
0x00007ff8a0dd0000 - 0x00007ff8a0e7d000 	C:\WINDOWS\System32\SHCORE.dll
0x00007ff8a06a0000 - 0x00007ff8a06f5000 	C:\WINDOWS\System32\shlwapi.dll
0x00007ff89e990000 - 0x00007ff89e9af000 	C:\WINDOWS\SYSTEM32\profapi.dll
0x00007ff8933e0000 - 0x00007ff8933eb000 	C:\Users\ADMIN\Downloads\sts-4.9.0.RELEASE\plugins\org.eclipse.justj.openjdk.hotspot.jre.full.win32.x86_64_15.0.1.v20201027-0507\jre\bin\dt_socket.dll
0x00007ff89de30000 - 0x00007ff89de6b000 	C:\WINDOWS\SYSTEM32\IPHLPAPI.DLL
0x00007ff89e140000 - 0x00007ff89e1aa000 	C:\WINDOWS\system32\mswsock.dll
0x00007ff89de70000 - 0x00007ff89df3b000 	C:\WINDOWS\SYSTEM32\DNSAPI.dll
0x00007ff8a07a0000 - 0x00007ff8a07a8000 	C:\WINDOWS\System32\NSI.dll
0x00007ff895790000 - 0x00007ff89579a000 	C:\Windows\System32\rasadhlp.dll
0x00007ff8959a0000 - 0x00007ff895a20000 	C:\WINDOWS\System32\fwpuclnt.dll
0x00007ff89f360000 - 0x00007ff89f387000 	C:\WINDOWS\System32\bcrypt.dll
0x00007ff892010000 - 0x00007ff892029000 	C:\Users\ADMIN\Downloads\sts-4.9.0.RELEASE\plugins\org.eclipse.justj.openjdk.hotspot.jre.full.win32.x86_64_15.0.1.v20201027-0507\jre\bin\net.dll
0x00007ff895af0000 - 0x00007ff895bfa000 	C:\WINDOWS\SYSTEM32\WINHTTP.dll
0x00007ff891ff0000 - 0x00007ff892002000 	C:\Users\ADMIN\Downloads\sts-4.9.0.RELEASE\plugins\org.eclipse.justj.openjdk.hotspot.jre.full.win32.x86_64_15.0.1.v20201027-0507\jre\bin\nio.dll
0x00007ff892060000 - 0x00007ff892069000 	C:\Users\ADMIN\Downloads\sts-4.9.0.RELEASE\plugins\org.eclipse.justj.openjdk.hotspot.jre.full.win32.x86_64_15.0.1.v20201027-0507\jre\bin\management.dll
0x00007ff891f80000 - 0x00007ff891f8b000 	C:\Users\ADMIN\Downloads\sts-4.9.0.RELEASE\plugins\org.eclipse.justj.openjdk.hotspot.jre.full.win32.x86_64_15.0.1.v20201027-0507\jre\bin\management_ext.dll
0x00007ff85db80000 - 0x00007ff85db97000 	C:\WINDOWS\system32\napinsp.dll
0x00007ff85db60000 - 0x00007ff85db7b000 	C:\WINDOWS\system32\pnrpnsp.dll
0x00007ff898b50000 - 0x00007ff898b6d000 	C:\WINDOWS\system32\NLAapi.dll
0x00007ff882a50000 - 0x00007ff882a65000 	C:\WINDOWS\system32\wshbth.dll
0x00007ff85db40000 - 0x00007ff85db52000 	C:\WINDOWS\System32\winrnr.dll
0x00007ff89e330000 - 0x00007ff89e348000 	C:\WINDOWS\SYSTEM32\CRYPTSP.dll
0x00007ff89dac0000 - 0x00007ff89daf4000 	C:\WINDOWS\system32\rsaenh.dll
0x00007ff89e950000 - 0x00007ff89e97e000 	C:\WINDOWS\SYSTEM32\USERENV.dll
0x00007ff89e350000 - 0x00007ff89e35c000 	C:\WINDOWS\SYSTEM32\CRYPTBASE.dll
0x00007ff897a40000 - 0x00007ff897a57000 	C:\WINDOWS\SYSTEM32\dhcpcsvc6.DLL
0x00007ff897f80000 - 0x00007ff897f9d000 	C:\WINDOWS\SYSTEM32\dhcpcsvc.DLL
0x00007ff892eb0000 - 0x00007ff892ec0000 	C:\Users\ADMIN\Downloads\sts-4.9.0.RELEASE\plugins\org.eclipse.justj.openjdk.hotspot.jre.full.win32.x86_64_15.0.1.v20201027-0507\jre\bin\verify.dll
0x00007ff892300000 - 0x00007ff89230d000 	C:\Users\ADMIN\Downloads\sts-4.9.0.RELEASE\plugins\org.eclipse.justj.openjdk.hotspot.jre.full.win32.x86_64_15.0.1.v20201027-0507\jre\bin\sunmscapi.dll
0x00007ff89ef40000 - 0x00007ff89f096000 	C:\WINDOWS\System32\CRYPT32.dll
0x00007ff89e450000 - 0x00007ff89e477000 	C:\WINDOWS\SYSTEM32\ncrypt.dll
0x00007ff89e410000 - 0x00007ff89e44b000 	C:\WINDOWS\SYSTEM32\NTASN1.dll

dbghelp: loaded successfully - version: 4.0.5 - missing functions: none
symbol engine: initialized successfully - sym options: 0x614 - pdb path: .;C:\Users\ADMIN\Downloads\sts-4.9.0.RELEASE\plugins\org.eclipse.justj.openjdk.hotspot.jre.full.win32.x86_64_15.0.1.v20201027-0507\jre\bin;C:\WINDOWS\SYSTEM32;C:\WINDOWS\WinSxS\amd64_microsoft.windows.common-controls_6595b64144ccf1df_6.0.19041.1110_none_60b5254171f9507e;C:\Users\ADMIN\Downloads\sts-4.9.0.RELEASE\plugins\org.eclipse.justj.openjdk.hotspot.jre.full.win32.x86_64_15.0.1.v20201027-0507\jre\bin\server

VM Arguments:
jvm_args: -XX:+ShowCodeDetailsInExceptionMessages -agentlib:jdwp=transport=dt_socket,suspend=y,address=localhost:56677 -Dcom.sun.management.jmxremote -Dcom.sun.management.jmxremote.port=56671 -Dcom.sun.management.jmxremote.authenticate=false -Dcom.sun.management.jmxremote.ssl=false -Djava.rmi.server.hostname=localhost -Dspring.jmx.enabled=true -Dspring.application.admin.enabled=true -XX:TieredStopAtLevel=1 -Dspring.boot.project.name=SignUpAutomation -javaagent:C:\Users\ADMIN\Downloads\sts-4.9.0.RELEASE\configuration\org.eclipse.osgi\262\0\.cp\lib\javaagent-shaded.jar -Dfile.encoding=UTF-8 
java_command: isSignup.TryAgain --spring.output.ansi.enabled=always
java_class_path (initial): D:\Workspace\SignUpAutomation\target\classes;C:\Users\ADMIN\.m2\repository\org\springframework\boot\spring-boot-starter\2.7.1\spring-boot-starter-2.7.1.jar;C:\Users\ADMIN\.m2\repository\org\springframework\boot\spring-boot\2.7.1\spring-boot-2.7.1.jar;C:\Users\ADMIN\.m2\repository\org\springframework\spring-context\5.3.21\spring-context-5.3.21.jar;C:\Users\ADMIN\.m2\repository\org\springframework\spring-aop\5.3.21\spring-aop-5.3.21.jar;C:\Users\ADMIN\.m2\repository\org\springframework\spring-beans\5.3.21\spring-beans-5.3.21.jar;C:\Users\ADMIN\.m2\repository\org\springframework\spring-expression\5.3.21\spring-expression-5.3.21.jar;C:\Users\ADMIN\.m2\repository\org\springframework\boot\spring-boot-autoconfigure\2.7.1\spring-boot-autoconfigure-2.7.1.jar;C:\Users\ADMIN\.m2\repository\org\springframework\boot\spring-boot-starter-logging\2.7.1\spring-boot-starter-logging-2.7.1.jar;C:\Users\ADMIN\.m2\repository\ch\qos\logback\logback-classic\1.2.11\logback-classic-1.2.11.jar;C:\Users\ADMIN\.m2\repository\ch\qos\logback\logback-core\1.2.11\logback-core-1.2.11.jar;C:\Users\ADMIN\.m2\repository\org\apache\logging\log4j\log4j-to-slf4j\2.17.2\log4j-to-slf4j-2.17.2.jar;C:\Users\ADMIN\.m2\repository\org\apache\logging\log4j\log4j-api\2.17.2\log4j-api-2.17.2.jar;C:\Users\ADMIN\.m2\repository\org\slf4j\jul-to-slf4j\1.7.36\jul-to-slf4j-1.7.36.jar;C:\Users\ADMIN\.m2\repository\jakarta\annotation\jakarta.annotation-api\1.3.5\jakarta.annotation-api-1.3.5.jar;C:\Users\ADMIN\.m2\repository\org\springframework\spring-core\5.3.21\spring-core-5.3.21.jar;C:\Users\ADMIN\.m2\repository\org\springframework\spring-jcl\5.3.21\spring-jcl-5.3.21.jar;C:\Users\ADMIN\.m2\repository\org\yaml\snakeyaml\1.30\snakeyaml-1.30.jar;C:\Users\ADMIN\.m2\repository\org\seleniumhq\selenium\selenium-java\4.3.0\selenium-java-4.3.0.jar;C:\Users\ADMIN\.m2\repository\org\seleniumhq\selenium\selenium-api\4.1.4\selenium-api-4.1.4.jar;C:\Users\ADMIN\.m2\repository\org\seleniumhq\selenium\seleni
Launcher Type: SUN_STANDARD

[Global flags]
     intx CICompilerCount                          = 3                                         {product} {ergonomic}
     uint ConcGCThreads                            = 1                                         {product} {ergonomic}
     uint G1ConcRefinementThreads                  = 4                                         {product} {ergonomic}
   size_t G1HeapRegionSize                         = 1048576                                   {product} {ergonomic}
    uintx GCDrainStackTargetSize                   = 64                                        {product} {ergonomic}
   size_t InitialHeapSize                          = 130023424                                 {product} {ergonomic}
     bool ManagementServer                         = true                                      {product} {command line}
   size_t MarkStackSize                            = 4194304                                   {product} {ergonomic}
   size_t MaxHeapSize                              = 2065694720                                {product} {ergonomic}
   size_t MaxNewSize                               = 1239416832                                {product} {ergonomic}
   size_t MinHeapDeltaBytes                        = 1048576                                   {product} {ergonomic}
   size_t MinHeapSize                              = 8388608                                   {product} {ergonomic}
    uintx NonNMethodCodeHeapSize                   = 6973028                                {pd product} {ergonomic}
    uintx NonProfiledCodeHeapSize                  = 244685212                              {pd product} {ergonomic}
    uintx ProfiledCodeHeapSize                     = 0                                      {pd product} {ergonomic}
    uintx ReservedCodeCacheSize                    = 251658240                              {pd product} {ergonomic}
     bool SegmentedCodeCache                       = true                                      {product} {ergonomic}
     bool ShowCodeDetailsInExceptionMessages       = true                                   {manageable} {command line}
   size_t SoftMaxHeapSize                          = 2065694720                             {manageable} {ergonomic}
     intx TieredStopAtLevel                        = 1                                         {product} {command line}
     bool UseCompressedClassPointers               = true                                 {lp64_product} {ergonomic}
     bool UseCompressedOops                        = true                                 {lp64_product} {ergonomic}
     bool UseG1GC                                  = true                                      {product} {ergonomic}
     bool UseLargePagesIndividualAllocation        = false                                  {pd product} {ergonomic}

Logging:
Log output configuration:
 #0: stdout all=warning uptime,level,tags
 #1: stderr all=off uptime,level,tags

Environment Variables:
JAVA_HOME=C:\Program Files\Java\jdk1.8.0_231\bin
PATH=C:\Users\ADMIN\Downloads\sts-4.9.0.RELEASE\plugins\org.eclipse.justj.openjdk.hotspot.jre.full.win32.x86_64_15.0.1.v20201027-0507\jre\bin;C:/Users/ADMIN/Downloads/sts-4.9.0.RELEASE//plugins/org.eclipse.justj.openjdk.hotspot.jre.full.win32.x86_64_15.0.1.v20201027-0507/jre/bin/server;C:/Users/ADMIN/Downloads/sts-4.9.0.RELEASE//plugins/org.eclipse.justj.openjdk.hotspot.jre.full.win32.x86_64_15.0.1.v20201027-0507/jre/bin;C:\Program Files\Common Files\Oracle\Java\javapath;C:\WINDOWS\system32;C:\WINDOWS;C:\WINDOWS\System32\Wbem;C:\WINDOWS\System32\WindowsPowerShell\v1.0\;C:\WINDOWS\System32\OpenSSH\;C:\Program Files\Java\jdk1.8.0_231\bin;C:\Users\ADMIN\AppData\Local\Microsoft\WindowsApps;C:\Program Files\JetBrains\IntelliJ IDEA Community Edition 2021.3\bin;;C:\Program Files\Java\jdk1.8.0_231\bin;;C:\Users\ADMIN\AppData\Local\Programs\Microsoft VS Code\bin;C:\Users\ADMIN\Downloads\sts-4.9.0.RELEASE;
USERNAME=ADMIN
OS=Windows_NT
PROCESSOR_IDENTIFIER=Intel64 Family 6 Model 69 Stepping 1, GenuineIntel



---------------  S Y S T E M  ---------------

OS:
 Windows 10 , 64 bit Build 19041 (10.0.19041.1806)
OS uptime: 4 days 13:53 hours

CPU: total 4 (initial active 4) (2 cores per cpu, 2 threads per core) family 6 model 69 stepping 1 microcode 0x25, cmov, cx8, fxsr, mmx, sse, sse2, sse3, ssse3, sse4.1, sse4.2, popcnt, vzeroupper, avx, avx2, aes, clmul, erms, lzcnt, ht, tsc, tscinvbit, bmi1, bmi2, fma, clflush

Memory: 4k page, system-wide physical 7878M (653M free)
TotalPageFile size 19142M (AvailPageFile size 4846M)
current process WorkingSet (physical memory assigned to process): 93M, peak: 150M
current process commit charge ("private bytes"): 177M, peak: 224M

vm_info: OpenJDK 64-Bit Server VM (15.0.1+9-18) for windows-amd64 JRE (15.0.1+9-18), built on Sep 15 2020 14:39:31 by "mach5one" with unknown MS VC++:1925

END.
