#
# A fatal error has been detected by the Java Runtime Environment:
#
#  EXCEPTION_ACCESS_VIOLATION (0xc0000005) at pc=0x00007ff851b7fcc5, pid=26932, tid=20348
#
# JRE version: OpenJDK Runtime Environment (15.0.1+9) (build 15.0.1+9-18)
# Java VM: OpenJDK 64-Bit Server VM (15.0.1+9-18, mixed mode, tiered, compressed oops, g1 gc, windows-amd64)
# Problematic frame:
# V  [jvm.dll+0x2ffcc5]
#
# No core dump will be written. Minidumps are not enabled by default on client versions of Windows
#
# If you would like to submit a bug report, please visit:
#   https://bugreport.java.com/bugreport/crash.jsp
#

---------------  S U M M A R Y ------------

Command Line: -XX:+ShowCodeDetailsInExceptionMessages -agentlib:jdwp=transport=dt_socket,suspend=y,address=localhost:57803 -Dcom.sun.management.jmxremote -Dcom.sun.management.jmxremote.port=57802 -Dcom.sun.management.jmxremote.authenticate=false -Dcom.sun.management.jmxremote.ssl=false -Djava.rmi.server.hostname=localhost -Dspring.jmx.enabled=true -Dspring.application.admin.enabled=true -XX:TieredStopAtLevel=1 -Dspring.boot.project.name=SignUpAutomation -javaagent:C:\Users\ADMIN\Downloads\sts-4.9.0.RELEASE\configuration\org.eclipse.osgi\262\0\.cp\lib\javaagent-shaded.jar -Dfile.encoding=UTF-8 isSignup.TryAgain --spring.output.ansi.enabled=always

Host: Intel(R) Core(TM) i5-4300U CPU @ 1.90GHz, 4 cores, 7G,  Windows 10 , 64 bit Build 19041 (10.0.19041.1806)
Time: Fri Jul 29 16:42:31 2022 India Standard Time elapsed time: 601.460629 seconds (0d 0h 10m 1s)

---------------  T H R E A D  ---------------

Current thread (0x0000015041bcaaf0):  GCTaskThread "GC Thread#1" [stack: 0x000000242c400000,0x000000242c500000] [id=20348]

Stack: [0x000000242c400000,0x000000242c500000],  sp=0x000000242c4fda20,  free space=1014k
Native frames: (J=compiled Java code, j=interpreted, Vv=VM code, C=native code)
V  [jvm.dll+0x2ffcc5]
V  [jvm.dll+0x3021e2]
V  [jvm.dll+0x3028ee]
V  [jvm.dll+0x2fff9f]
V  [jvm.dll+0x2ff24a]
V  [jvm.dll+0x619c80]
V  [jvm.dll+0x61a4e4]
V  [jvm.dll+0x5df027]
V  [jvm.dll+0x29443b]
V  [jvm.dll+0x293d00]
V  [jvm.dll+0x742617]
V  [jvm.dll+0x742a6e]
V  [jvm.dll+0x2e20ec]
V  [jvm.dll+0x2e1f58]
V  [jvm.dll+0x2aad64]
V  [jvm.dll+0x2accfd]
V  [jvm.dll+0x7adba0]
V  [jvm.dll+0x73d65a]
V  [jvm.dll+0x629c56]
C  [ucrtbase.dll+0x21bb2]
C  [KERNEL32.DLL+0x17034]
C  [ntdll.dll+0x52651]

JavaThread 0x0000015027749ba0 (nid = 31972) was being processed
Java frames: (J=compiled Java code, j=interpreted, Vv=VM code)
j  isSignup.TryAgain.main([Ljava/lang/String;)V+0
v  ~StubRoutines::call_stub

siginfo: EXCEPTION_ACCESS_VIOLATION (0xc0000005), reading address 0x0000000000000006


Register to memory mapping:

RIP=0x00007ff851b7fcc5 jvm.dll
RAX=0x0 is NULL
RBX=0x000000242c4fdcc0 points into unknown readable memory: 0x00007ff85214cb70 | 70 cb 14 52 f8 7f 00 00
RCX=0x0 is NULL
RDX=0x0 is NULL
RSP=0x000000242c4fda20 points into unknown readable memory: 0x000000242c4fda90 | 90 da 4f 2c 24 00 00 00
RBP=0x0000000000000001 is an unknown value
RSI=0x0000000000000001 is an unknown value
RDI=0x0000015042c38f50 is pointing into metadata
R8 =0x0 is NULL
R9 =0x0000015042c38f50 is pointing into metadata
R10=0x000000242c4fdcc0 points into unknown readable memory: 0x00007ff85214cb70 | 70 cb 14 52 f8 7f 00 00
R11={method} {0x0000015042c39e38} 'main' '([Ljava/lang/String;)V' in 'isSignup/TryAgain'
R12=0x00007ff851880000 jvm.dll
R13=0x0000015040fc7ce0 points into unknown readable memory: 0x0000000000000000 | 00 00 00 00 00 00 00 00
R14=0x0000015042c39d0f is pointing into metadata
R15=0x00000000000001f6 is an unknown value


Registers:
RAX=0x0000000000000000, RBX=0x000000242c4fdcc0, RCX=0x0000000000000000, RDX=0x0000000000000000
RSP=0x000000242c4fda20, RBP=0x0000000000000001, RSI=0x0000000000000001, RDI=0x0000015042c38f50
R8 =0x0000000000000000, R9 =0x0000015042c38f50, R10=0x000000242c4fdcc0, R11=0x0000015042c39e30
R12=0x00007ff851880000, R13=0x0000015040fc7ce0, R14=0x0000015042c39d0f, R15=0x00000000000001f6
RIP=0x00007ff851b7fcc5, EFLAGS=0x0000000000010206

Top of Stack: (sp=0x000000242c4fda20)
0x000000242c4fda20:   000000242c4fda90 00007ff851b83873
0x000000242c4fda30:   000000242c4fda90 00007ff85198201e
0x000000242c4fda40:   0000000000000000 0000000000000000
0x000000242c4fda50:   0000015042271260 00007ff851a8caad
0x000000242c4fda60:   00003f75e46aa713 000000242c4fdcc0
0x000000242c4fda70:   0000015042c39d0f 00000000000000b2
0x000000242c4fda80:   000000242c4fdcc0 00007ff851b821e2
0x000000242c4fda90:   0000015042c39e30 000000242c4fdb30
0x000000242c4fdaa0:   0000000000000001 0000015042c39ce6
0x000000242c4fdab0:   0000002400000127 0000000000000000
0x000000242c4fdac0:   0000015042c39e30 0000015041bcaaf0
0x000000242c4fdad0:   0000015042c39d03 00007ff8000000e6
0x000000242c4fdae0:   0000015042c39e30 000000242c4fdcc0
0x000000242c4fdaf0:   00000000000001f6 00000000000000b2
0x000000242c4fdb00:   000000242c4fdcc0 00007ff851b828ee
0x000000242c4fdb10:   000000242c4fdb60 00000000000000b2 

Instructions: (pc=0x00007ff851b7fcc5)
0x00007ff851b7fbc5:   42 8b 1c 81 4e 8d 34 81 8b 75 58 41 81 e0 ff ff
0x00007ff851b7fbd5:   ff 00 41 81 c8 00 00 00 47 48 8b cd 45 89 06 c7
0x00007ff851b7fbe5:   45 58 01 00 00 00 e8 80 38 00 00 66 83 7c 24 68
0x00007ff851b7fbf5:   00 41 89 1e 89 75 58 74 40 8b 4c 24 70 49 ff c7
0x00007ff851b7fc05:   0f b7 c1 48 83 c7 08 4c 3b f8 0f 8c 4b ff ff ff
0x00007ff851b7fc15:   83 7d 5c 00 74 23 48 83 3d 6d 32 78 00 00 74 15
0x00007ff851b7fc25:   80 7d 42 00 74 0f 48 8d 15 86 f2 58 00 48 8b cd
0x00007ff851b7fc35:   e8 a6 42 00 00 c6 45 42 00 4c 8b 74 24 28 4c 8b
0x00007ff851b7fc45:   6c 24 30 4c 8b 64 24 38 48 8b 7c 24 40 48 8b 74
0x00007ff851b7fc55:   24 48 48 8b 5c 24 60 4c 8b 7c 24 20 48 83 c4 50
0x00007ff851b7fc65:   5d c3 cc cc cc cc cc cc cc cc cc 48 89 5c 24 10
0x00007ff851b7fc75:   48 89 6c 24 18 56 57 41 56 48 83 ec 50 48 8b 05
0x00007ff851b7fc85:   8f 01 73 00 48 33 c4 48 89 44 24 40 48 8b 41 08
0x00007ff851b7fc95:   48 8b d9 41 8b e8 8b f2 45 33 c0 41 8b d1 48 8b
0x00007ff851b7fca5:   48 08 48 8b 79 08 48 8b cf e8 8d eb f0 ff 8b d0
0x00007ff851b7fcb5:   48 8b cf e8 43 16 f1 ff 48 63 c8 48 8b 44 cf 48
0x00007ff851b7fcc5:   0f be 48 06 e8 f2 79 3a 00 8b 0d b0 30 78 00 48
0x00007ff851b7fcd5:   8d 3d ad 30 78 00 8d 50 f4 83 fa 01 76 27 8d 50
0x00007ff851b7fce5:   f9 f7 c2 fb ff ff ff 74 13 83 f8 0e 48 8d 15 a0
0x00007ff851b7fcf5:   30 78 00 4c 8b d7 4c 0f 45 d2 eb 27 4c 8d 15 c0
0x00007ff851b7fd05:   30 78 00 eb 1e 8b 84 24 90 00 00 00 4c 8d 54 24
0x00007ff851b7fd15:   30 25 ff ff ff 00 89 4c 24 34 0d 00 00 00 46 89
0x00007ff851b7fd25:   44 24 30 45 33 c0 85 f6 74 05 49 8b fa eb 29 41
0x00007ff851b7fd35:   8b 02 85 c0 74 22 49 8b d0 4d 8b c8 42 89 44 0c
0x00007ff851b7fd45:   20 48 8d 52 01 4c 8d 0c 95 00 00 00 00 41 ff c0
0x00007ff851b7fd55:   43 8b 04 11 85 c0 75 e4 85 ed 75 10 8b 05 6d cc
0x00007ff851b7fd65:   6f 00 49 63 d0 41 ff c0 89 44 94 20 49 63 c0 4c
0x00007ff851b7fd75:   8d 74 24 20 89 4c 84 20 8b 74 24 20 85 f6 74 4c
0x00007ff851b7fd85:   48 63 53 58 85 d2 7f 18 48 8d 15 ac 07 55 00 48
0x00007ff851b7fd95:   8b cb e8 14 48 00 00 44 8b 05 ed 2f 78 00 eb 16
0x00007ff851b7fda5:   48 63 4b 20 8d 42 ff 89 43 58 48 03 ca 48 8b 43
0x00007ff851b7fdb5:   48 44 8b 44 88 fc 8b d6 48 8b cb e8 5b f0 ff ff 


Stack slot to memory mapping:
stack at sp + 0 slots: 0x000000242c4fda90 points into unknown readable memory: 0x0000015042c39e30 | 30 9e c3 42 50 01 00 00
stack at sp + 1 slots: 0x00007ff851b83873 jvm.dll
stack at sp + 2 slots: 0x000000242c4fda90 points into unknown readable memory: 0x0000015042c39e30 | 30 9e c3 42 50 01 00 00
stack at sp + 3 slots: 0x00007ff85198201e jvm.dll
stack at sp + 4 slots: 0x0 is NULL
stack at sp + 5 slots: 0x0 is NULL
stack at sp + 6 slots: 0x0000015042271260 points into unknown readable memory: 0x0000000000000000 | 00 00 00 00 00 00 00 00
stack at sp + 7 slots: 0x00007ff851a8caad jvm.dll


---------------  P R O C E S S  ---------------

Threads class SMR info:
_java_thread_list=0x000001504269c520, length=19, elements={
0x0000015027749ba0, 0x0000015040fc43a0, 0x00000150417f1010, 0x0000015041816000,
0x00000150418178d0, 0x000001504181a5a0, 0x0000015041822e70, 0x000001504182b780,
0x0000015041989320, 0x00000150419e0b70, 0x00000150419fe070, 0x00000150419fe560,
0x00000150423e4e40, 0x00000150425d1e10, 0x00000150425d4660, 0x000001504260ccb0,
0x000001504260df80, 0x000001504260e450, 0x00000150426acfc0
}

Java Threads: ( => current thread )
  0x0000015027749ba0 JavaThread "main" [_thread_blocked, id=31972, stack(0x000000242b100000,0x000000242b200000)]
  0x0000015040fc43a0 JavaThread "Reference Handler" daemon [_thread_blocked, id=30092, stack(0x000000242b900000,0x000000242ba00000)]
  0x00000150417f1010 JavaThread "Finalizer" daemon [_thread_blocked, id=31472, stack(0x000000242ba00000,0x000000242bb00000)]
  0x0000015041816000 JavaThread "Signal Dispatcher" daemon [_thread_blocked, id=14848, stack(0x000000242bb00000,0x000000242bc00000)]
  0x00000150418178d0 JavaThread "Attach Listener" daemon [_thread_blocked, id=17812, stack(0x000000242bc00000,0x000000242bd00000)]
  0x000001504181a5a0 JavaThread "Service Thread" daemon [_thread_blocked, id=27268, stack(0x000000242bd00000,0x000000242be00000)]
  0x0000015041822e70 JavaThread "C1 CompilerThread0" daemon [_thread_blocked, id=30872, stack(0x000000242be00000,0x000000242bf00000)]
  0x000001504182b780 JavaThread "Sweeper thread" daemon [_thread_blocked, id=33700, stack(0x000000242bf00000,0x000000242c000000)]
  0x0000015041989320 JavaThread "Common-Cleaner" daemon [_thread_blocked, id=20816, stack(0x000000242c000000,0x000000242c100000)]
  0x00000150419e0b70 JavaThread "JDWP Transport Listener: dt_socket" daemon [_thread_blocked, id=14708, stack(0x000000242c100000,0x000000242c200000)]
  0x00000150419fe070 JavaThread "JDWP Event Helper Thread" daemon [_thread_blocked, id=31776, stack(0x000000242c200000,0x000000242c300000)]
  0x00000150419fe560 JavaThread "JDWP Command Reader" daemon [_thread_in_native, id=34572, stack(0x000000242c300000,0x000000242c400000)]
  0x00000150423e4e40 JavaThread "Notification Thread" daemon [_thread_blocked, id=25104, stack(0x000000242c500000,0x000000242c600000)]
  0x00000150425d1e10 JavaThread "RMI TCP Accept-0" daemon [_thread_in_native, id=20380, stack(0x000000242c600000,0x000000242c700000)]
  0x00000150425d4660 JavaThread "RMI TCP Accept-57802" daemon [_thread_in_native, id=2776, stack(0x000000242c700000,0x000000242c800000)]
  0x000001504260ccb0 JavaThread "RMI TCP Accept-0" daemon [_thread_in_native, id=33764, stack(0x000000242c800000,0x000000242c900000)]
  0x000001504260df80 JavaThread "RMI TCP Connection(2)-127.0.0.1" daemon [_thread_blocked, id=26372, stack(0x000000242cb00000,0x000000242cc00000)]
  0x000001504260e450 JavaThread "RMI Scheduler(0)" daemon [_thread_blocked, id=31668, stack(0x000000242cc00000,0x000000242cd00000)]
  0x00000150426acfc0 JavaThread "JMX server connection timeout 23" daemon [_thread_blocked, id=23860, stack(0x000000242cd00000,0x000000242ce00000)]

Other Threads:
  0x0000015040fac100 VMThread "VM Thread" [stack: 0x000000242b800000,0x000000242b900000] [id=24404]
  0x000001502774ab20 WatcherThread [stack: 0x000000242c900000,0x000000242ca00000] [id=23908]
  0x00000150277835a0 GCTaskThread "GC Thread#0" [stack: 0x000000242b300000,0x000000242b400000] [id=7148]
=>0x0000015041bcaaf0 GCTaskThread "GC Thread#1" [stack: 0x000000242c400000,0x000000242c500000] [id=20348]
  0x00000150277953f0 ConcurrentGCThread "G1 Main Marker" [stack: 0x000000242b400000,0x000000242b500000] [id=8932]
  0x0000015027795ef0 ConcurrentGCThread "G1 Conc#0" [stack: 0x000000242b500000,0x000000242b600000] [id=1340]
  0x0000015027803090 ConcurrentGCThread "G1 Refine#0" [stack: 0x000000242b600000,0x000000242b700000] [id=32176]
  0x0000015027803ba0 ConcurrentGCThread "G1 Young RemSet Sampling" [stack: 0x000000242b700000,0x000000242b800000] [id=34960]

Threads with active compile tasks:

VM state: at safepoint (normal execution)

VM Mutex/Monitor currently owned by a thread:  ([mutex/lock_event])
[0x0000015027744b80] Threads_lock - owner thread: 0x0000015040fac100
[0x0000015027746320] Heap_lock - owner thread: 0x000001504260df80

Heap address: 0x0000000084e00000, size: 1970 MB, Compressed Oops mode: 32-bit
CDS disabled.
Compressed class space mapped at: 0x0000000100000000-0x0000000140000000, size: 1073741824
Narrow klass base: 0x0000000000000000, Narrow klass shift: 3, Narrow klass range: 0x140000000

GC Precious Log:
 CPUs: 4 total, 4 available
 Memory: 7878M
 Large Page Support: Disabled
 NUMA Support: Disabled
 Compressed Oops: Enabled (32-bit)
 Heap Region Size: 1M
 Heap Min Capacity: 8M
 Heap Initial Capacity: 124M
 Heap Max Capacity: 1970M
 Pre-touch: Disabled
 Parallel Workers: 4
 Concurrent Workers: 1
 Concurrent Refinement Workers: 4
 Periodic GC: Disabled

Heap:
 garbage-first heap   total 126976K, used 27935K [0x0000000084e00000, 0x0000000100000000)
  region size 1024K, 21 young (21504K), 1 survivors (1024K)
 Metaspace       used 15438K, capacity 15697K, committed 16000K, reserved 1062912K
  class space    used 1533K, capacity 1607K, committed 1664K, reserved 1048576K

Heap Regions: E=young(eden), S=young(survivor), O=old, HS=humongous(starts), HC=humongous(continues), CS=collection set, F=free, OA=open archive, CA=closed archive, TAMS=top-at-mark-start (previous, next)
|   0|0x0000000084e00000, 0x0000000084f00000, 0x0000000084f00000|100%| O|  |TAMS 0x0000000084e00000, 0x0000000084e00000| Untracked 
|   1|0x0000000084f00000, 0x0000000085000000, 0x0000000085000000|100%| O|  |TAMS 0x0000000084f00000, 0x0000000084f00000| Untracked 
|   2|0x0000000085000000, 0x0000000085100000, 0x0000000085100000|100%| O|  |TAMS 0x0000000085000000, 0x0000000085000000| Untracked 
|   3|0x0000000085100000, 0x0000000085200000, 0x0000000085200000|100%| O|  |TAMS 0x0000000085100000, 0x0000000085100000| Untracked 
|   4|0x0000000085200000, 0x0000000085300000, 0x0000000085300000|100%| O|  |TAMS 0x0000000085200000, 0x0000000085200000| Untracked 
|   5|0x0000000085300000, 0x0000000085400000, 0x0000000085400000|100%| O|  |TAMS 0x0000000085300000, 0x0000000085300000| Untracked 
|   6|0x0000000085400000, 0x0000000085500000, 0x0000000085500000|100%| O|  |TAMS 0x0000000085400000, 0x0000000085400000| Untracked 
|   7|0x0000000085500000, 0x0000000085555278, 0x0000000085600000| 33%| O|  |TAMS 0x0000000085500000, 0x0000000085500000| Untracked 
|   8|0x0000000085600000, 0x0000000085600000, 0x0000000085700000|  0%| F|  |TAMS 0x0000000085600000, 0x0000000085600000| Untracked 
|   9|0x0000000085700000, 0x0000000085700000, 0x0000000085800000|  0%| F|  |TAMS 0x0000000085700000, 0x0000000085700000| Untracked 
|  10|0x0000000085800000, 0x0000000085800000, 0x0000000085900000|  0%| F|  |TAMS 0x0000000085800000, 0x0000000085800000| Untracked 
|  11|0x0000000085900000, 0x0000000085900000, 0x0000000085a00000|  0%| F|  |TAMS 0x0000000085900000, 0x0000000085900000| Untracked 
|  12|0x0000000085a00000, 0x0000000085a00000, 0x0000000085b00000|  0%| F|  |TAMS 0x0000000085a00000, 0x0000000085a00000| Untracked 
|  13|0x0000000085b00000, 0x0000000085b00000, 0x0000000085c00000|  0%| F|  |TAMS 0x0000000085b00000, 0x0000000085b00000| Untracked 
|  14|0x0000000085c00000, 0x0000000085c00000, 0x0000000085d00000|  0%| F|  |TAMS 0x0000000085c00000, 0x0000000085c00000| Untracked 
|  15|0x0000000085d00000, 0x0000000085d00000, 0x0000000085e00000|  0%| F|  |TAMS 0x0000000085d00000, 0x0000000085d00000| Untracked 
|  16|0x0000000085e00000, 0x0000000085e00000, 0x0000000085f00000|  0%| F|  |TAMS 0x0000000085e00000, 0x0000000085e00000| Untracked 
|  17|0x0000000085f00000, 0x0000000085f00000, 0x0000000086000000|  0%| F|  |TAMS 0x0000000085f00000, 0x0000000085f00000| Untracked 
|  18|0x0000000086000000, 0x0000000086000000, 0x0000000086100000|  0%| F|  |TAMS 0x0000000086000000, 0x0000000086000000| Untracked 
|  19|0x0000000086100000, 0x0000000086100000, 0x0000000086200000|  0%| F|  |TAMS 0x0000000086100000, 0x0000000086100000| Untracked 
|  20|0x0000000086200000, 0x0000000086200000, 0x0000000086300000|  0%| F|  |TAMS 0x0000000086200000, 0x0000000086200000| Untracked 
|  21|0x0000000086300000, 0x0000000086300000, 0x0000000086400000|  0%| F|  |TAMS 0x0000000086300000, 0x0000000086300000| Untracked 
|  22|0x0000000086400000, 0x0000000086400000, 0x0000000086500000|  0%| F|  |TAMS 0x0000000086400000, 0x0000000086400000| Untracked 
|  23|0x0000000086500000, 0x0000000086500000, 0x0000000086600000|  0%| F|  |TAMS 0x0000000086500000, 0x0000000086500000| Untracked 
|  24|0x0000000086600000, 0x0000000086600000, 0x0000000086700000|  0%| F|  |TAMS 0x0000000086600000, 0x0000000086600000| Untracked 
|  25|0x0000000086700000, 0x0000000086700000, 0x0000000086800000|  0%| F|  |TAMS 0x0000000086700000, 0x0000000086700000| Untracked 
|  26|0x0000000086800000, 0x0000000086800000, 0x0000000086900000|  0%| F|  |TAMS 0x0000000086800000, 0x0000000086800000| Untracked 
|  27|0x0000000086900000, 0x0000000086900000, 0x0000000086a00000|  0%| F|  |TAMS 0x0000000086900000, 0x0000000086900000| Untracked 
|  28|0x0000000086a00000, 0x0000000086a00000, 0x0000000086b00000|  0%| F|  |TAMS 0x0000000086a00000, 0x0000000086a00000| Untracked 
|  29|0x0000000086b00000, 0x0000000086b00000, 0x0000000086c00000|  0%| F|  |TAMS 0x0000000086b00000, 0x0000000086b00000| Untracked 
|  30|0x0000000086c00000, 0x0000000086c00000, 0x0000000086d00000|  0%| F|  |TAMS 0x0000000086c00000, 0x0000000086c00000| Untracked 
|  31|0x0000000086d00000, 0x0000000086d00000, 0x0000000086e00000|  0%| F|  |TAMS 0x0000000086d00000, 0x0000000086d00000| Untracked 
|  32|0x0000000086e00000, 0x0000000086e00000, 0x0000000086f00000|  0%| F|  |TAMS 0x0000000086e00000, 0x0000000086e00000| Untracked 
|  33|0x0000000086f00000, 0x0000000086f00000, 0x0000000087000000|  0%| F|  |TAMS 0x0000000086f00000, 0x0000000086f00000| Untracked 
|  34|0x0000000087000000, 0x0000000087000000, 0x0000000087100000|  0%| F|  |TAMS 0x0000000087000000, 0x0000000087000000| Untracked 
|  35|0x0000000087100000, 0x0000000087100000, 0x0000000087200000|  0%| F|  |TAMS 0x0000000087100000, 0x0000000087100000| Untracked 
|  36|0x0000000087200000, 0x0000000087200000, 0x0000000087300000|  0%| F|  |TAMS 0x0000000087200000, 0x0000000087200000| Untracked 
|  37|0x0000000087300000, 0x0000000087300000, 0x0000000087400000|  0%| F|  |TAMS 0x0000000087300000, 0x0000000087300000| Untracked 
|  38|0x0000000087400000, 0x0000000087400000, 0x0000000087500000|  0%| F|  |TAMS 0x0000000087400000, 0x0000000087400000| Untracked 
|  39|0x0000000087500000, 0x0000000087500000, 0x0000000087600000|  0%| F|  |TAMS 0x0000000087500000, 0x0000000087500000| Untracked 
|  40|0x0000000087600000, 0x0000000087600000, 0x0000000087700000|  0%| F|  |TAMS 0x0000000087600000, 0x0000000087600000| Untracked 
|  41|0x0000000087700000, 0x0000000087700000, 0x0000000087800000|  0%| F|  |TAMS 0x0000000087700000, 0x0000000087700000| Untracked 
|  42|0x0000000087800000, 0x0000000087800000, 0x0000000087900000|  0%| F|  |TAMS 0x0000000087800000, 0x0000000087800000| Untracked 
|  43|0x0000000087900000, 0x0000000087900000, 0x0000000087a00000|  0%| F|  |TAMS 0x0000000087900000, 0x0000000087900000| Untracked 
|  44|0x0000000087a00000, 0x0000000087a00000, 0x0000000087b00000|  0%| F|  |TAMS 0x0000000087a00000, 0x0000000087a00000| Untracked 
|  45|0x0000000087b00000, 0x0000000087b00000, 0x0000000087c00000|  0%| F|  |TAMS 0x0000000087b00000, 0x0000000087b00000| Untracked 
|  46|0x0000000087c00000, 0x0000000087c00000, 0x0000000087d00000|  0%| F|  |TAMS 0x0000000087c00000, 0x0000000087c00000| Untracked 
|  47|0x0000000087d00000, 0x0000000087d00000, 0x0000000087e00000|  0%| F|  |TAMS 0x0000000087d00000, 0x0000000087d00000| Untracked 
|  48|0x0000000087e00000, 0x0000000087e00000, 0x0000000087f00000|  0%| F|  |TAMS 0x0000000087e00000, 0x0000000087e00000| Untracked 
|  49|0x0000000087f00000, 0x0000000087f00000, 0x0000000088000000|  0%| F|  |TAMS 0x0000000087f00000, 0x0000000087f00000| Untracked 
|  50|0x0000000088000000, 0x0000000088000000, 0x0000000088100000|  0%| F|  |TAMS 0x0000000088000000, 0x0000000088000000| Untracked 
|  51|0x0000000088100000, 0x0000000088100000, 0x0000000088200000|  0%| F|  |TAMS 0x0000000088100000, 0x0000000088100000| Untracked 
|  52|0x0000000088200000, 0x0000000088200000, 0x0000000088300000|  0%| F|  |TAMS 0x0000000088200000, 0x0000000088200000| Untracked 
|  53|0x0000000088300000, 0x0000000088300000, 0x0000000088400000|  0%| F|  |TAMS 0x0000000088300000, 0x0000000088300000| Untracked 
|  54|0x0000000088400000, 0x0000000088400000, 0x0000000088500000|  0%| F|  |TAMS 0x0000000088400000, 0x0000000088400000| Untracked 
|  55|0x0000000088500000, 0x0000000088500000, 0x0000000088600000|  0%| F|  |TAMS 0x0000000088500000, 0x0000000088500000| Untracked 
|  56|0x0000000088600000, 0x0000000088600000, 0x0000000088700000|  0%| F|  |TAMS 0x0000000088600000, 0x0000000088600000| Untracked 
|  57|0x0000000088700000, 0x0000000088700000, 0x0000000088800000|  0%| F|  |TAMS 0x0000000088700000, 0x0000000088700000| Untracked 
|  58|0x0000000088800000, 0x0000000088800000, 0x0000000088900000|  0%| F|  |TAMS 0x0000000088800000, 0x0000000088800000| Untracked 
|  59|0x0000000088900000, 0x0000000088900000, 0x0000000088a00000|  0%| F|  |TAMS 0x0000000088900000, 0x0000000088900000| Untracked 
|  60|0x0000000088a00000, 0x0000000088a00000, 0x0000000088b00000|  0%| F|  |TAMS 0x0000000088a00000, 0x0000000088a00000| Untracked 
|  61|0x0000000088b00000, 0x0000000088b00000, 0x0000000088c00000|  0%| F|  |TAMS 0x0000000088b00000, 0x0000000088b00000| Untracked 
|  62|0x0000000088c00000, 0x0000000088c00000, 0x0000000088d00000|  0%| F|  |TAMS 0x0000000088c00000, 0x0000000088c00000| Untracked 
|  63|0x0000000088d00000, 0x0000000088d00000, 0x0000000088e00000|  0%| F|  |TAMS 0x0000000088d00000, 0x0000000088d00000| Untracked 
|  64|0x0000000088e00000, 0x0000000088e00000, 0x0000000088f00000|  0%| F|  |TAMS 0x0000000088e00000, 0x0000000088e00000| Untracked 
|  65|0x0000000088f00000, 0x0000000088f00000, 0x0000000089000000|  0%| F|  |TAMS 0x0000000088f00000, 0x0000000088f00000| Untracked 
|  66|0x0000000089000000, 0x0000000089000000, 0x0000000089100000|  0%| F|  |TAMS 0x0000000089000000, 0x0000000089000000| Untracked 
|  67|0x0000000089100000, 0x0000000089100000, 0x0000000089200000|  0%| F|  |TAMS 0x0000000089100000, 0x0000000089100000| Untracked 
|  68|0x0000000089200000, 0x0000000089200000, 0x0000000089300000|  0%| F|  |TAMS 0x0000000089200000, 0x0000000089200000| Untracked 
|  69|0x0000000089300000, 0x0000000089300000, 0x0000000089400000|  0%| F|  |TAMS 0x0000000089300000, 0x0000000089300000| Untracked 
|  70|0x0000000089400000, 0x0000000089400000, 0x0000000089500000|  0%| F|  |TAMS 0x0000000089400000, 0x0000000089400000| Untracked 
|  71|0x0000000089500000, 0x0000000089500000, 0x0000000089600000|  0%| F|  |TAMS 0x0000000089500000, 0x0000000089500000| Untracked 
|  72|0x0000000089600000, 0x0000000089600000, 0x0000000089700000|  0%| F|  |TAMS 0x0000000089600000, 0x0000000089600000| Untracked 
|  73|0x0000000089700000, 0x0000000089700000, 0x0000000089800000|  0%| F|  |TAMS 0x0000000089700000, 0x0000000089700000| Untracked 
|  74|0x0000000089800000, 0x0000000089800000, 0x0000000089900000|  0%| F|  |TAMS 0x0000000089800000, 0x0000000089800000| Untracked 
|  75|0x0000000089900000, 0x0000000089900000, 0x0000000089a00000|  0%| F|  |TAMS 0x0000000089900000, 0x0000000089900000| Untracked 
|  76|0x0000000089a00000, 0x0000000089a00000, 0x0000000089b00000|  0%| F|  |TAMS 0x0000000089a00000, 0x0000000089a00000| Untracked 
|  77|0x0000000089b00000, 0x0000000089b00000, 0x0000000089c00000|  0%| F|  |TAMS 0x0000000089b00000, 0x0000000089b00000| Untracked 
|  78|0x0000000089c00000, 0x0000000089c00000, 0x0000000089d00000|  0%| F|  |TAMS 0x0000000089c00000, 0x0000000089c00000| Untracked 
|  79|0x0000000089d00000, 0x0000000089d00000, 0x0000000089e00000|  0%| F|  |TAMS 0x0000000089d00000, 0x0000000089d00000| Untracked 
|  80|0x0000000089e00000, 0x0000000089e00000, 0x0000000089f00000|  0%| F|  |TAMS 0x0000000089e00000, 0x0000000089e00000| Untracked 
|  81|0x0000000089f00000, 0x0000000089f00000, 0x000000008a000000|  0%| F|  |TAMS 0x0000000089f00000, 0x0000000089f00000| Untracked 
|  82|0x000000008a000000, 0x000000008a000000, 0x000000008a100000|  0%| F|  |TAMS 0x000000008a000000, 0x000000008a000000| Untracked 
|  83|0x000000008a100000, 0x000000008a100000, 0x000000008a200000|  0%| F|  |TAMS 0x000000008a100000, 0x000000008a100000| Untracked 
|  84|0x000000008a200000, 0x000000008a200000, 0x000000008a300000|  0%| F|  |TAMS 0x000000008a200000, 0x000000008a200000| Untracked 
|  85|0x000000008a300000, 0x000000008a300000, 0x000000008a400000|  0%| F|  |TAMS 0x000000008a300000, 0x000000008a300000| Untracked 
|  86|0x000000008a400000, 0x000000008a400000, 0x000000008a500000|  0%| F|  |TAMS 0x000000008a400000, 0x000000008a400000| Untracked 
|  87|0x000000008a500000, 0x000000008a500000, 0x000000008a600000|  0%| F|  |TAMS 0x000000008a500000, 0x000000008a500000| Untracked 
|  88|0x000000008a600000, 0x000000008a600000, 0x000000008a700000|  0%| F|  |TAMS 0x000000008a600000, 0x000000008a600000| Untracked 
|  89|0x000000008a700000, 0x000000008a700000, 0x000000008a800000|  0%| F|  |TAMS 0x000000008a700000, 0x000000008a700000| Untracked 
|  90|0x000000008a800000, 0x000000008a800000, 0x000000008a900000|  0%| F|  |TAMS 0x000000008a800000, 0x000000008a800000| Untracked 
|  91|0x000000008a900000, 0x000000008a900000, 0x000000008aa00000|  0%| F|  |TAMS 0x000000008a900000, 0x000000008a900000| Untracked 
|  92|0x000000008aa00000, 0x000000008aa00000, 0x000000008ab00000|  0%| F|  |TAMS 0x000000008aa00000, 0x000000008aa00000| Untracked 
|  93|0x000000008ab00000, 0x000000008ab00000, 0x000000008ac00000|  0%| F|  |TAMS 0x000000008ab00000, 0x000000008ab00000| Untracked 
|  94|0x000000008ac00000, 0x000000008ac00000, 0x000000008ad00000|  0%| F|  |TAMS 0x000000008ac00000, 0x000000008ac00000| Untracked 
|  95|0x000000008ad00000, 0x000000008ad00000, 0x000000008ae00000|  0%| F|  |TAMS 0x000000008ad00000, 0x000000008ad00000| Untracked 
|  96|0x000000008ae00000, 0x000000008ae00000, 0x000000008af00000|  0%| F|  |TAMS 0x000000008ae00000, 0x000000008ae00000| Untracked 
|  97|0x000000008af00000, 0x000000008af00000, 0x000000008b000000|  0%| F|  |TAMS 0x000000008af00000, 0x000000008af00000| Untracked 
|  98|0x000000008b000000, 0x000000008b000000, 0x000000008b100000|  0%| F|  |TAMS 0x000000008b000000, 0x000000008b000000| Untracked 
|  99|0x000000008b100000, 0x000000008b100000, 0x000000008b200000|  0%| F|  |TAMS 0x000000008b100000, 0x000000008b100000| Untracked 
| 100|0x000000008b200000, 0x000000008b200000, 0x000000008b300000|  0%| F|  |TAMS 0x000000008b200000, 0x000000008b200000| Untracked 
| 101|0x000000008b300000, 0x000000008b370830, 0x000000008b400000| 43%| S|  |TAMS 0x000000008b300000, 0x000000008b300000| Complete 
| 102|0x000000008b400000, 0x000000008b500000, 0x000000008b500000|100%| E|CS|TAMS 0x000000008b400000, 0x000000008b400000| Complete 
| 103|0x000000008b500000, 0x000000008b600000, 0x000000008b600000|100%| E|CS|TAMS 0x000000008b500000, 0x000000008b500000| Complete 
| 104|0x000000008b600000, 0x000000008b700000, 0x000000008b700000|100%| E|CS|TAMS 0x000000008b600000, 0x000000008b600000| Complete 
| 105|0x000000008b700000, 0x000000008b800000, 0x000000008b800000|100%| E|CS|TAMS 0x000000008b700000, 0x000000008b700000| Complete 
| 106|0x000000008b800000, 0x000000008b900000, 0x000000008b900000|100%| E|CS|TAMS 0x000000008b800000, 0x000000008b800000| Complete 
| 107|0x000000008b900000, 0x000000008ba00000, 0x000000008ba00000|100%| E|CS|TAMS 0x000000008b900000, 0x000000008b900000| Complete 
| 108|0x000000008ba00000, 0x000000008bb00000, 0x000000008bb00000|100%| E|CS|TAMS 0x000000008ba00000, 0x000000008ba00000| Complete 
| 109|0x000000008bb00000, 0x000000008bc00000, 0x000000008bc00000|100%| E|CS|TAMS 0x000000008bb00000, 0x000000008bb00000| Complete 
| 110|0x000000008bc00000, 0x000000008bd00000, 0x000000008bd00000|100%| E|CS|TAMS 0x000000008bc00000, 0x000000008bc00000| Complete 
| 111|0x000000008bd00000, 0x000000008be00000, 0x000000008be00000|100%| E|CS|TAMS 0x000000008bd00000, 0x000000008bd00000| Complete 
| 112|0x000000008be00000, 0x000000008bf00000, 0x000000008bf00000|100%| E|CS|TAMS 0x000000008be00000, 0x000000008be00000| Complete 
| 113|0x000000008bf00000, 0x000000008c000000, 0x000000008c000000|100%| E|CS|TAMS 0x000000008bf00000, 0x000000008bf00000| Complete 
| 114|0x000000008c000000, 0x000000008c100000, 0x000000008c100000|100%| E|CS|TAMS 0x000000008c000000, 0x000000008c000000| Complete 
| 115|0x000000008c100000, 0x000000008c200000, 0x000000008c200000|100%| E|CS|TAMS 0x000000008c100000, 0x000000008c100000| Complete 
| 116|0x000000008c200000, 0x000000008c300000, 0x000000008c300000|100%| E|CS|TAMS 0x000000008c200000, 0x000000008c200000| Complete 
| 117|0x000000008c300000, 0x000000008c400000, 0x000000008c400000|100%| E|CS|TAMS 0x000000008c300000, 0x000000008c300000| Complete 
| 118|0x000000008c400000, 0x000000008c500000, 0x000000008c500000|100%| E|CS|TAMS 0x000000008c400000, 0x000000008c400000| Complete 
| 119|0x000000008c500000, 0x000000008c600000, 0x000000008c600000|100%| E|CS|TAMS 0x000000008c500000, 0x000000008c500000| Complete 
| 120|0x000000008c600000, 0x000000008c700000, 0x000000008c700000|100%| E|CS|TAMS 0x000000008c600000, 0x000000008c600000| Complete 
| 121|0x000000008c700000, 0x000000008c800000, 0x000000008c800000|100%| E|CS|TAMS 0x000000008c700000, 0x000000008c700000| Complete 
| 122|0x000000008c800000, 0x000000008c900000, 0x000000008c900000|100%| E|CS|TAMS 0x000000008c800000, 0x000000008c800000| Complete 
| 123|0x000000008c900000, 0x000000008ca00000, 0x000000008ca00000|100%| E|CS|TAMS 0x000000008c900000, 0x000000008c900000| Complete 

Card table byte_map: [0x000001503a530000,0x000001503a910000] _byte_map_base: 0x000001503a109000

Marking Bits (Prev, Next): (CMBitMap*) 0x0000015027784cb0, (CMBitMap*) 0x0000015027784cf0
 Prev Bits: [0x000001503acf0000, 0x000001503cbb8000)
 Next Bits: [0x000001503cbc0000, 0x000001503ea88000)

Polling page: 0x0000015025590000

Metaspace:

Usage:
  Non-class:     13.76 MB capacity,    13.58 MB ( 99%) used,   163.34 KB (  1%) free+waste,    21.12 KB ( <1%) overhead. 
      Class:      1.57 MB capacity,     1.50 MB ( 95%) used,    65.52 KB (  4%) free+waste,     8.12 KB ( <1%) overhead. 
       Both:     15.33 MB capacity,    15.08 MB ( 98%) used,   228.85 KB (  1%) free+waste,    29.25 KB ( <1%) overhead. 

Virtual space:
  Non-class space:       14.00 MB reserved,      14.00 MB (100%) committed 
      Class space:        1.00 GB reserved,       1.62 MB ( <1%) committed 
             Both:        1.01 GB reserved,      15.62 MB (  2%) committed 

Chunk freelists:
   Non-Class:  54.00 KB
       Class:  0 bytes
        Both:  54.00 KB

MaxMetaspaceSize: 17179869184.00 GB
CompressedClassSpaceSize: 1.00 GB

CodeHeap 'non-profiled nmethods': size=238912Kb used=2565Kb max_used=2565Kb free=236346Kb
 bounds [0x000001502b800000, 0x000001502ba90000, 0x000001503a150000]
CodeHeap 'non-nmethods': size=6848Kb used=1258Kb max_used=1258Kb free=5589Kb
 bounds [0x000001502b150000, 0x000001502b3c0000, 0x000001502b800000]
 total_blobs=2107 nmethods=1671 adapters=364
 compilation: enabled
              stopped_count=0, restarted_count=0
 full_count=0

Compilation events (20 events):
Event: 271.759 Thread 0x0000015041822e70 1662       1       java.lang.ReflectiveOperationException::<init> (6 bytes)
Event: 271.759 Thread 0x0000015041822e70 nmethod 1662 0x000001502ba7db90 code [0x000001502ba7dd20, 0x000001502ba7de08]
Event: 271.759 Thread 0x0000015041822e70 1663       1       java.lang.Exception::<init> (6 bytes)
Event: 271.759 Thread 0x0000015041822e70 nmethod 1663 0x000001502ba7de90 code [0x000001502ba7e020, 0x000001502ba7e108]
Event: 271.759 Thread 0x0000015041822e70 1664       1       java.lang.Throwable::<init> (50 bytes)
Event: 271.760 Thread 0x0000015041822e70 nmethod 1664 0x000001502ba7e190 code [0x000001502ba7e360, 0x000001502ba7e678]
Event: 271.760 Thread 0x0000015041822e70 1665   !   1       sun.rmi.server.UnicastServerRef::logCallException (111 bytes)
Event: 271.760 Thread 0x0000015041822e70 nmethod 1665 0x000001502ba7e710 code [0x000001502ba7e900, 0x000001502ba7ec28]
Event: 271.760 Thread 0x0000015041822e70 1666  s!   1       java.lang.Throwable::writeObject (45 bytes)
Event: 271.761 Thread 0x0000015041822e70 nmethod 1666 0x000001502ba7f010 code [0x000001502ba7f1e0, 0x000001502ba7f5d8]
Event: 271.761 Thread 0x0000015041822e70 1667  s    1       java.lang.Throwable::getOurStackTrace (55 bytes)
Event: 271.761 Thread 0x0000015041822e70 nmethod 1667 0x000001502ba7f810 code [0x000001502ba7f9c0, 0x000001502ba7fc28]
Event: 271.762 Thread 0x0000015041822e70 1669       1       java.io.ObjectOutputStream::defaultWriteObject (54 bytes)
Event: 271.763 Thread 0x0000015041822e70 nmethod 1669 0x000001502ba7fd10 code [0x000001502ba7ff00, 0x000001502ba80208]
Event: 290.538 Thread 0x0000015041822e70 1670       1       org.eclipse.jdt.launching.internal.org.objectweb.asm.SymbolTable::addConstantUtf8Reference (20 bytes)
Event: 290.538 Thread 0x0000015041822e70 nmethod 1670 0x000001502ba80490 code [0x000001502ba80640, 0x000001502ba80848]
Event: 290.538 Thread 0x0000015041822e70 1672       1       org.eclipse.jdt.launching.internal.org.objectweb.asm.SymbolTable::addConstantUtf8 (98 bytes)
Event: 290.539 Thread 0x0000015041822e70 nmethod 1672 0x000001502ba80a10 code [0x000001502ba80c00, 0x000001502ba80f78]
Event: 290.539 Thread 0x0000015041822e70 1671       1       org.eclipse.jdt.launching.internal.org.objectweb.asm.SymbolTable::getMajorVersion (5 bytes)
Event: 290.539 Thread 0x0000015041822e70 nmethod 1671 0x000001502ba81290 code [0x000001502ba81420, 0x000001502ba814d8]

GC Heap History (5 events):
Event: 0.632 GC heap before
{Heap before GC invocations=0 (full 0):
 garbage-first heap   total 126976K, used 12288K [0x0000000084e00000, 0x0000000100000000)
  region size 1024K, 13 young (13312K), 0 survivors (0K)
 Metaspace       used 6355K, capacity 6443K, committed 6784K, reserved 1056768K
  class space    used 529K, capacity 553K, committed 640K, reserved 1048576K
}
Event: 0.637 GC heap after
{Heap after GC invocations=1 (full 0):
 garbage-first heap   total 126976K, used 5418K [0x0000000084e00000, 0x0000000100000000)
  region size 1024K, 2 young (2048K), 2 survivors (2048K)
 Metaspace       used 6355K, capacity 6443K, committed 6784K, reserved 1056768K
  class space    used 529K, capacity 553K, committed 640K, reserved 1048576K
}
Event: 1.552 GC heap before
{Heap before GC invocations=1 (full 0):
 garbage-first heap   total 126976K, used 18730K [0x0000000084e00000, 0x0000000100000000)
  region size 1024K, 15 young (15360K), 2 survivors (2048K)
 Metaspace       used 15101K, capacity 15297K, committed 15488K, reserved 1062912K
  class space    used 1494K, capacity 1553K, committed 1664K, reserved 1048576K
}
Event: 1.559 GC heap after
{Heap after GC invocations=2 (full 0):
 garbage-first heap   total 126976K, used 7455K [0x0000000084e00000, 0x0000000100000000)
  region size 1024K, 2 young (2048K), 2 survivors (2048K)
 Metaspace       used 15101K, capacity 15297K, committed 15488K, reserved 1062912K
  class space    used 1494K, capacity 1553K, committed 1664K, reserved 1048576K
}
Event: 601.435 GC heap before
{Heap before GC invocations=2 (full 0):
 garbage-first heap   total 126976K, used 27935K [0x0000000084e00000, 0x0000000100000000)
  region size 1024K, 22 young (22528K), 2 survivors (2048K)
 Metaspace       used 15438K, capacity 15697K, committed 16000K, reserved 1062912K
  class space    used 1533K, capacity 1607K, committed 1664K, reserved 1048576K
}

Deoptimization events (20 events):
Event: 600.333 Thread 0x000001504260df80 DEOPT PACKING pc=0x000001502ba5ecfc sp=0x000000242cbfe650
Event: 600.333 Thread 0x000001504260df80 DEOPT UNPACKING pc=0x000001502b19e23f sp=0x000000242cbfdbe8 mode 1
Event: 600.884 Thread 0x000001504260df80 DEOPT PACKING pc=0x000001502ba7475c sp=0x000000242cbfdfe0
Event: 600.884 Thread 0x000001504260df80 DEOPT UNPACKING pc=0x000001502b19e23f sp=0x000000242cbfd4e0 mode 1
Event: 600.884 Thread 0x000001504260df80 DEOPT PACKING pc=0x000001502ba731c4 sp=0x000000242cbfe090
Event: 600.884 Thread 0x000001504260df80 DEOPT UNPACKING pc=0x000001502b19e23f sp=0x000000242cbfd640 mode 1
Event: 600.884 Thread 0x000001504260df80 DEOPT PACKING pc=0x000001502ba727dc sp=0x000000242cbfe200
Event: 600.884 Thread 0x000001504260df80 DEOPT UNPACKING pc=0x000001502b19e23f sp=0x000000242cbfd730 mode 1
Event: 600.884 Thread 0x000001504260df80 DEOPT PACKING pc=0x000001502ba5336c sp=0x000000242cbfe2e0
Event: 600.884 Thread 0x000001504260df80 DEOPT UNPACKING pc=0x000001502b19e23f sp=0x000000242cbfd7b0 mode 1
Event: 600.884 Thread 0x000001504260df80 DEOPT PACKING pc=0x000001502ba50294 sp=0x000000242cbfe360
Event: 600.884 Thread 0x000001504260df80 DEOPT UNPACKING pc=0x000001502b19e23f sp=0x000000242cbfd858 mode 1
Event: 600.884 Thread 0x000001504260df80 DEOPT PACKING pc=0x000001502ba715bc sp=0x000000242cbfe490
Event: 600.884 Thread 0x000001504260df80 DEOPT UNPACKING pc=0x000001502b19e23f sp=0x000000242cbfd9a8 mode 1
Event: 600.884 Thread 0x000001504260df80 DEOPT PACKING pc=0x000001502ba5cf2c sp=0x000000242cbfe570
Event: 600.884 Thread 0x000001504260df80 DEOPT UNPACKING pc=0x000001502b19e23f sp=0x000000242cbfda50 mode 1
Event: 600.884 Thread 0x000001504260df80 DEOPT PACKING pc=0x000001502b9f5cfc sp=0x000000242cbfe600
Event: 600.884 Thread 0x000001504260df80 DEOPT UNPACKING pc=0x000001502b19e23f sp=0x000000242cbfdaa0 mode 1
Event: 600.884 Thread 0x000001504260df80 DEOPT PACKING pc=0x000001502ba5ecfc sp=0x000000242cbfe650
Event: 600.884 Thread 0x000001504260df80 DEOPT UNPACKING pc=0x000001502b19e23f sp=0x000000242cbfdbe8 mode 1

Classes unloaded (0 events):
No events

Classes redefined (3 events):
Event: 27.450 Thread 0x0000015040fac100 redefined class name=isSignup.TryAgain, count=1
Event: 88.632 Thread 0x0000015040fac100 redefined class name=isSignup.TryAgain, count=2
Event: 290.541 Thread 0x0000015040fac100 redefined class name=isSignup.TryAgain, count=3

Internal exceptions (20 events):
Event: 1.542 Thread 0x000001504260df80 Exception <a 'java/lang/NoSuchMethodError'{0x000000008bdadc38}: static [B.<clinit>()V> (0x000000008bdadc38) 
thrown [./open/src/hotspot/share/prims/jni.cpp, line 1204]
Event: 1.561 Thread 0x000001504260df80 Exception <a 'java/lang/ClassNotFoundException'{0x000000008c91f808}: javax/management/remote/rmi/RMIConnectionImpl_Skel> (0x000000008c91f808) 
thrown [./open/src/hotspot/share/classfile/systemDictionary.cpp, line 295]
Event: 1.563 Thread 0x00000150426acfc0 Exception <a 'java/lang/NoSuchMethodError'{0x000000008c93b050}: 'java.lang.Object java.lang.invoke.Invokers$Holder.linkToTargetMethod(java.lang.Object, long, java.lang.Object)'> (0x000000008c93b050) 
thrown [./open/src/hotspot/share/interpreter/linkResolver.cpp, line 782]
Event: 1.573 Thread 0x000001504260df80 Exception <a 'java/lang/reflect/InvocationTargetException'{0x000000008c993188}> (0x000000008c993188) 
thrown [./open/src/hotspot/share/runtime/reflection.cpp, line 1157]
Event: 1.576 Thread 0x000001504260df80 Exception <a 'java/lang/NoSuchMethodError'{0x000000008c9bb138}: static [Ljava/lang/StackTraceElement;.<clinit>()V> (0x000000008c9bb138) 
thrown [./open/src/hotspot/share/prims/jni.cpp, line 1204]
Event: 2.132 Thread 0x000001504260df80 Exception <a 'java/lang/reflect/InvocationTargetException'{0x000000008c9d0d20}> (0x000000008c9d0d20) 
thrown [./open/src/hotspot/share/runtime/reflection.cpp, line 1157]
Event: 2.687 Thread 0x000001504260df80 Exception <a 'java/lang/reflect/InvocationTargetException'{0x000000008c9d4d68}> (0x000000008c9d4d68) 
thrown [./open/src/hotspot/share/runtime/reflection.cpp, line 1157]
Event: 3.189 Thread 0x000001504260df80 Exception <a 'java/lang/reflect/InvocationTargetException'{0x000000008c9d8db0}> (0x000000008c9d8db0) 
thrown [./open/src/hotspot/share/runtime/reflection.cpp, line 1157]
Event: 3.692 Thread 0x000001504260df80 Exception <a 'java/lang/reflect/InvocationTargetException'{0x000000008c9dcdf8}> (0x000000008c9dcdf8) 
thrown [./open/src/hotspot/share/runtime/reflection.cpp, line 1157]
Event: 4.234 Thread 0x000001504260df80 Exception <a 'java/lang/reflect/InvocationTargetException'{0x000000008c8d52f0}> (0x000000008c8d52f0) 
thrown [./open/src/hotspot/share/runtime/reflection.cpp, line 1157]
Event: 4.787 Thread 0x000001504260df80 Exception <a 'java/lang/reflect/InvocationTargetException'{0x000000008c8d9338}> (0x000000008c8d9338) 
thrown [./open/src/hotspot/share/runtime/reflection.cpp, line 1157]
Event: 5.340 Thread 0x000001504260df80 Exception <a 'java/lang/reflect/InvocationTargetException'{0x000000008c8dd380}> (0x000000008c8dd380) 
thrown [./open/src/hotspot/share/runtime/reflection.cpp, line 1157]
Event: 5.891 Thread 0x000001504260df80 Exception <a 'java/lang/reflect/InvocationTargetException'{0x000000008c8e13c8}> (0x000000008c8e13c8) 
thrown [./open/src/hotspot/share/runtime/reflection.cpp, line 1157]
Event: 6.394 Thread 0x000001504260df80 Exception <a 'java/lang/reflect/InvocationTargetException'{0x000000008c8e5410}> (0x000000008c8e5410) 
thrown [./open/src/hotspot/share/runtime/reflection.cpp, line 1157]
Event: 6.896 Thread 0x000001504260df80 Exception <a 'java/lang/reflect/InvocationTargetException'{0x000000008c8e9458}> (0x000000008c8e9458) 
thrown [./open/src/hotspot/share/runtime/reflection.cpp, line 1157]
Event: 7.448 Thread 0x000001504260df80 Exception <a 'java/lang/reflect/InvocationTargetException'{0x000000008c8ed4a0}> (0x000000008c8ed4a0) 
thrown [./open/src/hotspot/share/runtime/reflection.cpp, line 1157]
Event: 7.950 Thread 0x000001504260df80 Exception <a 'java/lang/reflect/InvocationTargetException'{0x000000008c8f1960}> (0x000000008c8f1960) 
thrown [./open/src/hotspot/share/runtime/reflection.cpp, line 1157]
Event: 8.453 Thread 0x000001504260df80 Exception <a 'java/lang/reflect/InvocationTargetException'{0x000000008c8f59a8}> (0x000000008c8f59a8) 
thrown [./open/src/hotspot/share/runtime/reflection.cpp, line 1157]
Event: 8.991 Thread 0x000001504260df80 Exception <a 'java/lang/reflect/InvocationTargetException'{0x000000008c8f99f0}> (0x000000008c8f99f0) 
thrown [./open/src/hotspot/share/runtime/reflection.cpp, line 1157]
Event: 9.542 Thread 0x000001504260df80 Exception <a 'java/lang/reflect/InvocationTargetException'{0x000000008c7039f0}> (0x000000008c7039f0) 
thrown [./open/src/hotspot/share/runtime/reflection.cpp, line 1157]

Events (20 events):
Event: 88.684 Executing VM operation: GetFrameCount
Event: 88.684 Executing VM operation: GetFrameCount done
Event: 91.541 loading class java/util/IdentityHashMap$KeyIterator
Event: 91.541 loading class java/util/IdentityHashMap$IdentityHashMapIterator
Event: 91.541 loading class java/util/IdentityHashMap$IdentityHashMapIterator done
Event: 91.541 loading class java/util/IdentityHashMap$KeyIterator done
Event: 91.542 Thread 0x00000150426140b0 Thread exited: 0x00000150426140b0
Event: 290.539 Executing VM operation: RedefineClasses
Event: 290.547 Executing VM operation: RedefineClasses done
Event: 290.556 Executing VM operation: ChangeBreakpoints
Event: 290.557 Executing VM operation: ChangeBreakpoints done
Event: 290.565 Executing VM operation: ChangeBreakpoints
Event: 290.566 Executing VM operation: ChangeBreakpoints done
Event: 290.567 Executing VM operation: GetFrameCount
Event: 290.567 Executing VM operation: GetFrameCount done
Event: 290.567 Executing VM operation: GetStackTrace
Event: 290.567 Executing VM operation: GetStackTrace done
Event: 290.588 Executing VM operation: GetFrameCount
Event: 290.588 Executing VM operation: GetFrameCount done
Event: 601.435 Executing VM operation: G1CollectForAllocation


Dynamic libraries:
0x00007ff6a4ed0000 - 0x00007ff6a4edd000 	C:\Users\ADMIN\Downloads\sts-4.9.0.RELEASE\plugins\org.eclipse.justj.openjdk.hotspot.jre.full.win32.x86_64_15.0.1.v20201027-0507\jre\bin\javaw.exe
0x00007ff8a1330000 - 0x00007ff8a1528000 	C:\WINDOWS\SYSTEM32\ntdll.dll
0x00007ff8a0d10000 - 0x00007ff8a0dcd000 	C:\WINDOWS\System32\KERNEL32.DLL
0x00007ff89ea50000 - 0x00007ff89ed1e000 	C:\WINDOWS\System32\KERNELBASE.dll
0x00007ff89f1b0000 - 0x00007ff89f2b0000 	C:\WINDOWS\System32\ucrtbase.dll
0x00007ff892090000 - 0x00007ff8920a8000 	C:\Users\ADMIN\Downloads\sts-4.9.0.RELEASE\plugins\org.eclipse.justj.openjdk.hotspot.jre.full.win32.x86_64_15.0.1.v20201027-0507\jre\bin\jli.dll
0x00007ff8a08e0000 - 0x00007ff8a0a80000 	C:\WINDOWS\System32\USER32.dll
0x00007ff89ef10000 - 0x00007ff89ef32000 	C:\WINDOWS\System32\win32u.dll
0x00007ff8a0e80000 - 0x00007ff8a0eaa000 	C:\WINDOWS\System32\GDI32.dll
0x00007ff89ed70000 - 0x00007ff89ee7b000 	C:\WINDOWS\System32\gdi32full.dll
0x00007ff89f110000 - 0x00007ff89f1ad000 	C:\WINDOWS\System32\msvcp_win.dll
0x00007ff88cdc0000 - 0x00007ff88cdd9000 	C:\Users\ADMIN\Downloads\sts-4.9.0.RELEASE\plugins\org.eclipse.justj.openjdk.hotspot.jre.full.win32.x86_64_15.0.1.v20201027-0507\jre\bin\VCRUNTIME140.dll
0x00007ff88dca0000 - 0x00007ff88df3a000 	C:\WINDOWS\WinSxS\amd64_microsoft.windows.common-controls_6595b64144ccf1df_6.0.19041.1110_none_60b5254171f9507e\COMCTL32.dll
0x00007ff89ff40000 - 0x00007ff89ffde000 	C:\WINDOWS\System32\msvcrt.dll
0x00007ff8a0b60000 - 0x00007ff8a0b90000 	C:\WINDOWS\System32\IMM32.DLL
0x00007ff898c70000 - 0x00007ff898c7c000 	C:\Users\ADMIN\Downloads\sts-4.9.0.RELEASE\plugins\org.eclipse.justj.openjdk.hotspot.jre.full.win32.x86_64_15.0.1.v20201027-0507\jre\bin\vcruntime140_1.dll
0x00007ff889b30000 - 0x00007ff889bc1000 	C:\Users\ADMIN\Downloads\sts-4.9.0.RELEASE\plugins\org.eclipse.justj.openjdk.hotspot.jre.full.win32.x86_64_15.0.1.v20201027-0507\jre\bin\msvcp140.dll
0x00007ff851880000 - 0x00007ff8523de000 	C:\Users\ADMIN\Downloads\sts-4.9.0.RELEASE\plugins\org.eclipse.justj.openjdk.hotspot.jre.full.win32.x86_64_15.0.1.v20201027-0507\jre\bin\server\jvm.dll
0x00007ff89fd80000 - 0x00007ff89fe2e000 	C:\WINDOWS\System32\ADVAPI32.dll
0x00007ff89ffe0000 - 0x00007ff8a007c000 	C:\WINDOWS\System32\sechost.dll
0x00007ff8a07b0000 - 0x00007ff8a08d5000 	C:\WINDOWS\System32\RPCRT4.dll
0x00007ff8a0700000 - 0x00007ff8a0708000 	C:\WINDOWS\System32\PSAPI.DLL
0x00007ff83fb70000 - 0x00007ff83fb79000 	C:\WINDOWS\SYSTEM32\WSOCK32.dll
0x00007ff8a0730000 - 0x00007ff8a079b000 	C:\WINDOWS\System32\WS2_32.dll
0x00007ff88d3c0000 - 0x00007ff88d3e7000 	C:\WINDOWS\SYSTEM32\WINMM.dll
0x00007ff896060000 - 0x00007ff89606a000 	C:\WINDOWS\SYSTEM32\VERSION.dll
0x00007ff89c950000 - 0x00007ff89c962000 	C:\WINDOWS\SYSTEM32\kernel.appcore.dll
0x00007ff896df0000 - 0x00007ff896dfa000 	C:\Users\ADMIN\Downloads\sts-4.9.0.RELEASE\plugins\org.eclipse.justj.openjdk.hotspot.jre.full.win32.x86_64_15.0.1.v20201027-0507\jre\bin\jimage.dll
0x00007ff897b90000 - 0x00007ff897d74000 	C:\WINDOWS\SYSTEM32\DBGHELP.DLL
0x00007ff897b60000 - 0x00007ff897b8c000 	C:\WINDOWS\SYSTEM32\dbgcore.DLL
0x00007ff89ee80000 - 0x00007ff89ef02000 	C:\WINDOWS\System32\bcryptPrimitives.dll
0x00007ff88af10000 - 0x00007ff88af49000 	C:\Users\ADMIN\Downloads\sts-4.9.0.RELEASE\plugins\org.eclipse.justj.openjdk.hotspot.jre.full.win32.x86_64_15.0.1.v20201027-0507\jre\bin\jdwp.dll
0x00007ff892ec0000 - 0x00007ff892ece000 	C:\Users\ADMIN\Downloads\sts-4.9.0.RELEASE\plugins\org.eclipse.justj.openjdk.hotspot.jre.full.win32.x86_64_15.0.1.v20201027-0507\jre\bin\instrument.dll
0x00007ff8920b0000 - 0x00007ff8920d5000 	C:\Users\ADMIN\Downloads\sts-4.9.0.RELEASE\plugins\org.eclipse.justj.openjdk.hotspot.jre.full.win32.x86_64_15.0.1.v20201027-0507\jre\bin\java.dll
0x00007ff892070000 - 0x00007ff892088000 	C:\Users\ADMIN\Downloads\sts-4.9.0.RELEASE\plugins\org.eclipse.justj.openjdk.hotspot.jre.full.win32.x86_64_15.0.1.v20201027-0507\jre\bin\zip.dll
0x00007ff89f560000 - 0x00007ff89fca4000 	C:\WINDOWS\System32\SHELL32.dll
0x00007ff89cb50000 - 0x00007ff89d2e4000 	C:\WINDOWS\SYSTEM32\windows.storage.dll
0x00007ff8a0eb0000 - 0x00007ff8a1204000 	C:\WINDOWS\System32\combase.dll
0x00007ff89e3e0000 - 0x00007ff89e410000 	C:\WINDOWS\SYSTEM32\Wldp.dll
0x00007ff8a0dd0000 - 0x00007ff8a0e7d000 	C:\WINDOWS\System32\SHCORE.dll
0x00007ff8a06a0000 - 0x00007ff8a06f5000 	C:\WINDOWS\System32\shlwapi.dll
0x00007ff89e990000 - 0x00007ff89e9af000 	C:\WINDOWS\SYSTEM32\profapi.dll
0x00007ff897330000 - 0x00007ff89733b000 	C:\Users\ADMIN\Downloads\sts-4.9.0.RELEASE\plugins\org.eclipse.justj.openjdk.hotspot.jre.full.win32.x86_64_15.0.1.v20201027-0507\jre\bin\dt_socket.dll
0x00007ff89de30000 - 0x00007ff89de6b000 	C:\WINDOWS\SYSTEM32\IPHLPAPI.DLL
0x00007ff89e140000 - 0x00007ff89e1aa000 	C:\WINDOWS\system32\mswsock.dll
0x00007ff89de70000 - 0x00007ff89df3b000 	C:\WINDOWS\SYSTEM32\DNSAPI.dll
0x00007ff8a07a0000 - 0x00007ff8a07a8000 	C:\WINDOWS\System32\NSI.dll
0x00007ff895790000 - 0x00007ff89579a000 	C:\Windows\System32\rasadhlp.dll
0x00007ff8959a0000 - 0x00007ff895a20000 	C:\WINDOWS\System32\fwpuclnt.dll
0x00007ff89f360000 - 0x00007ff89f387000 	C:\WINDOWS\System32\bcrypt.dll
0x00007ff892010000 - 0x00007ff892029000 	C:\Users\ADMIN\Downloads\sts-4.9.0.RELEASE\plugins\org.eclipse.justj.openjdk.hotspot.jre.full.win32.x86_64_15.0.1.v20201027-0507\jre\bin\net.dll
0x00007ff895af0000 - 0x00007ff895bfa000 	C:\WINDOWS\SYSTEM32\WINHTTP.dll
0x00007ff891ff0000 - 0x00007ff892002000 	C:\Users\ADMIN\Downloads\sts-4.9.0.RELEASE\plugins\org.eclipse.justj.openjdk.hotspot.jre.full.win32.x86_64_15.0.1.v20201027-0507\jre\bin\nio.dll
0x00007ff892060000 - 0x00007ff892069000 	C:\Users\ADMIN\Downloads\sts-4.9.0.RELEASE\plugins\org.eclipse.justj.openjdk.hotspot.jre.full.win32.x86_64_15.0.1.v20201027-0507\jre\bin\management.dll
0x00007ff891f80000 - 0x00007ff891f8b000 	C:\Users\ADMIN\Downloads\sts-4.9.0.RELEASE\plugins\org.eclipse.justj.openjdk.hotspot.jre.full.win32.x86_64_15.0.1.v20201027-0507\jre\bin\management_ext.dll
0x00007ff85db80000 - 0x00007ff85db97000 	C:\WINDOWS\system32\napinsp.dll
0x00007ff85db60000 - 0x00007ff85db7b000 	C:\WINDOWS\system32\pnrpnsp.dll
0x00007ff898b50000 - 0x00007ff898b6d000 	C:\WINDOWS\system32\NLAapi.dll
0x00007ff882a50000 - 0x00007ff882a65000 	C:\WINDOWS\system32\wshbth.dll
0x00007ff85db40000 - 0x00007ff85db52000 	C:\WINDOWS\System32\winrnr.dll
0x00007ff89e330000 - 0x00007ff89e348000 	C:\WINDOWS\SYSTEM32\CRYPTSP.dll
0x00007ff89dac0000 - 0x00007ff89daf4000 	C:\WINDOWS\system32\rsaenh.dll
0x00007ff89e950000 - 0x00007ff89e97e000 	C:\WINDOWS\SYSTEM32\USERENV.dll
0x00007ff89e350000 - 0x00007ff89e35c000 	C:\WINDOWS\SYSTEM32\CRYPTBASE.dll
0x00007ff897a40000 - 0x00007ff897a57000 	C:\WINDOWS\SYSTEM32\dhcpcsvc6.DLL
0x00007ff897f80000 - 0x00007ff897f9d000 	C:\WINDOWS\SYSTEM32\dhcpcsvc.DLL
0x00007ff892eb0000 - 0x00007ff892ec0000 	C:\Users\ADMIN\Downloads\sts-4.9.0.RELEASE\plugins\org.eclipse.justj.openjdk.hotspot.jre.full.win32.x86_64_15.0.1.v20201027-0507\jre\bin\verify.dll

dbghelp: loaded successfully - version: 4.0.5 - missing functions: none
symbol engine: initialized successfully - sym options: 0x614 - pdb path: .;C:\Users\ADMIN\Downloads\sts-4.9.0.RELEASE\plugins\org.eclipse.justj.openjdk.hotspot.jre.full.win32.x86_64_15.0.1.v20201027-0507\jre\bin;C:\WINDOWS\SYSTEM32;C:\WINDOWS\WinSxS\amd64_microsoft.windows.common-controls_6595b64144ccf1df_6.0.19041.1110_none_60b5254171f9507e;C:\Users\ADMIN\Downloads\sts-4.9.0.RELEASE\plugins\org.eclipse.justj.openjdk.hotspot.jre.full.win32.x86_64_15.0.1.v20201027-0507\jre\bin\server

VM Arguments:
jvm_args: -XX:+ShowCodeDetailsInExceptionMessages -agentlib:jdwp=transport=dt_socket,suspend=y,address=localhost:57803 -Dcom.sun.management.jmxremote -Dcom.sun.management.jmxremote.port=57802 -Dcom.sun.management.jmxremote.authenticate=false -Dcom.sun.management.jmxremote.ssl=false -Djava.rmi.server.hostname=localhost -Dspring.jmx.enabled=true -Dspring.application.admin.enabled=true -XX:TieredStopAtLevel=1 -Dspring.boot.project.name=SignUpAutomation -javaagent:C:\Users\ADMIN\Downloads\sts-4.9.0.RELEASE\configuration\org.eclipse.osgi\262\0\.cp\lib\javaagent-shaded.jar -Dfile.encoding=UTF-8 
java_command: isSignup.TryAgain --spring.output.ansi.enabled=always
java_class_path (initial): D:\Workspace\SignUpAutomation\target\classes;C:\Users\ADMIN\.m2\repository\org\springframework\boot\spring-boot-starter\2.7.1\spring-boot-starter-2.7.1.jar;C:\Users\ADMIN\.m2\repository\org\springframework\boot\spring-boot\2.7.1\spring-boot-2.7.1.jar;C:\Users\ADMIN\.m2\repository\org\springframework\spring-context\5.3.21\spring-context-5.3.21.jar;C:\Users\ADMIN\.m2\repository\org\springframework\spring-aop\5.3.21\spring-aop-5.3.21.jar;C:\Users\ADMIN\.m2\repository\org\springframework\spring-beans\5.3.21\spring-beans-5.3.21.jar;C:\Users\ADMIN\.m2\repository\org\springframework\spring-expression\5.3.21\spring-expression-5.3.21.jar;C:\Users\ADMIN\.m2\repository\org\springframework\boot\spring-boot-autoconfigure\2.7.1\spring-boot-autoconfigure-2.7.1.jar;C:\Users\ADMIN\.m2\repository\org\springframework\boot\spring-boot-starter-logging\2.7.1\spring-boot-starter-logging-2.7.1.jar;C:\Users\ADMIN\.m2\repository\ch\qos\logback\logback-classic\1.2.11\logback-classic-1.2.11.jar;C:\Users\ADMIN\.m2\repository\ch\qos\logback\logback-core\1.2.11\logback-core-1.2.11.jar;C:\Users\ADMIN\.m2\repository\org\apache\logging\log4j\log4j-to-slf4j\2.17.2\log4j-to-slf4j-2.17.2.jar;C:\Users\ADMIN\.m2\repository\org\apache\logging\log4j\log4j-api\2.17.2\log4j-api-2.17.2.jar;C:\Users\ADMIN\.m2\repository\org\slf4j\jul-to-slf4j\1.7.36\jul-to-slf4j-1.7.36.jar;C:\Users\ADMIN\.m2\repository\jakarta\annotation\jakarta.annotation-api\1.3.5\jakarta.annotation-api-1.3.5.jar;C:\Users\ADMIN\.m2\repository\org\springframework\spring-core\5.3.21\spring-core-5.3.21.jar;C:\Users\ADMIN\.m2\repository\org\springframework\spring-jcl\5.3.21\spring-jcl-5.3.21.jar;C:\Users\ADMIN\.m2\repository\org\yaml\snakeyaml\1.30\snakeyaml-1.30.jar;C:\Users\ADMIN\.m2\repository\org\seleniumhq\selenium\selenium-java\4.3.0\selenium-java-4.3.0.jar;C:\Users\ADMIN\.m2\repository\org\seleniumhq\selenium\selenium-api\4.1.4\selenium-api-4.1.4.jar;C:\Users\ADMIN\.m2\repository\org\seleniumhq\selenium\seleni
Launcher Type: SUN_STANDARD

[Global flags]
     intx CICompilerCount                          = 3                                         {product} {ergonomic}
     uint ConcGCThreads                            = 1                                         {product} {ergonomic}
     uint G1ConcRefinementThreads                  = 4                                         {product} {ergonomic}
   size_t G1HeapRegionSize                         = 1048576                                   {product} {ergonomic}
    uintx GCDrainStackTargetSize                   = 64                                        {product} {ergonomic}
   size_t InitialHeapSize                          = 130023424                                 {product} {ergonomic}
     bool ManagementServer                         = true                                      {product} {command line}
   size_t MarkStackSize                            = 4194304                                   {product} {ergonomic}
   size_t MaxHeapSize                              = 2065694720                                {product} {ergonomic}
   size_t MaxNewSize                               = 1239416832                                {product} {ergonomic}
   size_t MinHeapDeltaBytes                        = 1048576                                   {product} {ergonomic}
   size_t MinHeapSize                              = 8388608                                   {product} {ergonomic}
    uintx NonNMethodCodeHeapSize                   = 6973028                                {pd product} {ergonomic}
    uintx NonProfiledCodeHeapSize                  = 244685212                              {pd product} {ergonomic}
    uintx ProfiledCodeHeapSize                     = 0                                      {pd product} {ergonomic}
    uintx ReservedCodeCacheSize                    = 251658240                              {pd product} {ergonomic}
     bool SegmentedCodeCache                       = true                                      {product} {ergonomic}
     bool ShowCodeDetailsInExceptionMessages       = true                                   {manageable} {command line}
   size_t SoftMaxHeapSize                          = 2065694720                             {manageable} {ergonomic}
     intx TieredStopAtLevel                        = 1                                         {product} {command line}
     bool UseCompressedClassPointers               = true                                 {lp64_product} {ergonomic}
     bool UseCompressedOops                        = true                                 {lp64_product} {ergonomic}
     bool UseG1GC                                  = true                                      {product} {ergonomic}
     bool UseLargePagesIndividualAllocation        = false                                  {pd product} {ergonomic}

Logging:
Log output configuration:
 #0: stdout all=warning uptime,level,tags
 #1: stderr all=off uptime,level,tags

Environment Variables:
JAVA_HOME=C:\Program Files\Java\jdk1.8.0_231\bin
PATH=C:\Users\ADMIN\Downloads\sts-4.9.0.RELEASE\plugins\org.eclipse.justj.openjdk.hotspot.jre.full.win32.x86_64_15.0.1.v20201027-0507\jre\bin;C:/Users/ADMIN/Downloads/sts-4.9.0.RELEASE//plugins/org.eclipse.justj.openjdk.hotspot.jre.full.win32.x86_64_15.0.1.v20201027-0507/jre/bin/server;C:/Users/ADMIN/Downloads/sts-4.9.0.RELEASE//plugins/org.eclipse.justj.openjdk.hotspot.jre.full.win32.x86_64_15.0.1.v20201027-0507/jre/bin;C:\Program Files\Common Files\Oracle\Java\javapath;C:\WINDOWS\system32;C:\WINDOWS;C:\WINDOWS\System32\Wbem;C:\WINDOWS\System32\WindowsPowerShell\v1.0\;C:\WINDOWS\System32\OpenSSH\;C:\Program Files\Java\jdk1.8.0_231\bin;C:\Users\ADMIN\AppData\Local\Microsoft\WindowsApps;C:\Program Files\JetBrains\IntelliJ IDEA Community Edition 2021.3\bin;;C:\Program Files\Java\jdk1.8.0_231\bin;;C:\Users\ADMIN\AppData\Local\Programs\Microsoft VS Code\bin;C:\Users\ADMIN\Downloads\sts-4.9.0.RELEASE;
USERNAME=ADMIN
OS=Windows_NT
PROCESSOR_IDENTIFIER=Intel64 Family 6 Model 69 Stepping 1, GenuineIntel



---------------  S Y S T E M  ---------------

OS:
 Windows 10 , 64 bit Build 19041 (10.0.19041.1806)
OS uptime: 8 days 17:34 hours

CPU: total 4 (initial active 4) (2 cores per cpu, 2 threads per core) family 6 model 69 stepping 1 microcode 0x25, cmov, cx8, fxsr, mmx, sse, sse2, sse3, ssse3, sse4.1, sse4.2, popcnt, vzeroupper, avx, avx2, aes, clmul, erms, lzcnt, ht, tsc, tscinvbit, bmi1, bmi2, fma, clflush

Memory: 4k page, system-wide physical 7878M (1314M free)
TotalPageFile size 21238M (AvailPageFile size 3180M)
current process WorkingSet (physical memory assigned to process): 84M, peak: 84M
current process commit charge ("private bytes"): 209M, peak: 209M

vm_info: OpenJDK 64-Bit Server VM (15.0.1+9-18) for windows-amd64 JRE (15.0.1+9-18), built on Sep 15 2020 14:39:31 by "mach5one" with unknown MS VC++:1925

END.
