#
# A fatal error has been detected by the Java Runtime Environment:
#
#  EXCEPTION_ACCESS_VIOLATION (0xc0000005) at pc=0x00007ff8a1277ffc, pid=23436, tid=21876
#
# JRE version: OpenJDK Runtime Environment (15.0.1+9) (build 15.0.1+9-18)
# Java VM: OpenJDK 64-Bit Server VM (15.0.1+9-18, mixed mode, tiered, compressed oops, g1 gc, windows-amd64)
# Problematic frame:
# V  [jvm.dll+0x6a7ffc]
#
# No core dump will be written. Minidumps are not enabled by default on client versions of Windows
#
# If you would like to submit a bug report, please visit:
#   https://bugreport.java.com/bugreport/crash.jsp
#

---------------  S U M M A R Y ------------

Command Line: -XX:+ShowCodeDetailsInExceptionMessages -agentlib:jdwp=transport=dt_socket,suspend=y,address=localhost:58715 -Dcom.sun.management.jmxremote -Dcom.sun.management.jmxremote.port=58713 -Dcom.sun.management.jmxremote.authenticate=false -Dcom.sun.management.jmxremote.ssl=false -Djava.rmi.server.hostname=localhost -Dspring.jmx.enabled=true -Dspring.application.admin.enabled=true -XX:TieredStopAtLevel=1 -Dspring.boot.project.name=SignUpAutomation -javaagent:C:\Users\ADMIN\Downloads\sts-4.9.0.RELEASE\configuration\org.eclipse.osgi\262\0\.cp\lib\javaagent-shaded.jar -Dfile.encoding=UTF-8 isSignup.ISsignupTest --spring.output.ansi.enabled=always

Host: Intel(R) Core(TM) i5-4300U CPU @ 1.90GHz, 4 cores, 7G,  Windows 10 , 64 bit Build 19041 (10.0.19041.1806)
Time: Wed Aug 17 10:28:59 2022 India Standard Time elapsed time: 1554.212738 seconds (0d 0h 25m 54s)

---------------  T H R E A D  ---------------

Current thread (0x0000015fabcc3dc0):  GCTaskThread "GC Thread#0" [stack: 0x0000000752900000,0x0000000752a00000] [id=21876]

Stack: [0x0000000752900000,0x0000000752a00000],  sp=0x00000007529fd7d0,  free space=1013k
Native frames: (J=compiled Java code, j=interpreted, Vv=VM code, C=native code)
V  [jvm.dll+0x6a7ffc]
V  [jvm.dll+0x30015f]
V  [jvm.dll+0x30229b]
V  [jvm.dll+0x302a14]
V  [jvm.dll+0x2fff9f]
V  [jvm.dll+0x2ff24a]
V  [jvm.dll+0x619c80]
V  [jvm.dll+0x61a4e4]
V  [jvm.dll+0x5df027]
V  [jvm.dll+0x29443b]
V  [jvm.dll+0x293d00]
V  [jvm.dll+0x742617]
V  [jvm.dll+0x742a6e]
V  [jvm.dll+0x2e20ec]
V  [jvm.dll+0x2e1f58]
V  [jvm.dll+0x2aad64]
V  [jvm.dll+0x2accfd]
V  [jvm.dll+0x7adba0]
V  [jvm.dll+0x73d65a]
V  [jvm.dll+0x629c56]
C  [ucrtbase.dll+0x21bb2]
C  [KERNEL32.DLL+0x17034]
C  [ntdll.dll+0x52651]

JavaThread 0x0000015fabc85820 (nid = 26128) was being processed
Java frames: (J=compiled Java code, j=interpreted, Vv=VM code)
j  isSignup.ISsignupTest.migration()V+0
j  isSignup.ISsignupTest.main([Ljava/lang/String;)V+406
v  ~StubRoutines::call_stub

siginfo: EXCEPTION_ACCESS_VIOLATION (0xc0000005), reading address 0x0000000000000004


Register to memory mapping:

RIP=0x00007ff8a1277ffc jvm.dll
RAX=0x0 is NULL
RBX=0x0 is NULL
RCX=0x00000007529fd7f0 points into unknown readable memory: 0x0000000000000000 | 00 00 00 00 00 00 00 00
RDX=0x0 is NULL
RSP=0x00000007529fd7d0 points into unknown readable memory: 0x0000000000000000 | 00 00 00 00 00 00 00 00
RBP=0x00000007529fd930 points into unknown readable memory: 0xffffffffffffffff | ff ff ff ff ff ff ff ff
RSI=0x0000000000000001 is an unknown value
RDI=0x00000007529fdf40 points into unknown readable memory: 0x00007ff8a149cb70 | 70 cb 49 a1 f8 7f 00 00
R8 =0x0 is NULL
R9 =0x0000015fc90da3e8 is pointing into metadata
R10=0x0000015fc85b0d2c points into unknown readable memory: 00 00 00 47
R11=0x0000015fc85b0740 points into unknown readable memory: 0x4700000147000000 | 00 00 00 47 01 00 00 47
R12=0x00007ff8a0bd0000 jvm.dll
R13=0x0000015fc85b06e8 points into unknown readable memory: 0x000003fc85525b00 | 00 5b 52 85 fc 03 00 00
R14=0x00000007529fd860 points into unknown readable memory: 0x0000000000000000 | 00 00 00 00 00 00 00 00
R15=0x000000000000040b is an unknown value


Registers:
RAX=0x0000000000000000, RBX=0x0000000000000000, RCX=0x00000007529fd7f0, RDX=0x0000000000000000
RSP=0x00000007529fd7d0, RBP=0x00000007529fd930, RSI=0x0000000000000001, RDI=0x00000007529fdf40
R8 =0x0000000000000000, R9 =0x0000015fc90da3e8, R10=0x0000015fc85b0d2c, R11=0x0000015fc85b0740
R12=0x00007ff8a0bd0000, R13=0x0000015fc85b06e8, R14=0x00000007529fd860, R15=0x000000000000040b
RIP=0x00007ff8a1277ffc, EFLAGS=0x0000000000010246

Top of Stack: (sp=0x00000007529fd7d0)
0x00000007529fd7d0:   0000000000000000 0000000000000001
0x00000007529fd7e0:   00000007529fdf40 0000000000000000
0x00000007529fd7f0:   0000000000000000 00007ff8a0dde8fe
0x00000007529fd800:   0000000000000000 0000000000000001
0x00000007529fd810:   0000015fc72f3d00 0000000000000000
0x00000007529fd820:   0000015fc90dcd38 00007ff8a0ed015f
0x00000007529fd830:   0000000000000000 0000000000000001
0x00000007529fd840:   0000000000000000 0000000000000000
0x00000007529fd850:   0000000000000000 0000000000000000
0x00000007529fd860:   0000000000000000 0000000000000063
0x00000007529fd870:   0000000000000000 00000007529fd8b8
0x00000007529fd880:   0000000000000000 0000015fc72f9888
0x00000007529fd890:   0000000300000002 0000000000000003
0x00000007529fd8a0:   000000030000000e 0000015fc72f3d00
0x00000007529fd8b0:   0000000000000000 0000000000000000
0x00000007529fd8c0:   0000000000000000 0000000000000000 

Instructions: (pc=0x00007ff8a1277ffc)
0x00007ff8a1277efc:   47 1c 03 00 00 00 44 89 47 0c 44 89 47 08 44 3b
0x00007ff8a1277f0c:   c3 7c 17 c7 47 1c ff ff ff ff 48 8b 5c 24 30 48
0x00007ff8a1277f1c:   8b 74 24 38 48 83 c4 20 5f c3 0f be 4c 30 07 e8
0x00007ff8a1277f2c:   e0 fb ff ff 48 83 c6 06 89 47 18 83 e8 0c 74 50
0x00007ff8a1277f3c:   83 f8 01 75 34 49 63 c0 48 3b c3 7d 18 0f 1f 80
0x00007ff8a1277f4c:   00 00 00 00 80 3c 30 5b 75 0b 41 ff c0 48 ff c0
0x00007ff8a1277f5c:   48 3b c3 7c ef 49 63 c8 41 8b c0 2b 47 0c 48 03
0x00007ff8a1277f6c:   ce 89 47 14 80 39 4c 74 1d 41 8d 58 01 89 5f 0c
0x00007ff8a1277f7c:   48 8b 5c 24 30 48 8b 74 24 38 48 83 c4 20 5f c3
0x00007ff8a1277f8c:   49 63 c8 48 03 ce 8b c3 ba 3b 00 00 00 41 2b c0
0x00007ff8a1277f9c:   4c 63 c0 e8 bc 19 13 00 48 85 c0 74 06 8b d8 2b
0x00007ff8a1277fac:   de ff c3 48 8b 74 24 38 89 5f 0c 48 8b 5c 24 30
0x00007ff8a1277fbc:   48 83 c4 20 5f c3 cc cc cc cc cc cc cc cc cc cc
0x00007ff8a1277fcc:   cc cc cc cc 41 56 48 83 ec 50 83 79 08 63 4c 8b
0x00007ff8a1277fdc:   f1 0f 85 d3 00 00 00 48 8b 01 48 8d 4c 24 20 48
0x00007ff8a1277fec:   89 44 24 20 48 89 5c 24 60 33 db 48 89 74 24 68
0x00007ff8a1277ffc:   0f b7 40 04 89 44 24 30 48 8b 05 1d 02 42 00 48
0x00007ff8a127800c:   89 44 24 40 c7 44 24 3c 01 00 00 00 c7 44 24 2c
0x00007ff8a127801c:   01 00 00 00 c7 44 24 28 01 00 00 00 89 5c 24 34
0x00007ff8a127802c:   48 89 5c 24 48 e8 7a fe ff ff 48 8d 4c 24 20 e8
0x00007ff8a127803c:   b0 00 00 00 8b 44 24 38 48 8b 4c 24 40 41 89 46
0x00007ff8a127804c:   08 e8 fe e8 04 00 48 8b 74 24 48 48 85 f6 74 45
0x00007ff8a127805c:   39 1e 7e 41 48 89 7c 24 70 8b fb 66 0f 1f 84 00
0x00007ff8a127806c:   00 00 00 00 48 8b 4e 18 48 8b 0c 39 e8 d3 e8 04
0x00007ff8a127807c:   00 ff c3 48 8d 7f 08 3b 1e 7c e9 41 8b 46 08 48
0x00007ff8a127808c:   8b 7c 24 70 48 8b 5c 24 60 48 8b 74 24 68 48 83
0x00007ff8a127809c:   c4 50 41 5e c3 41 8b 46 08 48 8b 5c 24 60 48 8b
0x00007ff8a12780ac:   74 24 68 48 83 c4 50 41 5e c3 8b 41 08 48 83 c4
0x00007ff8a12780bc:   50 41 5e c3 48 8d 42 ff 48 83 f8 fd 77 14 48 3b
0x00007ff8a12780cc:   51 10 74 19 48 89 51 10 48 d1 ea 83 e2 0f 89 51
0x00007ff8a12780dc:   08 c3 48 89 51 10 c7 41 08 63 00 00 00 c3 cc cc
0x00007ff8a12780ec:   cc cc cc cc 40 53 48 83 ec 20 8b 41 1c 48 8b d9 


Stack slot to memory mapping:
stack at sp + 0 slots: 0x0 is NULL
stack at sp + 1 slots: 0x0000000000000001 is an unknown value
stack at sp + 2 slots: 0x00000007529fdf40 points into unknown readable memory: 0x00007ff8a149cb70 | 70 cb 49 a1 f8 7f 00 00
stack at sp + 3 slots: 0x0 is NULL
stack at sp + 4 slots: 0x0 is NULL
stack at sp + 5 slots: 0x00007ff8a0dde8fe jvm.dll
stack at sp + 6 slots: 0x0 is NULL
stack at sp + 7 slots: 0x0000000000000001 is an unknown value


---------------  P R O C E S S  ---------------

Threads class SMR info:
_java_thread_list=0x0000015fc9a47070, length=30, elements={
0x0000015fabc85820, 0x0000015fc7c75150, 0x0000015fc7c79b50, 0x0000015fc745d1f0,
0x0000015fc745dab0, 0x0000015fc745e370, 0x0000015fc7ca22c0, 0x0000015fc7c94520,
0x0000015fc73cf6b0, 0x0000015fc7eb8270, 0x0000015fc7ebaf30, 0x0000015fc7ebd7c0,
0x0000015fc88c02b0, 0x0000015fc8a851a0, 0x0000015fc8a5c8d0, 0x0000015fc8ab02a0,
0x0000015fc95ef8d0, 0x0000015fc961d800, 0x0000015fc8b00570, 0x0000015fc8afd080,
0x0000015fc8afda20, 0x0000015fc8affbd0, 0x0000015fc8afed60, 0x0000015fc8b00a40,
0x0000015fc8afe890, 0x0000015fc8afdef0, 0x0000015fc8b32a00, 0x0000015fc8b2dd00,
0x0000015fc8b33d40, 0x0000015fc8b2f9e0
}

Java Threads: ( => current thread )
  0x0000015fabc85820 JavaThread "main" [_thread_blocked, id=26128, stack(0x0000000752800000,0x0000000752900000)]
  0x0000015fc7c75150 JavaThread "Reference Handler" daemon [_thread_blocked, id=21424, stack(0x0000000752f00000,0x0000000753000000)]
  0x0000015fc7c79b50 JavaThread "Finalizer" daemon [_thread_blocked, id=6564, stack(0x0000000753000000,0x0000000753100000)]
  0x0000015fc745d1f0 JavaThread "Signal Dispatcher" daemon [_thread_blocked, id=25852, stack(0x0000000753100000,0x0000000753200000)]
  0x0000015fc745dab0 JavaThread "Attach Listener" daemon [_thread_blocked, id=18592, stack(0x0000000753200000,0x0000000753300000)]
  0x0000015fc745e370 JavaThread "Service Thread" daemon [_thread_blocked, id=8168, stack(0x0000000753300000,0x0000000753400000)]
  0x0000015fc7ca22c0 JavaThread "C1 CompilerThread0" daemon [_thread_blocked, id=28464, stack(0x0000000753400000,0x0000000753500000)]
  0x0000015fc7c94520 JavaThread "Sweeper thread" daemon [_thread_blocked, id=10976, stack(0x0000000753500000,0x0000000753600000)]
  0x0000015fc73cf6b0 JavaThread "Common-Cleaner" daemon [_thread_blocked, id=27940, stack(0x0000000753600000,0x0000000753700000)]
  0x0000015fc7eb8270 JavaThread "JDWP Transport Listener: dt_socket" daemon [_thread_blocked, id=21808, stack(0x0000000753700000,0x0000000753800000)]
  0x0000015fc7ebaf30 JavaThread "JDWP Event Helper Thread" daemon [_thread_blocked, id=28576, stack(0x0000000753800000,0x0000000753900000)]
  0x0000015fc7ebd7c0 JavaThread "JDWP Command Reader" daemon [_thread_in_native, id=1580, stack(0x0000000753900000,0x0000000753a00000)]
  0x0000015fc88c02b0 JavaThread "Notification Thread" daemon [_thread_blocked, id=21784, stack(0x0000000753b00000,0x0000000753c00000)]
  0x0000015fc8a851a0 JavaThread "RMI TCP Accept-0" daemon [_thread_in_native, id=27500, stack(0x0000000753c00000,0x0000000753d00000)]
  0x0000015fc8a5c8d0 JavaThread "RMI TCP Accept-58713" daemon [_thread_in_native, id=25692, stack(0x0000000753d00000,0x0000000753e00000)]
  0x0000015fc8ab02a0 JavaThread "RMI TCP Accept-0" daemon [_thread_in_native, id=27612, stack(0x0000000753e00000,0x0000000753f00000)]
  0x0000015fc95ef8d0 JavaThread "RMI Scheduler(0)" daemon [_thread_blocked, id=28096, stack(0x0000000754200000,0x0000000754300000)]
  0x0000015fc961d800 JavaThread "JMX server connection timeout 23" daemon [_thread_blocked, id=22888, stack(0x0000000754300000,0x0000000754400000)]
  0x0000015fc8b00570 JavaThread "ForkJoinPool.commonPool-worker-3" daemon [_thread_blocked, id=26256, stack(0x0000000754400000,0x0000000754500000)]
  0x0000015fc8afd080 JavaThread "AsyncHttpClient-1-1" daemon [_thread_blocked, id=21032, stack(0x0000000754500000,0x0000000754600000)]
  0x0000015fc8afda20 JavaThread "Exec Default Executor" daemon [_thread_in_native, id=21436, stack(0x0000000754600000,0x0000000754700000)]
  0x0000015fc8affbd0 JavaThread "Driver Service Executor" daemon [_thread_blocked, id=22148, stack(0x0000000754700000,0x0000000754800000)]
  0x0000015fc8afed60 JavaThread "Driver Service Executor" daemon [_thread_blocked, id=23172, stack(0x0000000754800000,0x0000000754900000)]
  0x0000015fc8b00a40 JavaThread "Exec Stream Pumper" daemon [_thread_in_native, id=16676, stack(0x0000000754a00000,0x0000000754b00000)]
  0x0000015fc8afe890 JavaThread "Exec Stream Pumper" daemon [_thread_in_native, id=22808, stack(0x0000000754b00000,0x0000000754c00000)]
  0x0000015fc8afdef0 JavaThread "AsyncHttpClient-1-2" daemon [_thread_in_native, id=3964, stack(0x0000000754e00000,0x0000000754f00000)]
  0x0000015fc8b32a00 JavaThread "AsyncHttpClient-1-3" daemon [_thread_in_native, id=21560, stack(0x0000000754f00000,0x0000000755000000)]
  0x0000015fc8b2dd00 JavaThread "AsyncHttpClient-1-4" daemon [_thread_in_native, id=14108, stack(0x0000000755000000,0x0000000755100000)]
  0x0000015fc8b33d40 JavaThread "RMI TCP Connection(3)-127.0.0.1" daemon [_thread_blocked, id=27520, stack(0x0000000752600000,0x0000000752700000)]
  0x0000015fc8b2f9e0 JavaThread "AsyncHttpClient-1-5" daemon [_thread_in_native, id=27480, stack(0x0000000752700000,0x0000000752800000)]

Other Threads:
  0x0000015fc7436130 VMThread "VM Thread" [stack: 0x0000000752e00000,0x0000000752f00000] [id=18584]
  0x0000015fabc867a0 WatcherThread [stack: 0x0000000753f00000,0x0000000754000000] [id=22624]
=>0x0000015fabcc3dc0 GCTaskThread "GC Thread#0" [stack: 0x0000000752900000,0x0000000752a00000] [id=21876]
  0x0000015fc883e9d0 GCTaskThread "GC Thread#1" [stack: 0x0000000753a00000,0x0000000753b00000] [id=24200]
  0x0000015fabcd54f0 ConcurrentGCThread "G1 Main Marker" [stack: 0x0000000752a00000,0x0000000752b00000] [id=26584]
  0x0000015fabcd6790 ConcurrentGCThread "G1 Conc#0" [stack: 0x0000000752b00000,0x0000000752c00000] [id=26960]
  0x0000015fabd3e860 ConcurrentGCThread "G1 Refine#0" [stack: 0x0000000752c00000,0x0000000752d00000] [id=27344]
  0x0000015fabd3f370 ConcurrentGCThread "G1 Young RemSet Sampling" [stack: 0x0000000752d00000,0x0000000752e00000] [id=24768]

Threads with active compile tasks:

VM state: at safepoint (normal execution)

VM Mutex/Monitor currently owned by a thread:  ([mutex/lock_event])
[0x0000015fabc823d0] Threads_lock - owner thread: 0x0000015fc7436130
[0x0000015fabc81800] Heap_lock - owner thread: 0x0000015fc8b33d40

Heap address: 0x0000000084e00000, size: 1970 MB, Compressed Oops mode: 32-bit
CDS disabled.
Compressed class space mapped at: 0x0000000100000000-0x0000000140000000, size: 1073741824
Narrow klass base: 0x0000000000000000, Narrow klass shift: 3, Narrow klass range: 0x140000000

GC Precious Log:
 CPUs: 4 total, 4 available
 Memory: 7878M
 Large Page Support: Disabled
 NUMA Support: Disabled
 Compressed Oops: Enabled (32-bit)
 Heap Region Size: 1M
 Heap Min Capacity: 8M
 Heap Initial Capacity: 124M
 Heap Max Capacity: 1970M
 Pre-touch: Disabled
 Parallel Workers: 4
 Concurrent Workers: 1
 Concurrent Refinement Workers: 4
 Periodic GC: Disabled

Heap:
 garbage-first heap   total 61440K, used 49646K [0x0000000084e00000, 0x0000000100000000)
  region size 1024K, 26 young (26624K), 2 survivors (2048K)
 Metaspace       used 31518K, capacity 31834K, committed 31996K, reserved 1077248K
  class space    used 3601K, capacity 3696K, committed 3836K, reserved 1048576K

Heap Regions: E=young(eden), S=young(survivor), O=old, HS=humongous(starts), HC=humongous(continues), CS=collection set, F=free, OA=open archive, CA=closed archive, TAMS=top-at-mark-start (previous, next)
|   0|0x0000000084e00000, 0x0000000084f00000, 0x0000000084f00000|100%| O|  |TAMS 0x0000000084f00000, 0x0000000084e00000| Untracked 
|   1|0x0000000084f00000, 0x0000000085000000, 0x0000000085000000|100%| O|  |TAMS 0x0000000085000000, 0x0000000084f00000| Untracked 
|   2|0x0000000085000000, 0x0000000085100000, 0x0000000085100000|100%| O|  |TAMS 0x0000000085100000, 0x0000000085000000| Untracked 
|   3|0x0000000085100000, 0x0000000085200000, 0x0000000085200000|100%| O|  |TAMS 0x0000000085200000, 0x0000000085100000| Untracked 
|   4|0x0000000085200000, 0x0000000085300000, 0x0000000085300000|100%| O|  |TAMS 0x0000000085300000, 0x0000000085200000| Untracked 
|   5|0x0000000085300000, 0x0000000085400000, 0x0000000085400000|100%| O|  |TAMS 0x0000000085400000, 0x0000000085300000| Untracked 
|   6|0x0000000085400000, 0x0000000085500000, 0x0000000085500000|100%| O|  |TAMS 0x0000000085500000, 0x0000000085400000| Untracked 
|   7|0x0000000085500000, 0x0000000085532000, 0x0000000085600000| 19%| O|  |TAMS 0x0000000085532000, 0x0000000085500000| Untracked 
|   8|0x0000000085600000, 0x0000000085700000, 0x0000000085700000|100%| O|  |TAMS 0x0000000085600000, 0x0000000085600000| Untracked 
|   9|0x0000000085700000, 0x0000000085800000, 0x0000000085800000|100%| O|  |TAMS 0x0000000085700000, 0x0000000085700000| Untracked 
|  10|0x0000000085800000, 0x0000000085900000, 0x0000000085900000|100%| O|  |TAMS 0x0000000085800000, 0x0000000085800000| Untracked 
|  11|0x0000000085900000, 0x0000000085a00000, 0x0000000085a00000|100%| O|  |TAMS 0x0000000085900000, 0x0000000085900000| Untracked 
|  12|0x0000000085a00000, 0x0000000085b00000, 0x0000000085b00000|100%| O|  |TAMS 0x0000000085a00000, 0x0000000085a00000| Untracked 
|  13|0x0000000085b00000, 0x0000000085c00000, 0x0000000085c00000|100%|HS|  |TAMS 0x0000000085b00000, 0x0000000085b00000| Complete 
|  14|0x0000000085c00000, 0x0000000085d00000, 0x0000000085d00000|100%|HC|  |TAMS 0x0000000085c00000, 0x0000000085c00000| Complete 
|  15|0x0000000085d00000, 0x0000000085e00000, 0x0000000085e00000|100%|HC|  |TAMS 0x0000000085d00000, 0x0000000085d00000| Complete 
|  16|0x0000000085e00000, 0x0000000085f00000, 0x0000000085f00000|100%|HC|  |TAMS 0x0000000085e00000, 0x0000000085e00000| Complete 
|  17|0x0000000085f00000, 0x0000000086000000, 0x0000000086000000|100%|HC|  |TAMS 0x0000000085f00000, 0x0000000085f00000| Complete 
|  18|0x0000000086000000, 0x000000008608b600, 0x0000000086100000| 54%| O|  |TAMS 0x0000000086000000, 0x0000000086000000| Untracked 
|  19|0x0000000086100000, 0x0000000086200000, 0x0000000086200000|100%|HS|  |TAMS 0x0000000086100000, 0x0000000086100000| Complete 
|  20|0x0000000086200000, 0x0000000086300000, 0x0000000086300000|100%|HC|  |TAMS 0x0000000086200000, 0x0000000086200000| Complete 
|  21|0x0000000086300000, 0x0000000086400000, 0x0000000086400000|100%|HC|  |TAMS 0x0000000086300000, 0x0000000086300000| Complete 
|  22|0x0000000086400000, 0x0000000086500000, 0x0000000086500000|100%|HC|  |TAMS 0x0000000086400000, 0x0000000086400000| Complete 
|  23|0x0000000086500000, 0x0000000086600000, 0x0000000086600000|100%|HC|  |TAMS 0x0000000086500000, 0x0000000086500000| Complete 
|  24|0x0000000086600000, 0x0000000086600000, 0x0000000086700000|  0%| F|  |TAMS 0x0000000086600000, 0x0000000086600000| Untracked 
|  25|0x0000000086700000, 0x0000000086700000, 0x0000000086800000|  0%| F|  |TAMS 0x0000000086700000, 0x0000000086700000| Untracked 
|  26|0x0000000086800000, 0x0000000086800000, 0x0000000086900000|  0%| F|  |TAMS 0x0000000086800000, 0x0000000086800000| Untracked 
|  27|0x0000000086900000, 0x0000000086900000, 0x0000000086a00000|  0%| F|  |TAMS 0x0000000086900000, 0x0000000086900000| Untracked 
|  28|0x0000000086a00000, 0x0000000086a00000, 0x0000000086b00000|  0%| F|  |TAMS 0x0000000086a00000, 0x0000000086a00000| Untracked 
|  29|0x0000000086b00000, 0x0000000086bbe480, 0x0000000086c00000| 74%| E|CS|TAMS 0x0000000086b00000, 0x0000000086b00000| Complete 
|  30|0x0000000086c00000, 0x0000000086d00000, 0x0000000086d00000|100%| E|CS|TAMS 0x0000000086c00000, 0x0000000086c00000| Complete 
|  31|0x0000000086d00000, 0x0000000086d00000, 0x0000000086e00000|  0%| F|  |TAMS 0x0000000086d00000, 0x0000000086d00000| Untracked 
|  32|0x0000000086e00000, 0x0000000086e00000, 0x0000000086f00000|  0%| F|  |TAMS 0x0000000086e00000, 0x0000000086e00000| Untracked 
|  33|0x0000000086f00000, 0x0000000086f00000, 0x0000000087000000|  0%| F|  |TAMS 0x0000000086f00000, 0x0000000086f00000| Untracked 
|  34|0x0000000087000000, 0x00000000870b0a80, 0x0000000087100000| 69%| S|  |TAMS 0x0000000087000000, 0x0000000087000000| Complete 
|  35|0x0000000087100000, 0x0000000087200000, 0x0000000087200000|100%| S|  |TAMS 0x0000000087100000, 0x0000000087100000| Complete 
|  36|0x0000000087200000, 0x0000000087300000, 0x0000000087300000|100%| E|CS|TAMS 0x0000000087200000, 0x0000000087200000| Complete 
|  37|0x0000000087300000, 0x0000000087400000, 0x0000000087400000|100%| E|CS|TAMS 0x0000000087300000, 0x0000000087300000| Complete 
|  38|0x0000000087400000, 0x0000000087500000, 0x0000000087500000|100%| E|CS|TAMS 0x0000000087400000, 0x0000000087400000| Complete 
|  39|0x0000000087500000, 0x0000000087600000, 0x0000000087600000|100%| E|CS|TAMS 0x0000000087500000, 0x0000000087500000| Complete 
|  40|0x0000000087600000, 0x0000000087700000, 0x0000000087700000|100%| E|CS|TAMS 0x0000000087600000, 0x0000000087600000| Complete 
|  41|0x0000000087700000, 0x0000000087800000, 0x0000000087800000|100%| E|CS|TAMS 0x0000000087700000, 0x0000000087700000| Complete 
|  42|0x0000000087800000, 0x0000000087900000, 0x0000000087900000|100%| E|CS|TAMS 0x0000000087800000, 0x0000000087800000| Complete 
|  43|0x0000000087900000, 0x0000000087a00000, 0x0000000087a00000|100%| E|CS|TAMS 0x0000000087900000, 0x0000000087900000| Complete 
|  44|0x0000000087a00000, 0x0000000087b00000, 0x0000000087b00000|100%| E|CS|TAMS 0x0000000087a00000, 0x0000000087a00000| Complete 
|  45|0x0000000087b00000, 0x0000000087c00000, 0x0000000087c00000|100%| E|CS|TAMS 0x0000000087b00000, 0x0000000087b00000| Complete 
|  46|0x0000000087c00000, 0x0000000087d00000, 0x0000000087d00000|100%| E|CS|TAMS 0x0000000087c00000, 0x0000000087c00000| Complete 
|  47|0x0000000087d00000, 0x0000000087e00000, 0x0000000087e00000|100%| E|CS|TAMS 0x0000000087d00000, 0x0000000087d00000| Complete 
|  48|0x0000000087e00000, 0x0000000087f00000, 0x0000000087f00000|100%| E|CS|TAMS 0x0000000087e00000, 0x0000000087e00000| Complete 
|  49|0x0000000087f00000, 0x0000000088000000, 0x0000000088000000|100%| E|CS|TAMS 0x0000000087f00000, 0x0000000087f00000| Complete 
|  50|0x0000000088000000, 0x0000000088100000, 0x0000000088100000|100%| E|CS|TAMS 0x0000000088000000, 0x0000000088000000| Complete 
|  51|0x0000000088100000, 0x0000000088200000, 0x0000000088200000|100%| E|CS|TAMS 0x0000000088100000, 0x0000000088100000| Complete 
|  52|0x0000000088200000, 0x0000000088300000, 0x0000000088300000|100%| E|CS|TAMS 0x0000000088200000, 0x0000000088200000| Complete 
|  75|0x0000000089900000, 0x0000000089a00000, 0x0000000089a00000|100%| E|CS|TAMS 0x0000000089900000, 0x0000000089900000| Complete 
|  76|0x0000000089a00000, 0x0000000089b00000, 0x0000000089b00000|100%| E|CS|TAMS 0x0000000089a00000, 0x0000000089a00000| Complete 
|  77|0x0000000089b00000, 0x0000000089c00000, 0x0000000089c00000|100%| E|CS|TAMS 0x0000000089b00000, 0x0000000089b00000| Complete 
|  78|0x0000000089c00000, 0x0000000089d00000, 0x0000000089d00000|100%| E|CS|TAMS 0x0000000089c00000, 0x0000000089c00000| Complete 
|  79|0x0000000089d00000, 0x0000000089e00000, 0x0000000089e00000|100%| E|CS|TAMS 0x0000000089d00000, 0x0000000089d00000| Complete 
| 122|0x000000008c800000, 0x000000008c900000, 0x000000008c900000|100%| E|CS|TAMS 0x000000008c800000, 0x000000008c800000| Complete 
| 123|0x000000008c900000, 0x000000008ca00000, 0x000000008ca00000|100%| E|CS|TAMS 0x000000008c900000, 0x000000008c900000| Complete 

Card table byte_map: [0x0000015fc0870000,0x0000015fc0c50000] _byte_map_base: 0x0000015fc0449000

Marking Bits (Prev, Next): (CMBitMap*) 0x0000015fabcc4580, (CMBitMap*) 0x0000015fabcc4540
 Prev Bits: [0x0000015fc2f00000, 0x0000015fc4dc8000)
 Next Bits: [0x0000015fc1030000, 0x0000015fc2ef8000)

Polling page: 0x0000015fb0e40000

Metaspace:

Usage:
  Non-class:     27.48 MB capacity,    27.26 MB (>99%) used,   181.70 KB ( <1%) free+waste,    39.25 KB ( <1%) overhead. 
      Class:      3.61 MB capacity,     3.52 MB ( 97%) used,    80.33 KB (  2%) free+waste,    14.50 KB ( <1%) overhead. 
       Both:     31.09 MB capacity,    30.78 MB (>99%) used,   262.03 KB ( <1%) free+waste,    53.75 KB ( <1%) overhead. 

Virtual space:
  Non-class space:       28.00 MB reserved,      27.50 MB ( 98%) committed 
      Class space:        1.00 GB reserved,       3.75 MB ( <1%) committed 
             Both:        1.03 GB reserved,      31.25 MB (  3%) committed 

Chunk freelists:
   Non-Class:  22.00 KB
       Class:  16.00 KB
        Both:  38.00 KB

MaxMetaspaceSize: 17179869184.00 GB
CompressedClassSpaceSize: 1.00 GB

CodeHeap 'non-profiled nmethods': size=238912Kb used=6199Kb max_used=6199Kb free=232712Kb
 bounds [0x0000015fb1510000, 0x0000015fb1b20000, 0x0000015fbfe60000]
CodeHeap 'non-nmethods': size=6848Kb used=1347Kb max_used=1347Kb free=5500Kb
 bounds [0x0000015fb0e60000, 0x0000015fb10d0000, 0x0000015fb1510000]
 total_blobs=4297 nmethods=3755 adapters=469
 compilation: enabled
              stopped_count=0, restarted_count=0
 full_count=0

Compilation events (20 events):
Event: 467.205 Thread 0x0000015fc7ca22c0 3746       1       io.netty.channel.CombinedChannelDuplexHandler::flush (60 bytes)
Event: 467.205 Thread 0x0000015fc7ca22c0 nmethod 3746 0x0000015fb1b1ab90 code [0x0000015fb1b1ad40, 0x0000015fb1b1ae78]
Event: 467.205 Thread 0x0000015fc7ca22c0 3747       1       io.netty.channel.ChannelOutboundHandlerAdapter::flush (8 bytes)
Event: 467.205 Thread 0x0000015fc7ca22c0 nmethod 3747 0x0000015fb1b1af90 code [0x0000015fb1b1b120, 0x0000015fb1b1b208]
Event: 467.205 Thread 0x0000015fc7ca22c0 3748       1       io.netty.channel.CombinedChannelDuplexHandler$DelegatingChannelHandlerContext::flush (12 bytes)
Event: 467.205 Thread 0x0000015fc7ca22c0 nmethod 3748 0x0000015fb1b1b290 code [0x0000015fb1b1b420, 0x0000015fb1b1b508]
Event: 467.205 Thread 0x0000015fc7ca22c0 3749       1       io.netty.channel.nio.AbstractNioByteChannel::clearOpWrite (34 bytes)
Event: 467.205 Thread 0x0000015fc7ca22c0 nmethod 3749 0x0000015fb1b1b590 code [0x0000015fb1b1b740, 0x0000015fb1b1b8a8]
Event: 467.218 Thread 0x0000015fc7ca22c0 3750       1       io.netty.util.internal.PlatformDependent::hashCodeAsciiSanitizeShort (60 bytes)
Event: 467.218 Thread 0x0000015fc7ca22c0 nmethod 3750 0x0000015fb1b1b990 code [0x0000015fb1b1bb40, 0x0000015fb1b1bc58]
Event: 477.793 Thread 0x0000015fc7ca22c0 3751   !   1       io.netty.channel.AbstractChannelHandlerContext$WriteTask::run (59 bytes)
Event: 477.794 Thread 0x0000015fc7ca22c0 nmethod 3751 0x0000015fb1b1bd10 code [0x0000015fb1b1bfa0, 0x0000015fb1b1c828]
Event: 477.794 Thread 0x0000015fc7ca22c0 3752       1       io.netty.channel.AbstractChannelHandlerContext$WriteTask::decrementPendingOutboundBytes (25 bytes)
Event: 477.795 Thread 0x0000015fc7ca22c0 nmethod 3752 0x0000015fb1b1cf90 code [0x0000015fb1b1d140, 0x0000015fb1b1d2d8]
Event: 477.795 Thread 0x0000015fc7ca22c0 3753       1       io.netty.channel.DefaultChannelPipeline::decrementPendingOutboundBytes (25 bytes)
Event: 477.795 Thread 0x0000015fc7ca22c0 nmethod 3753 0x0000015fb1b1d490 code [0x0000015fb1b1d640, 0x0000015fb1b1d798]
Event: 477.795 Thread 0x0000015fc7ca22c0 3754       1       io.netty.channel.ChannelOutboundBuffer::decrementPendingOutboundBytes (8 bytes)
Event: 477.795 Thread 0x0000015fc7ca22c0 nmethod 3754 0x0000015fb1b1d910 code [0x0000015fb1b1daa0, 0x0000015fb1b1db88]
Event: 477.795 Thread 0x0000015fc7ca22c0 3755       1       io.netty.channel.AbstractChannelHandlerContext$WriteTask::recycle (26 bytes)
Event: 477.795 Thread 0x0000015fc7ca22c0 nmethod 3755 0x0000015fb1b1dc10 code [0x0000015fb1b1ddc0, 0x0000015fb1b1df28]

GC Heap History (19 events):
Event: 0.957 GC heap before
{Heap before GC invocations=0 (full 0):
 garbage-first heap   total 126976K, used 12288K [0x0000000084e00000, 0x0000000100000000)
  region size 1024K, 13 young (13312K), 0 survivors (0K)
 Metaspace       used 6352K, capacity 6379K, committed 6528K, reserved 1056768K
  class space    used 529K, capacity 553K, committed 640K, reserved 1048576K
}
Event: 0.967 GC heap after
{Heap after GC invocations=1 (full 0):
 garbage-first heap   total 126976K, used 5120K [0x0000000084e00000, 0x0000000100000000)
  region size 1024K, 2 young (2048K), 2 survivors (2048K)
 Metaspace       used 6352K, capacity 6379K, committed 6528K, reserved 1056768K
  class space    used 529K, capacity 553K, committed 640K, reserved 1048576K
}
Event: 1.677 GC heap before
{Heap before GC invocations=1 (full 0):
 garbage-first heap   total 126976K, used 18432K [0x0000000084e00000, 0x0000000100000000)
  region size 1024K, 15 young (15360K), 2 survivors (2048K)
 Metaspace       used 14594K, capacity 14804K, committed 15104K, reserved 1062912K
  class space    used 1418K, capacity 1478K, committed 1536K, reserved 1048576K
}
Event: 1.688 GC heap after
{Heap after GC invocations=2 (full 0):
 garbage-first heap   total 126976K, used 7543K [0x0000000084e00000, 0x0000000100000000)
  region size 1024K, 2 young (2048K), 2 survivors (2048K)
 Metaspace       used 14594K, capacity 14804K, committed 15104K, reserved 1062912K
  class space    used 1418K, capacity 1478K, committed 1536K, reserved 1048576K
}
Event: 2.093 GC heap before
{Heap before GC invocations=2 (full 0):
 garbage-first heap   total 126976K, used 26999K [0x0000000084e00000, 0x0000000100000000)
  region size 1024K, 21 young (21504K), 2 survivors (2048K)
 Metaspace       used 17774K, capacity 18071K, committed 18304K, reserved 1064960K
  class space    used 1812K, capacity 1906K, committed 1920K, reserved 1048576K
}
Event: 2.104 GC heap after
{Heap after GC invocations=3 (full 0):
 garbage-first heap   total 126976K, used 9344K [0x0000000084e00000, 0x0000000100000000)
  region size 1024K, 2 young (2048K), 2 survivors (2048K)
 Metaspace       used 17774K, capacity 18071K, committed 18304K, reserved 1064960K
  class space    used 1812K, capacity 1906K, committed 1920K, reserved 1048576K
}
Event: 2.687 GC heap before
{Heap before GC invocations=3 (full 0):
 garbage-first heap   total 126976K, used 51328K [0x0000000084e00000, 0x0000000100000000)
  region size 1024K, 44 young (45056K), 2 survivors (2048K)
 Metaspace       used 20966K, capacity 21216K, committed 21248K, reserved 1069056K
  class space    used 2208K, capacity 2293K, committed 2304K, reserved 1048576K
}
Event: 2.698 GC heap after
{Heap after GC invocations=4 (full 0):
 garbage-first heap   total 126976K, used 11788K [0x0000000084e00000, 0x0000000100000000)
  region size 1024K, 5 young (5120K), 5 survivors (5120K)
 Metaspace       used 20966K, capacity 21216K, committed 21248K, reserved 1069056K
  class space    used 2208K, capacity 2293K, committed 2304K, reserved 1048576K
}
Event: 3.071 GC heap before
{Heap before GC invocations=5 (full 0):
 garbage-first heap   total 51200K, used 37388K [0x0000000084e00000, 0x0000000100000000)
  region size 1024K, 30 young (30720K), 5 survivors (5120K)
 Metaspace       used 24566K, capacity 24864K, committed 25084K, reserved 1071104K
  class space    used 2643K, capacity 2741K, committed 2812K, reserved 1048576K
}
Event: 3.082 GC heap after
{Heap after GC invocations=6 (full 0):
 garbage-first heap   total 61440K, used 12567K [0x0000000084e00000, 0x0000000100000000)
  region size 1024K, 1 young (1024K), 1 survivors (1024K)
 Metaspace       used 24566K, capacity 24864K, committed 25084K, reserved 1071104K
  class space    used 2643K, capacity 2741K, committed 2812K, reserved 1048576K
}
Event: 4.145 GC heap before
{Heap before GC invocations=6 (full 0):
 garbage-first heap   total 61440K, used 43287K [0x0000000084e00000, 0x0000000100000000)
  region size 1024K, 31 young (31744K), 1 survivors (1024K)
 Metaspace       used 27996K, capacity 28351K, committed 28668K, reserved 1075200K
  class space    used 3137K, capacity 3242K, committed 3324K, reserved 1048576K
}
Event: 4.152 GC heap after
{Heap after GC invocations=7 (full 0):
 garbage-first heap   total 61440K, used 13476K [0x0000000084e00000, 0x0000000100000000)
  region size 1024K, 2 young (2048K), 2 survivors (2048K)
 Metaspace       used 27996K, capacity 28351K, committed 28668K, reserved 1075200K
  class space    used 3137K, capacity 3242K, committed 3324K, reserved 1048576K
}
Event: 11.725 GC heap before
{Heap before GC invocations=7 (full 0):
 garbage-first heap   total 61440K, used 49316K [0x0000000084e00000, 0x0000000100000000)
  region size 1024K, 32 young (32768K), 2 survivors (2048K)
 Metaspace       used 31293K, capacity 31639K, committed 31996K, reserved 1077248K
  class space    used 3585K, capacity 3695K, committed 3836K, reserved 1048576K
}
Event: 11.737 GC heap after
{Heap after GC invocations=8 (full 0):
 garbage-first heap   total 61440K, used 19906K [0x0000000084e00000, 0x0000000100000000)
  region size 1024K, 4 young (4096K), 4 survivors (4096K)
 Metaspace       used 31293K, capacity 31639K, committed 31996K, reserved 1077248K
  class space    used 3585K, capacity 3695K, committed 3836K, reserved 1048576K
}
Event: 124.772 GC heap before
{Heap before GC invocations=8 (full 0):
 garbage-first heap   total 61440K, used 44482K [0x0000000084e00000, 0x0000000100000000)
  region size 1024K, 29 young (29696K), 4 survivors (4096K)
 Metaspace       used 31395K, capacity 31703K, committed 31996K, reserved 1077248K
  class space    used 3597K, capacity 3695K, committed 3836K, reserved 1048576K
}
Event: 124.783 GC heap after
{Heap after GC invocations=9 (full 0):
 garbage-first heap   total 61440K, used 19985K [0x0000000084e00000, 0x0000000100000000)
  region size 1024K, 2 young (2048K), 2 survivors (2048K)
 Metaspace       used 31395K, capacity 31703K, committed 31996K, reserved 1077248K
  class space    used 3597K, capacity 3695K, committed 3836K, reserved 1048576K
}
Event: 775.706 GC heap before
{Heap before GC invocations=9 (full 0):
 garbage-first heap   total 61440K, used 51729K [0x0000000084e00000, 0x0000000100000000)
  region size 1024K, 29 young (29696K), 2 survivors (2048K)
 Metaspace       used 31466K, capacity 31767K, committed 31996K, reserved 1077248K
  class space    used 3598K, capacity 3695K, committed 3836K, reserved 1048576K
}
Event: 775.713 GC heap after
{Heap after GC invocations=10 (full 0):
 garbage-first heap   total 61440K, used 25070K [0x0000000084e00000, 0x0000000100000000)
  region size 1024K, 2 young (2048K), 2 survivors (2048K)
 Metaspace       used 31466K, capacity 31767K, committed 31996K, reserved 1077248K
  class space    used 3598K, capacity 3695K, committed 3836K, reserved 1048576K
}
Event: 1554.140 GC heap before
{Heap before GC invocations=10 (full 0):
 garbage-first heap   total 61440K, used 49646K [0x0000000084e00000, 0x0000000100000000)
  region size 1024K, 26 young (26624K), 2 survivors (2048K)
 Metaspace       used 31518K, capacity 31834K, committed 31996K, reserved 1077248K
  class space    used 3601K, capacity 3696K, committed 3836K, reserved 1048576K
}

Deoptimization events (20 events):
Event: 1553.105 Thread 0x0000015fc8b33d40 DEOPT PACKING pc=0x0000015fb1adc57c sp=0x00000007526fe530
Event: 1553.105 Thread 0x0000015fc8b33d40 DEOPT UNPACKING pc=0x0000015fb0eae23f sp=0x00000007526fdac8 mode 1
Event: 1553.637 Thread 0x0000015fc8b33d40 DEOPT PACKING pc=0x0000015fb1af515c sp=0x00000007526fdec0
Event: 1553.637 Thread 0x0000015fc8b33d40 DEOPT UNPACKING pc=0x0000015fb0eae23f sp=0x00000007526fd3c0 mode 1
Event: 1553.637 Thread 0x0000015fc8b33d40 DEOPT PACKING pc=0x0000015fb1af3bc4 sp=0x00000007526fdf70
Event: 1553.637 Thread 0x0000015fc8b33d40 DEOPT UNPACKING pc=0x0000015fb0eae23f sp=0x00000007526fd520 mode 1
Event: 1553.637 Thread 0x0000015fc8b33d40 DEOPT PACKING pc=0x0000015fb1af31dc sp=0x00000007526fe0e0
Event: 1553.637 Thread 0x0000015fc8b33d40 DEOPT UNPACKING pc=0x0000015fb0eae23f sp=0x00000007526fd610 mode 1
Event: 1553.637 Thread 0x0000015fc8b33d40 DEOPT PACKING pc=0x0000015fb1aef76c sp=0x00000007526fe1c0
Event: 1553.637 Thread 0x0000015fc8b33d40 DEOPT UNPACKING pc=0x0000015fb0eae23f sp=0x00000007526fd690 mode 1
Event: 1553.637 Thread 0x0000015fc8b33d40 DEOPT PACKING pc=0x0000015fb1acac14 sp=0x00000007526fe240
Event: 1553.637 Thread 0x0000015fc8b33d40 DEOPT UNPACKING pc=0x0000015fb0eae23f sp=0x00000007526fd738 mode 1
Event: 1553.638 Thread 0x0000015fc8b33d40 DEOPT PACKING pc=0x0000015fb1af1fbc sp=0x00000007526fe370
Event: 1553.638 Thread 0x0000015fc8b33d40 DEOPT UNPACKING pc=0x0000015fb0eae23f sp=0x00000007526fd888 mode 1
Event: 1553.638 Thread 0x0000015fc8b33d40 DEOPT PACKING pc=0x0000015fb1ad6cac sp=0x00000007526fe450
Event: 1553.638 Thread 0x0000015fc8b33d40 DEOPT UNPACKING pc=0x0000015fb0eae23f sp=0x00000007526fd930 mode 1
Event: 1553.638 Thread 0x0000015fc8b33d40 DEOPT PACKING pc=0x0000015fb1a3377c sp=0x00000007526fe4e0
Event: 1553.638 Thread 0x0000015fc8b33d40 DEOPT UNPACKING pc=0x0000015fb0eae23f sp=0x00000007526fd980 mode 1
Event: 1553.638 Thread 0x0000015fc8b33d40 DEOPT PACKING pc=0x0000015fb1adc57c sp=0x00000007526fe530
Event: 1553.638 Thread 0x0000015fc8b33d40 DEOPT UNPACKING pc=0x0000015fb0eae23f sp=0x00000007526fdac8 mode 1

Classes unloaded (0 events):
No events

Classes redefined (3 events):
Event: 401.240 Thread 0x0000015fc7436130 redefined class name=isSignup.ISsignupTest, count=1
Event: 1281.802 Thread 0x0000015fc7436130 redefined class name=isSignup.ISsignupTest, count=2
Event: 1298.789 Thread 0x0000015fc7436130 redefined class name=isSignup.ISsignupTest, count=3

Internal exceptions (20 events):
Event: 3.839 Thread 0x0000015fabc85820 Exception <a 'java/lang/NoSuchMethodError'{0x0000000087c361b0}: 'long java.lang.invoke.DirectMethodHandle$Holder.invokeVirtual(java.lang.Object, java.lang.Object)'> (0x0000000087c361b0) 
thrown [./open/src/hotspot/share/interpreter/linkResolver.cpp, line 782]
Event: 3.883 Thread 0x0000015fabc85820 Exception <a 'java/lang/NoSuchMethodError'{0x0000000087ada990}: 'void java.lang.invoke.DirectMethodHandle$Holder.invokeSpecial(java.lang.Object, java.lang.Object, java.lang.Object, java.lang.Object, java.lang.Object)'> (0x0000000087ada990) 
thrown [./open/src/hotspot/share/interpreter/linkResolver.cpp, line 782]
Event: 3.885 Thread 0x0000015fabc85820 Exception <a 'java/lang/NoSuchMethodError'{0x0000000087ae1d98}: 'void java.lang.invoke.DirectMethodHandle$Holder.invokeStatic(java.lang.Object, java.lang.Object, int)'> (0x0000000087ae1d98) 
thrown [./open/src/hotspot/share/interpreter/linkResolver.cpp, line 782]
Event: 3.923 Thread 0x0000015fabc85820 Exception <a 'java/lang/NoSuchMethodError'{0x0000000087869d30}: 'java.lang.Object java.lang.invoke.DirectMethodHandle$Holder.newInvokeSpecial(java.lang.Object, java.lang.Object, java.lang.Object, java.lang.Object, java.lang.Object)'> (0x0000000087869d30) 
thrown [./open/src/hotspot/share/interpreter/linkResolver.cpp, line 782]
Event: 3.992 Thread 0x0000015fabc85820 Exception <a 'java/lang/NoSuchMethodError'{0x00000000875e0380}: 'void java.lang.invoke.DirectMethodHandle$Holder.invokeStatic(java.lang.Object, java.lang.Object, java.lang.Object, java.lang.Object)'> (0x00000000875e0380) 
thrown [./open/src/hotspot/share/interpreter/linkResolver.cpp, line 782]
Event: 4.052 Thread 0x0000015fc95ef030 Exception <a 'java/lang/reflect/InvocationTargetException'{0x0000000087ee9ad0}> (0x0000000087ee9ad0) 
thrown [./open/src/hotspot/share/runtime/reflection.cpp, line 1157]
Event: 4.068 Thread 0x0000015fabc85820 Exception <a 'java/lang/NoSuchMethodError'{0x0000000086f71958}: 'void java.lang.invoke.DirectMethodHandle$Holder.invokeSpecial(java.lang.Object, java.lang.Object, java.lang.Object, java.lang.Object, java.lang.Object, java.lang.Object)'> (0x0000000086f71958) 
thrown [./open/src/hotspot/share/interpreter/linkResolver.cpp, line 782]
Event: 4.607 Thread 0x0000015fc95ef030 Exception <a 'java/lang/reflect/InvocationTargetException'{0x0000000087fce008}> (0x0000000087fce008) 
thrown [./open/src/hotspot/share/runtime/reflection.cpp, line 1157]
Event: 5.160 Thread 0x0000015fc95ef030 Exception <a 'java/lang/reflect/InvocationTargetException'{0x0000000087fd22d0}> (0x0000000087fd22d0) 
thrown [./open/src/hotspot/share/runtime/reflection.cpp, line 1157]
Event: 5.828 Thread 0x0000015fc95ef030 Exception <a 'java/lang/reflect/InvocationTargetException'{0x0000000087fe78f0}> (0x0000000087fe78f0) 
thrown [./open/src/hotspot/share/runtime/reflection.cpp, line 1157]
Event: 6.339 Thread 0x0000015fc95ef030 Exception <a 'java/lang/reflect/InvocationTargetException'{0x0000000087feb938}> (0x0000000087feb938) 
thrown [./open/src/hotspot/share/runtime/reflection.cpp, line 1157]
Event: 6.843 Thread 0x0000015fc95ef030 Exception <a 'java/lang/reflect/InvocationTargetException'{0x0000000087fefd28}> (0x0000000087fefd28) 
thrown [./open/src/hotspot/share/runtime/reflection.cpp, line 1157]
Event: 7.560 Thread 0x0000015fc95ef030 Exception <a 'java/lang/reflect/InvocationTargetException'{0x0000000087ff3d70}> (0x0000000087ff3d70) 
thrown [./open/src/hotspot/share/runtime/reflection.cpp, line 1157]
Event: 7.670 Thread 0x0000015fabc85820 Exception <a 'java/lang/NoSuchMethodError'{0x0000000087844838}: 'java.lang.Object java.lang.invoke.DirectMethodHandle$Holder.invokeSpecialIFC(java.lang.Object, java.lang.Object, java.lang.Object)'> (0x0000000087844838) 
thrown [./open/src/hotspot/share/interpreter/linkResolver.cpp, line 782]
Event: 7.808 Thread 0x0000015fabc85820 Exception <a 'java/lang/ClassNotFoundException'{0x00000000877661c8}: sun/util/logging/resources/spi/loggingProvider> (0x00000000877661c8) 
thrown [./open/src/hotspot/share/classfile/systemDictionary.cpp, line 295]
Event: 8.069 Thread 0x0000015fc95ef030 Exception <a 'java/lang/reflect/InvocationTargetException'{0x0000000087982ec0}> (0x0000000087982ec0) 
thrown [./open/src/hotspot/share/runtime/reflection.cpp, line 1157]
Event: 8.577 Thread 0x0000015fc95ef030 Exception <a 'java/lang/reflect/InvocationTargetException'{0x0000000087986f08}> (0x0000000087986f08) 
thrown [./open/src/hotspot/share/runtime/reflection.cpp, line 1157]
Event: 9.083 Thread 0x0000015fc95ef030 Exception <a 'java/lang/reflect/InvocationTargetException'{0x0000000086d83c58}> (0x0000000086d83c58) 
thrown [./open/src/hotspot/share/runtime/reflection.cpp, line 1157]
Event: 9.621 Thread 0x0000015fc95ef030 Exception <a 'java/lang/reflect/InvocationTargetException'{0x0000000086d87ca0}> (0x0000000086d87ca0) 
thrown [./open/src/hotspot/share/runtime/reflection.cpp, line 1157]
Event: 10.165 Thread 0x0000015fc95ef030 Exception <a 'java/lang/reflect/InvocationTargetException'{0x0000000086db0838}> (0x0000000086db0838) 
thrown [./open/src/hotspot/share/runtime/reflection.cpp, line 1157]

Events (20 events):
Event: 1299.436 Executing VM operation: GetCurrentLocation done
Event: 1299.436 Executing VM operation: ChangeSingleStep
Event: 1299.437 Executing VM operation: ChangeSingleStep done
Event: 1299.438 Executing VM operation: GetFrameLocation
Event: 1299.439 Executing VM operation: GetFrameLocation done
Event: 1299.441 Executing VM operation: ChangeSingleStep
Event: 1299.441 Executing VM operation: ChangeSingleStep done
Event: 1299.442 Executing VM operation: GetFrameCount
Event: 1299.442 Executing VM operation: GetFrameCount done
Event: 1299.455 Executing VM operation: GetFrameCount
Event: 1299.455 Executing VM operation: GetFrameCount done
Event: 1299.455 Executing VM operation: GetStackTrace
Event: 1299.457 Executing VM operation: GetStackTrace done
Event: 1299.457 Executing VM operation: GetFrameCount
Event: 1299.458 Executing VM operation: GetFrameCount done
Event: 1300.167 Executing VM operation: GetFrameCount
Event: 1300.167 Executing VM operation: GetFrameCount done
Event: 1300.214 Executing VM operation: GetFrameCount
Event: 1300.215 Executing VM operation: GetFrameCount done
Event: 1554.139 Executing VM operation: G1CollectForAllocation


Dynamic libraries:
0x00007ff717df0000 - 0x00007ff717dfd000 	C:\Users\ADMIN\Downloads\sts-4.9.0.RELEASE\plugins\org.eclipse.justj.openjdk.hotspot.jre.full.win32.x86_64_15.0.1.v20201027-0507\jre\bin\javaw.exe
0x00007ff90b2d0000 - 0x00007ff90b4c8000 	C:\WINDOWS\SYSTEM32\ntdll.dll
0x00007ff909330000 - 0x00007ff9093ed000 	C:\WINDOWS\System32\KERNEL32.DLL
0x00007ff908d50000 - 0x00007ff90901e000 	C:\WINDOWS\System32\KERNELBASE.dll
0x00007ff909020000 - 0x00007ff909120000 	C:\WINDOWS\System32\ucrtbase.dll
0x00007ff8d3520000 - 0x00007ff8d3538000 	C:\Users\ADMIN\Downloads\sts-4.9.0.RELEASE\plugins\org.eclipse.justj.openjdk.hotspot.jre.full.win32.x86_64_15.0.1.v20201027-0507\jre\bin\jli.dll
0x00007ff909f00000 - 0x00007ff90a0a0000 	C:\WINDOWS\System32\USER32.dll
0x00007ff908c30000 - 0x00007ff908c52000 	C:\WINDOWS\System32\win32u.dll
0x00007ff90b030000 - 0x00007ff90b05a000 	C:\WINDOWS\System32\GDI32.dll
0x00007ff9089f0000 - 0x00007ff908afb000 	C:\WINDOWS\System32\gdi32full.dll
0x00007ff908b90000 - 0x00007ff908c2d000 	C:\WINDOWS\System32\msvcp_win.dll
0x00007ff8e1bd0000 - 0x00007ff8e1be9000 	C:\Users\ADMIN\Downloads\sts-4.9.0.RELEASE\plugins\org.eclipse.justj.openjdk.hotspot.jre.full.win32.x86_64_15.0.1.v20201027-0507\jre\bin\VCRUNTIME140.dll
0x00007ff8f9260000 - 0x00007ff8f94fa000 	C:\WINDOWS\WinSxS\amd64_microsoft.windows.common-controls_6595b64144ccf1df_6.0.19041.1110_none_60b5254171f9507e\COMCTL32.dll
0x00007ff90a980000 - 0x00007ff90aa1e000 	C:\WINDOWS\System32\msvcrt.dll
0x00007ff909d20000 - 0x00007ff909d50000 	C:\WINDOWS\System32\IMM32.DLL
0x00007ff8ee8f0000 - 0x00007ff8ee8fc000 	C:\Users\ADMIN\Downloads\sts-4.9.0.RELEASE\plugins\org.eclipse.justj.openjdk.hotspot.jre.full.win32.x86_64_15.0.1.v20201027-0507\jre\bin\vcruntime140_1.dll
0x00007ff8a0070000 - 0x00007ff8a0101000 	C:\Users\ADMIN\Downloads\sts-4.9.0.RELEASE\plugins\org.eclipse.justj.openjdk.hotspot.jre.full.win32.x86_64_15.0.1.v20201027-0507\jre\bin\msvcp140.dll
0x00007ff8a0bd0000 - 0x00007ff8a172e000 	C:\Users\ADMIN\Downloads\sts-4.9.0.RELEASE\plugins\org.eclipse.justj.openjdk.hotspot.jre.full.win32.x86_64_15.0.1.v20201027-0507\jre\bin\server\jvm.dll
0x00007ff909bd0000 - 0x00007ff909c7e000 	C:\WINDOWS\System32\ADVAPI32.dll
0x00007ff90b1f0000 - 0x00007ff90b28c000 	C:\WINDOWS\System32\sechost.dll
0x00007ff90aba0000 - 0x00007ff90acc5000 	C:\WINDOWS\System32\RPCRT4.dll
0x00007ff9094d0000 - 0x00007ff9094d8000 	C:\WINDOWS\System32\PSAPI.DLL
0x00007ff8f86e0000 - 0x00007ff8f86e9000 	C:\WINDOWS\SYSTEM32\WSOCK32.dll
0x00007ff909ca0000 - 0x00007ff909d0b000 	C:\WINDOWS\System32\WS2_32.dll
0x00007ff8f91e0000 - 0x00007ff8f9207000 	C:\WINDOWS\SYSTEM32\WINMM.dll
0x00007ff900f50000 - 0x00007ff900f5a000 	C:\WINDOWS\SYSTEM32\VERSION.dll
0x00007ff9068f0000 - 0x00007ff906902000 	C:\WINDOWS\SYSTEM32\kernel.appcore.dll
0x00007ff8e3f60000 - 0x00007ff8e3f6a000 	C:\Users\ADMIN\Downloads\sts-4.9.0.RELEASE\plugins\org.eclipse.justj.openjdk.hotspot.jre.full.win32.x86_64_15.0.1.v20201027-0507\jre\bin\jimage.dll
0x00007ff8f9a60000 - 0x00007ff8f9c44000 	C:\WINDOWS\SYSTEM32\DBGHELP.DLL
0x00007ff8f9a30000 - 0x00007ff8f9a5c000 	C:\WINDOWS\SYSTEM32\dbgcore.DLL
0x00007ff908b00000 - 0x00007ff908b82000 	C:\WINDOWS\System32\bcryptPrimitives.dll
0x00007ff8e3fe0000 - 0x00007ff8e4019000 	C:\Users\ADMIN\Downloads\sts-4.9.0.RELEASE\plugins\org.eclipse.justj.openjdk.hotspot.jre.full.win32.x86_64_15.0.1.v20201027-0507\jre\bin\jdwp.dll
0x00007ff8e3f50000 - 0x00007ff8e3f5e000 	C:\Users\ADMIN\Downloads\sts-4.9.0.RELEASE\plugins\org.eclipse.justj.openjdk.hotspot.jre.full.win32.x86_64_15.0.1.v20201027-0507\jre\bin\instrument.dll
0x00007ff8d3540000 - 0x00007ff8d3565000 	C:\Users\ADMIN\Downloads\sts-4.9.0.RELEASE\plugins\org.eclipse.justj.openjdk.hotspot.jre.full.win32.x86_64_15.0.1.v20201027-0507\jre\bin\java.dll
0x00007ff8d34c0000 - 0x00007ff8d34d8000 	C:\Users\ADMIN\Downloads\sts-4.9.0.RELEASE\plugins\org.eclipse.justj.openjdk.hotspot.jre.full.win32.x86_64_15.0.1.v20201027-0507\jre\bin\zip.dll
0x00007ff90a230000 - 0x00007ff90a974000 	C:\WINDOWS\System32\SHELL32.dll
0x00007ff906af0000 - 0x00007ff907284000 	C:\WINDOWS\SYSTEM32\windows.storage.dll
0x00007ff90acd0000 - 0x00007ff90b024000 	C:\WINDOWS\System32\combase.dll
0x00007ff908450000 - 0x00007ff908480000 	C:\WINDOWS\SYSTEM32\Wldp.dll
0x00007ff90aaf0000 - 0x00007ff90ab9d000 	C:\WINDOWS\System32\SHCORE.dll
0x00007ff9096a0000 - 0x00007ff9096f5000 	C:\WINDOWS\System32\shlwapi.dll
0x00007ff908930000 - 0x00007ff90894f000 	C:\WINDOWS\SYSTEM32\profapi.dll
0x00007ff906180000 - 0x00007ff90618b000 	C:\Users\ADMIN\Downloads\sts-4.9.0.RELEASE\plugins\org.eclipse.justj.openjdk.hotspot.jre.full.win32.x86_64_15.0.1.v20201027-0507\jre\bin\dt_socket.dll
0x00007ff907e50000 - 0x00007ff907e8b000 	C:\WINDOWS\SYSTEM32\IPHLPAPI.DLL
0x00007ff9081b0000 - 0x00007ff90821a000 	C:\WINDOWS\system32\mswsock.dll
0x00007ff907ea0000 - 0x00007ff907f6b000 	C:\WINDOWS\SYSTEM32\DNSAPI.dll
0x00007ff9094e0000 - 0x00007ff9094e8000 	C:\WINDOWS\System32\NSI.dll
0x00007ff8fc7d0000 - 0x00007ff8fc7da000 	C:\Windows\System32\rasadhlp.dll
0x00007ff8fcb00000 - 0x00007ff8fcb80000 	C:\WINDOWS\System32\fwpuclnt.dll
0x00007ff908cb0000 - 0x00007ff908cd7000 	C:\WINDOWS\System32\bcrypt.dll
0x00007ff8d34a0000 - 0x00007ff8d34b9000 	C:\Users\ADMIN\Downloads\sts-4.9.0.RELEASE\plugins\org.eclipse.justj.openjdk.hotspot.jre.full.win32.x86_64_15.0.1.v20201027-0507\jre\bin\net.dll
0x00007ff8fcb80000 - 0x00007ff8fcc8a000 	C:\WINDOWS\SYSTEM32\WINHTTP.dll
0x00007ff8d3480000 - 0x00007ff8d3492000 	C:\Users\ADMIN\Downloads\sts-4.9.0.RELEASE\plugins\org.eclipse.justj.openjdk.hotspot.jre.full.win32.x86_64_15.0.1.v20201027-0507\jre\bin\nio.dll
0x00007ff8e1bc0000 - 0x00007ff8e1bc9000 	C:\Users\ADMIN\Downloads\sts-4.9.0.RELEASE\plugins\org.eclipse.justj.openjdk.hotspot.jre.full.win32.x86_64_15.0.1.v20201027-0507\jre\bin\management.dll
0x00007ff8e1bb0000 - 0x00007ff8e1bbb000 	C:\Users\ADMIN\Downloads\sts-4.9.0.RELEASE\plugins\org.eclipse.justj.openjdk.hotspot.jre.full.win32.x86_64_15.0.1.v20201027-0507\jre\bin\management_ext.dll
0x00007ff8cf3f0000 - 0x00007ff8cf407000 	C:\WINDOWS\system32\napinsp.dll
0x00007ff8cf3d0000 - 0x00007ff8cf3eb000 	C:\WINDOWS\system32\pnrpnsp.dll
0x00007ff905e90000 - 0x00007ff905ead000 	C:\WINDOWS\system32\NLAapi.dll
0x00007ff903ce0000 - 0x00007ff903cf5000 	C:\WINDOWS\system32\wshbth.dll
0x00007ff8cf3b0000 - 0x00007ff8cf3c2000 	C:\WINDOWS\System32\winrnr.dll
0x00007ff9083b0000 - 0x00007ff9083c8000 	C:\WINDOWS\SYSTEM32\CRYPTSP.dll
0x00007ff907ac0000 - 0x00007ff907af4000 	C:\WINDOWS\system32\rsaenh.dll
0x00007ff9088b0000 - 0x00007ff9088de000 	C:\WINDOWS\SYSTEM32\USERENV.dll
0x00007ff9083a0000 - 0x00007ff9083ac000 	C:\WINDOWS\SYSTEM32\CRYPTBASE.dll
0x00007ff900400000 - 0x00007ff900417000 	C:\WINDOWS\SYSTEM32\dhcpcsvc6.DLL
0x00007ff901130000 - 0x00007ff90114d000 	C:\WINDOWS\SYSTEM32\dhcpcsvc.DLL
0x00007ff8d3cc0000 - 0x00007ff8d3cd0000 	C:\Users\ADMIN\Downloads\sts-4.9.0.RELEASE\plugins\org.eclipse.justj.openjdk.hotspot.jre.full.win32.x86_64_15.0.1.v20201027-0507\jre\bin\verify.dll
0x00007ff902210000 - 0x00007ff90221d000 	C:\Users\ADMIN\Downloads\sts-4.9.0.RELEASE\plugins\org.eclipse.justj.openjdk.hotspot.jre.full.win32.x86_64_15.0.1.v20201027-0507\jre\bin\sunmscapi.dll
0x00007ff9091d0000 - 0x00007ff909326000 	C:\WINDOWS\System32\CRYPT32.dll
0x00007ff9084c0000 - 0x00007ff9084e7000 	C:\WINDOWS\SYSTEM32\ncrypt.dll
0x00007ff908480000 - 0x00007ff9084bb000 	C:\WINDOWS\SYSTEM32\NTASN1.dll

dbghelp: loaded successfully - version: 4.0.5 - missing functions: none
symbol engine: initialized successfully - sym options: 0x614 - pdb path: .;C:\Users\ADMIN\Downloads\sts-4.9.0.RELEASE\plugins\org.eclipse.justj.openjdk.hotspot.jre.full.win32.x86_64_15.0.1.v20201027-0507\jre\bin;C:\WINDOWS\SYSTEM32;C:\WINDOWS\WinSxS\amd64_microsoft.windows.common-controls_6595b64144ccf1df_6.0.19041.1110_none_60b5254171f9507e;C:\Users\ADMIN\Downloads\sts-4.9.0.RELEASE\plugins\org.eclipse.justj.openjdk.hotspot.jre.full.win32.x86_64_15.0.1.v20201027-0507\jre\bin\server

VM Arguments:
jvm_args: -XX:+ShowCodeDetailsInExceptionMessages -agentlib:jdwp=transport=dt_socket,suspend=y,address=localhost:58715 -Dcom.sun.management.jmxremote -Dcom.sun.management.jmxremote.port=58713 -Dcom.sun.management.jmxremote.authenticate=false -Dcom.sun.management.jmxremote.ssl=false -Djava.rmi.server.hostname=localhost -Dspring.jmx.enabled=true -Dspring.application.admin.enabled=true -XX:TieredStopAtLevel=1 -Dspring.boot.project.name=SignUpAutomation -javaagent:C:\Users\ADMIN\Downloads\sts-4.9.0.RELEASE\configuration\org.eclipse.osgi\262\0\.cp\lib\javaagent-shaded.jar -Dfile.encoding=UTF-8 
java_command: isSignup.ISsignupTest --spring.output.ansi.enabled=always
java_class_path (initial): D:\Workspace\SignUpAutomation\target\classes;C:\Users\ADMIN\.m2\repository\org\springframework\boot\spring-boot-starter\2.7.1\spring-boot-starter-2.7.1.jar;C:\Users\ADMIN\.m2\repository\org\springframework\boot\spring-boot\2.7.1\spring-boot-2.7.1.jar;C:\Users\ADMIN\.m2\repository\org\springframework\spring-context\5.3.21\spring-context-5.3.21.jar;C:\Users\ADMIN\.m2\repository\org\springframework\spring-aop\5.3.21\spring-aop-5.3.21.jar;C:\Users\ADMIN\.m2\repository\org\springframework\spring-beans\5.3.21\spring-beans-5.3.21.jar;C:\Users\ADMIN\.m2\repository\org\springframework\spring-expression\5.3.21\spring-expression-5.3.21.jar;C:\Users\ADMIN\.m2\repository\org\springframework\boot\spring-boot-autoconfigure\2.7.1\spring-boot-autoconfigure-2.7.1.jar;C:\Users\ADMIN\.m2\repository\org\springframework\boot\spring-boot-starter-logging\2.7.1\spring-boot-starter-logging-2.7.1.jar;C:\Users\ADMIN\.m2\repository\ch\qos\logback\logback-classic\1.2.11\logback-classic-1.2.11.jar;C:\Users\ADMIN\.m2\repository\ch\qos\logback\logback-core\1.2.11\logback-core-1.2.11.jar;C:\Users\ADMIN\.m2\repository\org\apache\logging\log4j\log4j-to-slf4j\2.17.2\log4j-to-slf4j-2.17.2.jar;C:\Users\ADMIN\.m2\repository\org\apache\logging\log4j\log4j-api\2.17.2\log4j-api-2.17.2.jar;C:\Users\ADMIN\.m2\repository\org\slf4j\jul-to-slf4j\1.7.36\jul-to-slf4j-1.7.36.jar;C:\Users\ADMIN\.m2\repository\jakarta\annotation\jakarta.annotation-api\1.3.5\jakarta.annotation-api-1.3.5.jar;C:\Users\ADMIN\.m2\repository\org\springframework\spring-core\5.3.21\spring-core-5.3.21.jar;C:\Users\ADMIN\.m2\repository\org\springframework\spring-jcl\5.3.21\spring-jcl-5.3.21.jar;C:\Users\ADMIN\.m2\repository\org\yaml\snakeyaml\1.30\snakeyaml-1.30.jar;C:\Users\ADMIN\.m2\repository\org\seleniumhq\selenium\selenium-java\4.3.0\selenium-java-4.3.0.jar;C:\Users\ADMIN\.m2\repository\org\seleniumhq\selenium\selenium-api\4.1.4\selenium-api-4.1.4.jar;C:\Users\ADMIN\.m2\repository\org\seleniumhq\selenium\seleni
Launcher Type: SUN_STANDARD

[Global flags]
     intx CICompilerCount                          = 3                                         {product} {ergonomic}
     uint ConcGCThreads                            = 1                                         {product} {ergonomic}
     uint G1ConcRefinementThreads                  = 4                                         {product} {ergonomic}
   size_t G1HeapRegionSize                         = 1048576                                   {product} {ergonomic}
    uintx GCDrainStackTargetSize                   = 64                                        {product} {ergonomic}
   size_t InitialHeapSize                          = 130023424                                 {product} {ergonomic}
     bool ManagementServer                         = true                                      {product} {command line}
   size_t MarkStackSize                            = 4194304                                   {product} {ergonomic}
   size_t MaxHeapSize                              = 2065694720                                {product} {ergonomic}
   size_t MaxNewSize                               = 1239416832                                {product} {ergonomic}
   size_t MinHeapDeltaBytes                        = 1048576                                   {product} {ergonomic}
   size_t MinHeapSize                              = 8388608                                   {product} {ergonomic}
    uintx NonNMethodCodeHeapSize                   = 6973028                                {pd product} {ergonomic}
    uintx NonProfiledCodeHeapSize                  = 244685212                              {pd product} {ergonomic}
    uintx ProfiledCodeHeapSize                     = 0                                      {pd product} {ergonomic}
    uintx ReservedCodeCacheSize                    = 251658240                              {pd product} {ergonomic}
     bool SegmentedCodeCache                       = true                                      {product} {ergonomic}
     bool ShowCodeDetailsInExceptionMessages       = true                                   {manageable} {command line}
   size_t SoftMaxHeapSize                          = 2065694720                             {manageable} {ergonomic}
     intx TieredStopAtLevel                        = 1                                         {product} {command line}
     bool UseCompressedClassPointers               = true                                 {lp64_product} {ergonomic}
     bool UseCompressedOops                        = true                                 {lp64_product} {ergonomic}
     bool UseG1GC                                  = true                                      {product} {ergonomic}
     bool UseLargePagesIndividualAllocation        = false                                  {pd product} {ergonomic}

Logging:
Log output configuration:
 #0: stdout all=warning uptime,level,tags
 #1: stderr all=off uptime,level,tags

Environment Variables:
JAVA_HOME=C:\Program Files\Java\jdk1.8.0_231\bin
PATH=C:\Users\ADMIN\Downloads\sts-4.9.0.RELEASE\plugins\org.eclipse.justj.openjdk.hotspot.jre.full.win32.x86_64_15.0.1.v20201027-0507\jre\bin;C:/Users/ADMIN/Downloads/sts-4.9.0.RELEASE//plugins/org.eclipse.justj.openjdk.hotspot.jre.full.win32.x86_64_15.0.1.v20201027-0507/jre/bin/server;C:/Users/ADMIN/Downloads/sts-4.9.0.RELEASE//plugins/org.eclipse.justj.openjdk.hotspot.jre.full.win32.x86_64_15.0.1.v20201027-0507/jre/bin;C:\Program Files\Common Files\Oracle\Java\javapath;C:\WINDOWS\system32;C:\WINDOWS;C:\WINDOWS\System32\Wbem;C:\WINDOWS\System32\WindowsPowerShell\v1.0\;C:\WINDOWS\System32\OpenSSH\;C:\Program Files\Java\jdk1.8.0_231\bin;C:\Program Files\Git\cmd;C:\Users\ADMIN\AppData\Local\Microsoft\WindowsApps;C:\Program Files\JetBrains\IntelliJ IDEA Community Edition 2021.3\bin;;C:\Program Files\Java\jdk1.8.0_231\bin;C:\Users\ADMIN\AppData\Local\Programs\Microsoft VS Code\bin;C:\Users\ADMIN\Downloads\sts-4.9.0.RELEASE;
USERNAME=ADMIN
OS=Windows_NT
PROCESSOR_IDENTIFIER=Intel64 Family 6 Model 69 Stepping 1, GenuineIntel



---------------  S Y S T E M  ---------------

OS:
 Windows 10 , 64 bit Build 19041 (10.0.19041.1806)
OS uptime: 5 days 18:53 hours

CPU: total 4 (initial active 4) (2 cores per cpu, 2 threads per core) family 6 model 69 stepping 1 microcode 0x25, cmov, cx8, fxsr, mmx, sse, sse2, sse3, ssse3, sse4.1, sse4.2, popcnt, vzeroupper, avx, avx2, aes, clmul, erms, lzcnt, ht, tsc, tscinvbit, bmi1, bmi2, fma, clflush

Memory: 4k page, system-wide physical 7878M (663M free)
TotalPageFile size 28358M (AvailPageFile size 11261M)
current process WorkingSet (physical memory assigned to process): 69M, peak: 161M
current process commit charge ("private bytes"): 190M, peak: 224M

vm_info: OpenJDK 64-Bit Server VM (15.0.1+9-18) for windows-amd64 JRE (15.0.1+9-18), built on Sep 15 2020 14:39:31 by "mach5one" with unknown MS VC++:1925

END.
